<?xml version="1.0" encoding="UTF-8"?>
<coverage generated="1566850306652" clover="3.2.0">
  <project timestamp="1566850306652" name="All files">
    <metrics statements="3285" coveredstatements="0" conditionals="3154" coveredconditionals="0" methods="1400" coveredmethods="0" elements="7839" coveredelements="0" complexity="0" loc="3285" ncloc="3285" packages="4" files="12" classes="12"/>
    <package name="jdd-pandemia">
      <metrics statements="2" coveredstatements="0" conditionals="0" coveredconditionals="0" methods="0" coveredmethods="0"/>
      <file name="babel.config.js" path="/Users/davidcallizaya/Netbeans/jdd-pandemia/babel.config.js">
        <metrics statements="1" coveredstatements="0" conditionals="0" coveredconditionals="0" methods="0" coveredmethods="0"/>
        <line num="1" count="0" type="stmt"/>
      </file>
      <file name="vue.config.js" path="/Users/davidcallizaya/Netbeans/jdd-pandemia/vue.config.js">
        <metrics statements="1" coveredstatements="0" conditionals="0" coveredconditionals="0" methods="0" coveredmethods="0"/>
        <line num="2" count="0" type="stmt"/>
      </file>
    </package>
    <package name="jdd-pandemia.dist">
      <metrics statements="3143" coveredstatements="0" conditionals="3107" coveredconditionals="0" methods="1351" coveredmethods="0"/>
      <file name="jdd-package.common.js" path="/Users/davidcallizaya/Netbeans/jdd-pandemia/dist/jdd-package.common.js">
        <metrics statements="1567" coveredstatements="0" conditionals="1040" coveredconditionals="0" methods="449" coveredmethods="0"/>
        <line num="1" count="0" type="stmt"/>
        <line num="4" count="0" type="stmt"/>
        <line num="10" count="0" type="cond" truecount="0" falsecount="2"/>
        <line num="11" count="0" type="stmt"/>
        <line num="14" count="0" type="stmt"/>
        <line num="21" count="0" type="stmt"/>
        <line num="24" count="0" type="stmt"/>
        <line num="27" count="0" type="stmt"/>
        <line num="32" count="0" type="stmt"/>
        <line num="35" count="0" type="stmt"/>
        <line num="38" count="0" type="stmt"/>
        <line num="39" count="0" type="cond" truecount="0" falsecount="2"/>
        <line num="40" count="0" type="stmt"/>
        <line num="45" count="0" type="stmt"/>
        <line num="46" count="0" type="cond" truecount="0" falsecount="4"/>
        <line num="47" count="0" type="stmt"/>
        <line num="49" count="0" type="stmt"/>
        <line num="57" count="0" type="stmt"/>
        <line num="58" count="0" type="cond" truecount="0" falsecount="2"/>
        <line num="59" count="0" type="cond" truecount="0" falsecount="2"/>
        <line num="60" count="0" type="cond" truecount="0" falsecount="6"/>
        <line num="61" count="0" type="stmt"/>
        <line num="62" count="0" type="stmt"/>
        <line num="63" count="0" type="stmt"/>
        <line num="64" count="0" type="cond" truecount="0" falsecount="4"/>
        <line num="65" count="0" type="stmt"/>
        <line num="69" count="0" type="stmt"/>
        <line num="70" count="0" type="cond" truecount="0" falsecount="4"/>
        <line num="71" count="0" type="stmt"/>
        <line num="72" count="0" type="stmt"/>
        <line num="73" count="0" type="stmt"/>
        <line num="74" count="0" type="stmt"/>
        <line num="78" count="0" type="stmt"/>
        <line num="81" count="0" type="stmt"/>
        <line num="85" count="0" type="stmt"/>
        <line num="95" count="0" type="stmt"/>
        <line num="96" count="0" type="stmt"/>
        <line num="97" count="0" type="stmt"/>
        <line num="98" count="0" type="stmt"/>
        <line num="99" count="0" type="stmt"/>
        <line num="100" count="0" type="stmt"/>
        <line num="101" count="0" type="stmt"/>
        <line num="102" count="0" type="stmt"/>
        <line num="103" count="0" type="stmt"/>
        <line num="104" count="0" type="cond" truecount="0" falsecount="2"/>
        <line num="105" count="0" type="stmt"/>
        <line num="106" count="0" type="stmt"/>
        <line num="107" count="0" type="stmt"/>
        <line num="109" count="0" type="stmt"/>
        <line num="111" count="0" type="stmt"/>
        <line num="112" count="0" type="stmt"/>
        <line num="113" count="0" type="stmt"/>
        <line num="114" count="0" type="cond" truecount="0" falsecount="4"/>
        <line num="115" count="0" type="cond" truecount="0" falsecount="2"/>
        <line num="116" count="0" type="stmt"/>
        <line num="117" count="0" type="stmt"/>
        <line num="118" count="0" type="stmt"/>
        <line num="120" count="0" type="stmt"/>
        <line num="121" count="0" type="stmt"/>
        <line num="122" count="0" type="stmt"/>
        <line num="123" count="0" type="stmt"/>
        <line num="124" count="0" type="cond" truecount="0" falsecount="4"/>
        <line num="125" count="0" type="cond" truecount="0" falsecount="2"/>
        <line num="126" count="0" type="cond" truecount="0" falsecount="4"/>
        <line num="127" count="0" type="cond" truecount="0" falsecount="4"/>
        <line num="130" count="0" type="cond" truecount="0" falsecount="2"/>
        <line num="131" count="0" type="stmt"/>
        <line num="132" count="0" type="cond" truecount="0" falsecount="4"/>
        <line num="134" count="0" type="stmt"/>
        <line num="136" count="0" type="cond" truecount="0" falsecount="4"/>
        <line num="140" count="0" type="cond" truecount="0" falsecount="5"/>
        <line num="141" count="0" type="stmt"/>
        <line num="142" count="0" type="stmt"/>
        <line num="145" count="0" type="cond" truecount="0" falsecount="7"/>
        <line num="146" count="0" type="stmt"/>
        <line num="149" count="0" type="stmt"/>
        <line num="150" count="0" type="stmt"/>
        <line num="151" count="0" type="cond" truecount="0" falsecount="2"/>
        <line num="152" count="0" type="stmt"/>
        <line num="157" count="0" type="cond" truecount="0" falsecount="2"/>
        <line num="158" count="0" type="cond" truecount="0" falsecount="2"/>
        <line num="159" count="0" type="cond" truecount="0" falsecount="2"/>
        <line num="161" count="0" type="stmt"/>
        <line num="170" count="0" type="stmt"/>
        <line num="171" count="0" type="stmt"/>
        <line num="172" count="0" type="stmt"/>
        <line num="182" count="0" type="stmt"/>
        <line num="183" count="0" type="stmt"/>
        <line num="185" count="0" type="cond" truecount="0" falsecount="2"/>
        <line num="186" count="0" type="stmt"/>
        <line num="195" count="0" type="stmt"/>
        <line num="196" count="0" type="stmt"/>
        <line num="197" count="0" type="stmt"/>
        <line num="198" count="0" type="stmt"/>
        <line num="199" count="0" type="stmt"/>
        <line num="200" count="0" type="cond" truecount="0" falsecount="2"/>
        <line num="209" count="0" type="stmt"/>
        <line num="210" count="0" type="stmt"/>
        <line num="211" count="0" type="stmt"/>
        <line num="212" count="0" type="stmt"/>
        <line num="213" count="0" type="stmt"/>
        <line num="214" count="0" type="stmt"/>
        <line num="215" count="0" type="stmt"/>
        <line num="217" count="0" type="cond" truecount="0" falsecount="2"/>
        <line num="218" count="0" type="stmt"/>
        <line num="219" count="0" type="stmt"/>
        <line num="220" count="0" type="cond" truecount="0" falsecount="2"/>
        <line num="221" count="0" type="stmt"/>
        <line num="223" count="0" type="cond" truecount="0" falsecount="2"/>
        <line num="232" count="0" type="stmt"/>
        <line num="233" count="0" type="stmt"/>
        <line num="234" count="0" type="stmt"/>
        <line num="236" count="0" type="cond" truecount="0" falsecount="2"/>
        <line num="237" count="0" type="stmt"/>
        <line num="238" count="0" type="stmt"/>
        <line num="239" count="0" type="stmt"/>
        <line num="240" count="0" type="stmt"/>
        <line num="242" count="0" type="stmt"/>
        <line num="243" count="0" type="stmt"/>
        <line num="254" count="0" type="stmt"/>
        <line num="257" count="0" type="stmt"/>
        <line num="258" count="0" type="stmt"/>
        <line num="259" count="0" type="stmt"/>
        <line num="262" count="0" type="stmt"/>
        <line num="263" count="0" type="stmt"/>
        <line num="265" count="0" type="cond" truecount="0" falsecount="2"/>
        <line num="266" count="0" type="stmt"/>
        <line num="267" count="0" type="stmt"/>
        <line num="268" count="0" type="stmt"/>
        <line num="278" count="0" type="stmt"/>
        <line num="289" count="0" type="stmt"/>
        <line num="291" count="0" type="stmt"/>
        <line num="300" count="0" type="stmt"/>
        <line num="303" count="0" type="stmt"/>
        <line num="304" count="0" type="cond" truecount="0" falsecount="2"/>
        <line num="306" count="0" type="cond" truecount="0" falsecount="5"/>
        <line num="307" count="0" type="cond" truecount="0" falsecount="4"/>
        <line num="308" count="0" type="cond" truecount="0" falsecount="5"/>
        <line num="309" count="0" type="stmt"/>
        <line num="319" count="0" type="stmt"/>
        <line num="320" count="0" type="stmt"/>
        <line num="328" count="0" type="stmt"/>
        <line num="329" count="0" type="stmt"/>
        <line num="331" count="0" type="cond" truecount="0" falsecount="2"/>
        <line num="332" count="0" type="stmt"/>
        <line num="333" count="0" type="cond" truecount="0" falsecount="2"/>
        <line num="344" count="0" type="stmt"/>
        <line num="345" count="0" type="stmt"/>
        <line num="347" count="0" type="stmt"/>
        <line num="348" count="0" type="cond" truecount="0" falsecount="2"/>
        <line num="349" count="0" type="stmt"/>
        <line num="358" count="0" type="stmt"/>
        <line num="359" count="0" type="stmt"/>
        <line num="361" count="0" type="cond" truecount="0" falsecount="2"/>
        <line num="362" count="0" type="stmt"/>
        <line num="363" count="0" type="cond" truecount="0" falsecount="2"/>
        <line num="373" count="0" type="stmt"/>
        <line num="374" count="0" type="stmt"/>
        <line num="375" count="0" type="stmt"/>
        <line num="384" count="0" type="stmt"/>
        <line num="385" count="0" type="stmt"/>
        <line num="394" count="0" type="stmt"/>
        <line num="395" count="0" type="cond" truecount="0" falsecount="2"/>
        <line num="396" count="0" type="stmt"/>
        <line num="405" count="0" type="stmt"/>
        <line num="413" count="0" type="stmt"/>
        <line num="414" count="0" type="stmt"/>
        <line num="415" count="0" type="stmt"/>
        <line num="417" count="0" type="stmt"/>
        <line num="427" count="0" type="stmt"/>
        <line num="428" count="0" type="stmt"/>
        <line num="429" count="0" type="stmt"/>
        <line num="430" count="0" type="stmt"/>
        <line num="431" count="0" type="stmt"/>
        <line num="432" count="0" type="stmt"/>
        <line num="433" count="0" type="stmt"/>
        <line num="435" count="0" type="stmt"/>
        <line num="436" count="0" type="stmt"/>
        <line num="439" count="0" type="stmt"/>
        <line num="440" count="0" type="stmt"/>
        <line num="441" count="0" type="cond" truecount="0" falsecount="4"/>
        <line num="442" count="0" type="cond" truecount="0" falsecount="2"/>
        <line num="443" count="0" type="cond" truecount="0" falsecount="6"/>
        <line num="444" count="0" type="cond" truecount="0" falsecount="2"/>
        <line num="445" count="0" type="stmt"/>
        <line num="446" count="0" type="cond" truecount="0" falsecount="2"/>
        <line num="447" count="0" type="stmt"/>
        <line num="448" count="0" type="stmt"/>
        <line num="449" count="0" type="cond" truecount="0" falsecount="2"/>
        <line num="450" count="0" type="stmt"/>
        <line num="452" count="0" type="stmt"/>
        <line num="456" count="0" type="cond" truecount="0" falsecount="3"/>
        <line num="466" count="0" type="stmt"/>
        <line num="467" count="0" type="stmt"/>
        <line num="468" count="0" type="stmt"/>
        <line num="469" count="0" type="stmt"/>
        <line num="470" count="0" type="stmt"/>
        <line num="471" count="0" type="stmt"/>
        <line num="474" count="0" type="stmt"/>
        <line num="476" count="0" type="stmt"/>
        <line num="477" count="0" type="stmt"/>
        <line num="478" count="0" type="stmt"/>
        <line num="479" count="0" type="stmt"/>
        <line num="481" count="0" type="stmt"/>
        <line num="482" count="0" type="stmt"/>
        <line num="483" count="0" type="stmt"/>
        <line num="486" count="0" type="stmt"/>
        <line num="487" count="0" type="stmt"/>
        <line num="488" count="0" type="stmt"/>
        <line num="489" count="0" type="stmt"/>
        <line num="490" count="0" type="stmt"/>
        <line num="491" count="0" type="stmt"/>
        <line num="492" count="0" type="stmt"/>
        <line num="495" count="0" type="cond" truecount="0" falsecount="2"/>
        <line num="497" count="0" type="cond" truecount="0" falsecount="2"/>
        <line num="498" count="0" type="stmt"/>
        <line num="499" count="0" type="stmt"/>
        <line num="500" count="0" type="stmt"/>
        <line num="502" count="0" type="stmt"/>
        <line num="503" count="0" type="stmt"/>
        <line num="504" count="0" type="cond" truecount="0" falsecount="2"/>
        <line num="513" count="0" type="stmt"/>
        <line num="514" count="0" type="stmt"/>
        <line num="515" count="0" type="stmt"/>
        <line num="516" count="0" type="stmt"/>
        <line num="518" count="0" type="stmt"/>
        <line num="519" count="0" type="cond" truecount="0" falsecount="2"/>
        <line num="523" count="0" type="stmt"/>
        <line num="531" count="0" type="stmt"/>
        <line num="539" count="0" type="stmt"/>
        <line num="541" count="0" type="stmt"/>
        <line num="542" count="0" type="stmt"/>
        <line num="552" count="0" type="stmt"/>
        <line num="553" count="0" type="stmt"/>
        <line num="554" count="0" type="cond" truecount="0" falsecount="5"/>
        <line num="555" count="0" type="cond" truecount="0" falsecount="2"/>
        <line num="557" count="0" type="cond" truecount="0" falsecount="2"/>
        <line num="559" count="0" type="cond" truecount="0" falsecount="2"/>
        <line num="561" count="0" type="cond" truecount="0" falsecount="2"/>
        <line num="563" count="0" type="cond" truecount="0" falsecount="2"/>
        <line num="565" count="0" type="stmt"/>
        <line num="576" count="0" type="stmt"/>
        <line num="577" count="0" type="stmt"/>
        <line num="578" count="0" type="stmt"/>
        <line num="579" count="0" type="stmt"/>
        <line num="580" count="0" type="stmt"/>
        <line num="581" count="0" type="stmt"/>
        <line num="582" count="0" type="stmt"/>
        <line num="583" count="0" type="stmt"/>
        <line num="584" count="0" type="stmt"/>
        <line num="585" count="0" type="cond" truecount="0" falsecount="2"/>
        <line num="586" count="0" type="stmt"/>
        <line num="587" count="0" type="stmt"/>
        <line num="588" count="0" type="stmt"/>
        <line num="590" count="0" type="stmt"/>
        <line num="592" count="0" type="stmt"/>
        <line num="593" count="0" type="stmt"/>
        <line num="594" count="0" type="stmt"/>
        <line num="595" count="0" type="cond" truecount="0" falsecount="4"/>
        <line num="596" count="0" type="cond" truecount="0" falsecount="2"/>
        <line num="597" count="0" type="stmt"/>
        <line num="598" count="0" type="stmt"/>
        <line num="599" count="0" type="stmt"/>
        <line num="601" count="0" type="stmt"/>
        <line num="602" count="0" type="stmt"/>
        <line num="603" count="0" type="stmt"/>
        <line num="604" count="0" type="stmt"/>
        <line num="605" count="0" type="cond" truecount="0" falsecount="4"/>
        <line num="606" count="0" type="cond" truecount="0" falsecount="2"/>
        <line num="607" count="0" type="cond" truecount="0" falsecount="4"/>
        <line num="608" count="0" type="cond" truecount="0" falsecount="4"/>
        <line num="611" count="0" type="cond" truecount="0" falsecount="2"/>
        <line num="612" count="0" type="stmt"/>
        <line num="613" count="0" type="cond" truecount="0" falsecount="4"/>
        <line num="615" count="0" type="stmt"/>
        <line num="617" count="0" type="cond" truecount="0" falsecount="4"/>
        <line num="621" count="0" type="cond" truecount="0" falsecount="5"/>
        <line num="622" count="0" type="stmt"/>
        <line num="623" count="0" type="stmt"/>
        <line num="626" count="0" type="cond" truecount="0" falsecount="7"/>
        <line num="627" count="0" type="stmt"/>
        <line num="630" count="0" type="stmt"/>
        <line num="631" count="0" type="stmt"/>
        <line num="632" count="0" type="cond" truecount="0" falsecount="2"/>
        <line num="633" count="0" type="stmt"/>
        <line num="638" count="0" type="cond" truecount="0" falsecount="2"/>
        <line num="639" count="0" type="cond" truecount="0" falsecount="2"/>
        <line num="640" count="0" type="cond" truecount="0" falsecount="2"/>
        <line num="642" count="0" type="stmt"/>
        <line num="651" count="0" type="stmt"/>
        <line num="652" count="0" type="stmt"/>
        <line num="653" count="0" type="cond" truecount="0" falsecount="2"/>
        <line num="654" count="0" type="stmt"/>
        <line num="656" count="0" type="stmt"/>
        <line num="657" count="0" type="stmt"/>
        <line num="666" count="0" type="stmt"/>
        <line num="667" count="0" type="cond" truecount="0" falsecount="2"/>
        <line num="676" count="0" type="stmt"/>
        <line num="678" count="0" type="cond" truecount="0" falsecount="2"/>
        <line num="679" count="0" type="cond" truecount="0" falsecount="2"/>
        <line num="688" count="0" type="stmt"/>
        <line num="696" count="0" type="stmt"/>
        <line num="697" count="0" type="stmt"/>
        <line num="698" count="0" type="cond" truecount="0" falsecount="2"/>
        <line num="699" count="0" type="stmt"/>
        <line num="701" count="0" type="stmt"/>
        <line num="702" count="0" type="stmt"/>
        <line num="712" count="0" type="stmt"/>
        <line num="713" count="0" type="stmt"/>
        <line num="714" count="0" type="stmt"/>
        <line num="715" count="0" type="stmt"/>
        <line num="725" count="0" type="stmt"/>
        <line num="726" count="0" type="stmt"/>
        <line num="727" count="0" type="stmt"/>
        <line num="729" count="0" type="stmt"/>
        <line num="730" count="0" type="cond" truecount="0" falsecount="3"/>
        <line num="740" count="0" type="stmt"/>
        <line num="741" count="0" type="stmt"/>
        <line num="742" count="0" type="stmt"/>
        <line num="743" count="0" type="stmt"/>
        <line num="745" count="0" type="cond" truecount="0" falsecount="2"/>
        <line num="746" count="0" type="stmt"/>
        <line num="747" count="0" type="cond" truecount="0" falsecount="2"/>
        <line num="748" count="0" type="cond" truecount="0" falsecount="4"/>
        <line num="749" count="0" type="stmt"/>
        <line num="750" count="0" type="cond" truecount="0" falsecount="2"/>
        <line num="760" count="0" type="stmt"/>
        <line num="761" count="0" type="stmt"/>
        <line num="762" count="0" type="stmt"/>
        <line num="763" count="0" type="cond" truecount="0" falsecount="4"/>
        <line num="773" count="0" type="stmt"/>
        <line num="776" count="0" type="cond" truecount="0" falsecount="18"/>
        <line num="777" count="0" type="stmt"/>
        <line num="783" count="0" type="stmt"/>
        <line num="786" count="0" type="stmt"/>
        <line num="789" count="0" type="stmt"/>
        <line num="792" count="0" type="stmt"/>
        <line num="793" count="0" type="stmt"/>
        <line num="796" count="0" type="stmt"/>
        <line num="799" count="0" type="stmt"/>
        <line num="802" count="0" type="stmt"/>
        <line num="805" count="0" type="stmt"/>
        <line num="806" count="0" type="stmt"/>
        <line num="811" count="0" type="cond" truecount="0" falsecount="2"/>
        <line num="812" count="0" type="stmt"/>
        <line num="819" count="0" type="stmt"/>
        <line num="822" count="0" type="stmt"/>
        <line num="825" count="0" type="stmt"/>
        <line num="828" count="0" type="stmt"/>
        <line num="829" count="0" type="stmt"/>
        <line num="832" count="0" type="stmt"/>
        <line num="833" count="0" type="stmt"/>
        <line num="838" count="0" type="cond" truecount="0" falsecount="2"/>
        <line num="839" count="0" type="stmt"/>
        <line num="840" count="0" type="stmt"/>
        <line num="843" count="0" type="stmt"/>
        <line num="850" count="0" type="cond" truecount="0" falsecount="4"/>
        <line num="851" count="0" type="cond" truecount="0" falsecount="2"/>
        <line num="852" count="0" type="cond" truecount="0" falsecount="2"/>
        <line num="854" count="0" type="stmt"/>
        <line num="855" count="0" type="stmt"/>
        <line num="856" count="0" type="stmt"/>
        <line num="858" count="0" type="stmt"/>
        <line num="863" count="0" type="cond" truecount="0" falsecount="2"/>
        <line num="864" count="0" type="stmt"/>
        <line num="866" count="0" type="stmt"/>
        <line num="867" count="0" type="stmt"/>
        <line num="868" count="0" type="stmt"/>
        <line num="869" count="0" type="stmt"/>
        <line num="870" count="0" type="stmt"/>
        <line num="871" count="0" type="cond" truecount="0" falsecount="2"/>
        <line num="872" count="0" type="stmt"/>
        <line num="876" count="0" type="stmt"/>
        <line num="879" count="0" type="stmt"/>
        <line num="880" count="0" type="stmt"/>
        <line num="885" count="0" type="cond" truecount="0" falsecount="2"/>
        <line num="886" count="0" type="stmt"/>
        <line num="887" count="0" type="stmt"/>
        <line num="890" count="0" type="stmt"/>
        <line num="894" count="0" type="stmt"/>
        <line num="895" count="0" type="stmt"/>
        <line num="898" count="0" type="stmt"/>
        <line num="899" count="0" type="stmt"/>
        <line num="905" count="0" type="cond" truecount="0" falsecount="4"/>
        <line num="909" count="0" type="stmt"/>
        <line num="916" count="0" type="cond" truecount="0" falsecount="3"/>
        <line num="925" count="0" type="stmt"/>
        <line num="926" count="0" type="cond" truecount="0" falsecount="4"/>
        <line num="927" count="0" type="stmt"/>
        <line num="928" count="0" type="stmt"/>
        <line num="929" count="0" type="stmt"/>
        <line num="931" count="0" type="stmt"/>
        <line num="932" count="0" type="stmt"/>
        <line num="933" count="0" type="stmt"/>
        <line num="936" count="0" type="stmt"/>
        <line num="938" count="0" type="stmt"/>
        <line num="939" count="0" type="stmt"/>
        <line num="942" count="0" type="stmt"/>
        <line num="943" count="0" type="stmt"/>
        <line num="944" count="0" type="stmt"/>
        <line num="946" count="0" type="cond" truecount="0" falsecount="2"/>
        <line num="949" count="0" type="stmt"/>
        <line num="958" count="0" type="cond" truecount="0" falsecount="4"/>
        <line num="960" count="0" type="cond" truecount="0" falsecount="6"/>
        <line num="963" count="0" type="stmt"/>
        <line num="965" count="0" type="cond" truecount="0" falsecount="4"/>
        <line num="966" count="0" type="stmt"/>
        <line num="967" count="0" type="stmt"/>
        <line num="968" count="0" type="stmt"/>
        <line num="971" count="0" type="stmt"/>
        <line num="972" count="0" type="stmt"/>
        <line num="975" count="0" type="stmt"/>
        <line num="978" count="0" type="stmt"/>
        <line num="986" count="0" type="cond" truecount="0" falsecount="4"/>
        <line num="988" count="0" type="cond" truecount="0" falsecount="6"/>
        <line num="991" count="0" type="stmt"/>
        <line num="993" count="0" type="stmt"/>
        <line num="995" count="0" type="stmt"/>
        <line num="998" count="0" type="stmt"/>
        <line num="1001" count="0" type="stmt"/>
        <line num="1003" count="0" type="stmt"/>
        <line num="1008" count="0" type="stmt"/>
        <line num="1010" count="0" type="stmt"/>
        <line num="1012" count="0" type="cond" truecount="0" falsecount="4"/>
        <line num="1013" count="0" type="cond" truecount="0" falsecount="4"/>
        <line num="1014" count="0" type="cond" truecount="0" falsecount="4"/>
        <line num="1015" count="0" type="stmt"/>
        <line num="1016" count="0" type="stmt"/>
        <line num="1017" count="0" type="stmt"/>
        <line num="1019" count="0" type="cond" truecount="0" falsecount="2"/>
        <line num="1020" count="0" type="stmt"/>
        <line num="1025" count="0" type="cond" truecount="0" falsecount="4"/>
        <line num="1026" count="0" type="cond" truecount="0" falsecount="4"/>
        <line num="1027" count="0" type="stmt"/>
        <line num="1028" count="0" type="cond" truecount="0" falsecount="2"/>
        <line num="1031" count="0" type="cond" truecount="0" falsecount="2"/>
        <line num="1032" count="0" type="stmt"/>
        <line num="1033" count="0" type="stmt"/>
        <line num="1035" count="0" type="cond" truecount="0" falsecount="2"/>
        <line num="1036" count="0" type="stmt"/>
        <line num="1042" count="0" type="stmt"/>
        <line num="1044" count="0" type="cond" truecount="0" falsecount="4"/>
        <line num="1045" count="0" type="cond" truecount="0" falsecount="4"/>
        <line num="1046" count="0" type="stmt"/>
        <line num="1047" count="0" type="stmt"/>
        <line num="1048" count="0" type="stmt"/>
        <line num="1049" count="0" type="stmt"/>
        <line num="1050" count="0" type="stmt"/>
        <line num="1051" count="0" type="stmt"/>
        <line num="1052" count="0" type="stmt"/>
        <line num="1053" count="0" type="stmt"/>
        <line num="1055" count="0" type="stmt"/>
        <line num="1056" count="0" type="stmt"/>
        <line num="1058" count="0" type="stmt"/>
        <line num="1059" count="0" type="stmt"/>
        <line num="1061" count="0" type="cond" truecount="0" falsecount="2"/>
        <line num="1062" count="0" type="cond" truecount="0" falsecount="2"/>
        <line num="1063" count="0" type="stmt"/>
        <line num="1065" count="0" type="stmt"/>
        <line num="1070" count="0" type="cond" truecount="0" falsecount="2"/>
        <line num="1071" count="0" type="cond" truecount="0" falsecount="2"/>
        <line num="1072" count="0" type="stmt"/>
        <line num="1075" count="0" type="stmt"/>
        <line num="1076" count="0" type="stmt"/>
        <line num="1077" count="0" type="stmt"/>
        <line num="1078" count="0" type="stmt"/>
        <line num="1080" count="0" type="stmt"/>
        <line num="1081" count="0" type="stmt"/>
        <line num="1082" count="0" type="stmt"/>
        <line num="1083" count="0" type="stmt"/>
        <line num="1084" count="0" type="stmt"/>
        <line num="1085" count="0" type="stmt"/>
        <line num="1086" count="0" type="stmt"/>
        <line num="1087" count="0" type="stmt"/>
        <line num="1091" count="0" type="stmt"/>
        <line num="1092" count="0" type="stmt"/>
        <line num="1094" count="0" type="cond" truecount="0" falsecount="2"/>
        <line num="1098" count="0" type="stmt"/>
        <line num="1101" count="0" type="stmt"/>
        <line num="1193" count="0" type="stmt"/>
        <line num="1197" count="0" type="stmt"/>
        <line num="1220" count="0" type="stmt"/>
        <line num="1221" count="0" type="stmt"/>
        <line num="1225" count="0" type="stmt"/>
        <line num="1228" count="0" type="stmt"/>
        <line num="1231" count="0" type="stmt"/>
        <line num="1232" count="0" type="stmt"/>
        <line num="1238" count="0" type="stmt"/>
        <line num="1241" count="0" type="stmt"/>
        <line num="1244" count="0" type="stmt"/>
        <line num="1247" count="0" type="cond" truecount="0" falsecount="2"/>
        <line num="1248" count="0" type="stmt"/>
        <line num="1252" count="0" type="stmt"/>
        <line num="1253" count="0" type="stmt"/>
        <line num="1254" count="0" type="stmt"/>
        <line num="1255" count="0" type="stmt"/>
        <line num="1256" count="0" type="stmt"/>
        <line num="1257" count="0" type="stmt"/>
        <line num="1258" count="0" type="stmt"/>
        <line num="1261" count="0" type="cond" truecount="0" falsecount="2"/>
        <line num="1262" count="0" type="stmt"/>
        <line num="1265" count="0" type="cond" truecount="0" falsecount="2"/>
        <line num="1268" count="0" type="cond" truecount="0" falsecount="2"/>
        <line num="1269" count="0" type="stmt"/>
        <line num="1272" count="0" type="stmt"/>
        <line num="1273" count="0" type="stmt"/>
        <line num="1274" count="0" type="stmt"/>
        <line num="1275" count="0" type="stmt"/>
        <line num="1278" count="0" type="cond" truecount="0" falsecount="2"/>
        <line num="1279" count="0" type="stmt"/>
        <line num="1282" count="0" type="cond" truecount="0" falsecount="4"/>
        <line num="1283" count="0" type="stmt"/>
        <line num="1284" count="0" type="stmt"/>
        <line num="1287" count="0" type="stmt"/>
        <line num="1288" count="0" type="stmt"/>
        <line num="1291" count="0" type="cond" truecount="0" falsecount="4"/>
        <line num="1292" count="0" type="stmt"/>
        <line num="1293" count="0" type="stmt"/>
        <line num="1296" count="0" type="stmt"/>
        <line num="1297" count="0" type="stmt"/>
        <line num="1298" count="0" type="stmt"/>
        <line num="1299" count="0" type="stmt"/>
        <line num="1300" count="0" type="stmt"/>
        <line num="1301" count="0" type="stmt"/>
        <line num="1302" count="0" type="stmt"/>
        <line num="1303" count="0" type="stmt"/>
        <line num="1308" count="0" type="stmt"/>
        <line num="1310" count="0" type="stmt"/>
        <line num="1313" count="0" type="cond" truecount="0" falsecount="2"/>
        <line num="1314" count="0" type="stmt"/>
        <line num="1317" count="0" type="stmt"/>
        <line num="1318" count="0" type="cond" truecount="0" falsecount="2"/>
        <line num="1319" count="0" type="stmt"/>
        <line num="1323" count="0" type="stmt"/>
        <line num="1325" count="0" type="stmt"/>
        <line num="1326" count="0" type="cond" truecount="0" falsecount="2"/>
        <line num="1327" count="0" type="stmt"/>
        <line num="1328" count="0" type="stmt"/>
        <line num="1330" count="0" type="stmt"/>
        <line num="1331" count="0" type="stmt"/>
        <line num="1335" count="0" type="stmt"/>
        <line num="1336" count="0" type="stmt"/>
        <line num="1338" count="0" type="stmt"/>
        <line num="1339" count="0" type="cond" truecount="0" falsecount="2"/>
        <line num="1345" count="0" type="stmt"/>
        <line num="1364" count="0" type="cond" truecount="0" falsecount="2"/>
        <line num="1369" count="0" type="cond" truecount="0" falsecount="2"/>
        <line num="1370" count="0" type="stmt"/>
        <line num="1371" count="0" type="stmt"/>
        <line num="1372" count="0" type="stmt"/>
        <line num="1376" count="0" type="cond" truecount="0" falsecount="2"/>
        <line num="1377" count="0" type="stmt"/>
        <line num="1381" count="0" type="cond" truecount="0" falsecount="2"/>
        <line num="1382" count="0" type="stmt"/>
        <line num="1386" count="0" type="cond" truecount="0" falsecount="2"/>
        <line num="1387" count="0" type="stmt"/>
        <line num="1389" count="0" type="stmt"/>
        <line num="1394" count="0" type="cond" truecount="0" falsecount="4"/>
        <line num="1395" count="0" type="stmt"/>
        <line num="1398" count="0" type="cond" truecount="0" falsecount="2"/>
        <line num="1399" count="0" type="stmt"/>
        <line num="1402" count="0" type="cond" truecount="0" falsecount="4"/>
        <line num="1403" count="0" type="stmt"/>
        <line num="1408" count="0" type="stmt"/>
        <line num="1409" count="0" type="cond" truecount="0" falsecount="2"/>
        <line num="1410" count="0" type="cond" truecount="0" falsecount="2"/>
        <line num="1411" count="0" type="stmt"/>
        <line num="1415" count="0" type="cond" truecount="0" falsecount="2"/>
        <line num="1416" count="0" type="cond" truecount="0" falsecount="2"/>
        <line num="1419" count="0" type="stmt"/>
        <line num="1421" count="0" type="stmt"/>
        <line num="1422" count="0" type="stmt"/>
        <line num="1423" count="0" type="stmt"/>
        <line num="1424" count="0" type="stmt"/>
        <line num="1428" count="0" type="stmt"/>
        <line num="1429" count="0" type="cond" truecount="0" falsecount="2"/>
        <line num="1435" count="0" type="stmt"/>
        <line num="1449" count="0" type="stmt"/>
        <line num="1460" count="0" type="stmt"/>
        <line num="1468" count="0" type="stmt"/>
        <line num="1469" count="0" type="stmt"/>
        <line num="1471" count="0" type="stmt"/>
        <line num="1474" count="0" type="stmt"/>
        <line num="1475" count="0" type="stmt"/>
        <line num="1476" count="0" type="stmt"/>
        <line num="1480" count="0" type="stmt"/>
        <line num="1482" count="0" type="cond" truecount="0" falsecount="4"/>
        <line num="1499" count="0" type="stmt"/>
        <line num="1500" count="0" type="stmt"/>
        <line num="1501" count="0" type="stmt"/>
        <line num="1502" count="0" type="stmt"/>
        <line num="1505" count="0" type="stmt"/>
        <line num="1507" count="0" type="stmt"/>
        <line num="1508" count="0" type="stmt"/>
        <line num="1509" count="0" type="stmt"/>
        <line num="1518" count="0" type="stmt"/>
        <line num="1519" count="0" type="stmt"/>
        <line num="1520" count="0" type="stmt"/>
        <line num="1521" count="0" type="stmt"/>
        <line num="1531" count="0" type="stmt"/>
        <line num="1532" count="0" type="stmt"/>
        <line num="1534" count="0" type="stmt"/>
        <line num="1535" count="0" type="stmt"/>
        <line num="1536" count="0" type="stmt"/>
        <line num="1547" count="0" type="stmt"/>
        <line num="1548" count="0" type="stmt"/>
        <line num="1549" count="0" type="stmt"/>
        <line num="1550" count="0" type="cond" truecount="0" falsecount="4"/>
        <line num="1559" count="0" type="stmt"/>
        <line num="1560" count="0" type="stmt"/>
        <line num="1561" count="0" type="stmt"/>
        <line num="1563" count="0" type="stmt"/>
        <line num="1564" count="0" type="cond" truecount="0" falsecount="6"/>
        <line num="1573" count="0" type="stmt"/>
        <line num="1574" count="0" type="stmt"/>
        <line num="1588" count="0" type="stmt"/>
        <line num="1590" count="0" type="stmt"/>
        <line num="1598" count="0" type="stmt"/>
        <line num="1607" count="0" type="stmt"/>
        <line num="1608" count="0" type="stmt"/>
        <line num="1609" count="0" type="stmt"/>
        <line num="1618" count="0" type="stmt"/>
        <line num="1625" count="0" type="stmt"/>
        <line num="1626" count="0" type="stmt"/>
        <line num="1628" count="0" type="stmt"/>
        <line num="1629" count="0" type="stmt"/>
        <line num="1630" count="0" type="stmt"/>
        <line num="1632" count="0" type="stmt"/>
        <line num="1635" count="0" type="stmt"/>
        <line num="1636" count="0" type="cond" truecount="0" falsecount="4"/>
        <line num="1637" count="0" type="stmt"/>
        <line num="1638" count="0" type="stmt"/>
        <line num="1639" count="0" type="stmt"/>
        <line num="1640" count="0" type="stmt"/>
        <line num="1641" count="0" type="stmt"/>
        <line num="1642" count="0" type="stmt"/>
        <line num="1643" count="0" type="stmt"/>
        <line num="1645" count="0" type="stmt"/>
        <line num="1654" count="0" type="stmt"/>
        <line num="1655" count="0" type="stmt"/>
        <line num="1664" count="0" type="cond" truecount="0" falsecount="5"/>
        <line num="1667" count="0" type="stmt"/>
        <line num="1671" count="0" type="stmt"/>
        <line num="1672" count="0" type="stmt"/>
        <line num="1674" count="0" type="stmt"/>
        <line num="1675" count="0" type="stmt"/>
        <line num="1677" count="0" type="stmt"/>
        <line num="1679" count="0" type="cond" truecount="0" falsecount="2"/>
        <line num="1680" count="0" type="stmt"/>
        <line num="1685" count="0" type="stmt"/>
        <line num="1686" count="0" type="stmt"/>
        <line num="1688" count="0" type="stmt"/>
        <line num="1689" count="0" type="stmt"/>
        <line num="1690" count="0" type="stmt"/>
        <line num="1694" count="0" type="stmt"/>
        <line num="1695" count="0" type="stmt"/>
        <line num="1696" count="0" type="stmt"/>
        <line num="1699" count="0" type="stmt"/>
        <line num="1700" count="0" type="stmt"/>
        <line num="1701" count="0" type="stmt"/>
        <line num="1704" count="0" type="stmt"/>
        <line num="1705" count="0" type="stmt"/>
        <line num="1707" count="0" type="stmt"/>
        <line num="1708" count="0" type="cond" truecount="0" falsecount="2"/>
        <line num="1709" count="0" type="stmt"/>
        <line num="1710" count="0" type="cond" truecount="0" falsecount="2"/>
        <line num="1711" count="0" type="stmt"/>
        <line num="1717" count="0" type="stmt"/>
        <line num="1721" count="0" type="cond" truecount="0" falsecount="6"/>
        <line num="1724" count="0" type="cond" truecount="0" falsecount="6"/>
        <line num="1735" count="0" type="stmt"/>
        <line num="1736" count="0" type="stmt"/>
        <line num="1737" count="0" type="stmt"/>
        <line num="1738" count="0" type="stmt"/>
        <line num="1740" count="0" type="stmt"/>
        <line num="1741" count="0" type="cond" truecount="0" falsecount="2"/>
        <line num="1745" count="0" type="stmt"/>
        <line num="1753" count="0" type="stmt"/>
        <line num="1762" count="0" type="stmt"/>
        <line num="1763" count="0" type="stmt"/>
        <line num="1764" count="0" type="stmt"/>
        <line num="1765" count="0" type="stmt"/>
        <line num="1767" count="0" type="cond" truecount="0" falsecount="2"/>
        <line num="1768" count="0" type="stmt"/>
        <line num="1769" count="0" type="cond" truecount="0" falsecount="2"/>
        <line num="1770" count="0" type="cond" truecount="0" falsecount="4"/>
        <line num="1771" count="0" type="stmt"/>
        <line num="1772" count="0" type="cond" truecount="0" falsecount="2"/>
        <line num="1783" count="0" type="stmt"/>
        <line num="1784" count="0" type="stmt"/>
        <line num="1785" count="0" type="stmt"/>
        <line num="1786" count="0" type="stmt"/>
        <line num="1787" count="0" type="stmt"/>
        <line num="1788" count="0" type="stmt"/>
        <line num="1789" count="0" type="stmt"/>
        <line num="1790" count="0" type="stmt"/>
        <line num="1792" count="0" type="stmt"/>
        <line num="1795" count="0" type="stmt"/>
        <line num="1796" count="0" type="cond" truecount="0" falsecount="2"/>
        <line num="1797" count="0" type="stmt"/>
        <line num="1798" count="0" type="cond" truecount="0" falsecount="2"/>
        <line num="1799" count="0" type="stmt"/>
        <line num="1800" count="0" type="stmt"/>
        <line num="1801" count="0" type="stmt"/>
        <line num="1803" count="0" type="cond" truecount="0" falsecount="4"/>
        <line num="1805" count="0" type="cond" truecount="0" falsecount="6"/>
        <line num="1806" count="0" type="stmt"/>
        <line num="1807" count="0" type="cond" truecount="0" falsecount="2"/>
        <line num="1810" count="0" type="stmt"/>
        <line num="1811" count="0" type="stmt"/>
        <line num="1812" count="0" type="cond" truecount="0" falsecount="2"/>
        <line num="1815" count="0" type="stmt"/>
        <line num="1816" count="0" type="stmt"/>
        <line num="1826" count="0" type="stmt"/>
        <line num="1827" count="0" type="stmt"/>
        <line num="1828" count="0" type="stmt"/>
        <line num="1836" count="0" type="stmt"/>
        <line num="1837" count="0" type="stmt"/>
        <line num="1838" count="0" type="stmt"/>
        <line num="1839" count="0" type="cond" truecount="0" falsecount="2"/>
        <line num="1841" count="0" type="stmt"/>
        <line num="1842" count="0" type="cond" truecount="0" falsecount="4"/>
        <line num="1855" count="0" type="stmt"/>
        <line num="1856" count="0" type="stmt"/>
        <line num="1857" count="0" type="stmt"/>
        <line num="1858" count="0" type="cond" truecount="0" falsecount="2"/>
        <line num="1867" count="0" type="stmt"/>
        <line num="1868" count="0" type="cond" truecount="0" falsecount="2"/>
        <line num="1878" count="0" type="stmt"/>
        <line num="1879" count="0" type="stmt"/>
        <line num="1880" count="0" type="stmt"/>
        <line num="1881" count="0" type="stmt"/>
        <line num="1882" count="0" type="stmt"/>
        <line num="1883" count="0" type="stmt"/>
        <line num="1884" count="0" type="stmt"/>
        <line num="1885" count="0" type="stmt"/>
        <line num="1889" count="0" type="cond" truecount="0" falsecount="4"/>
        <line num="1890" count="0" type="stmt"/>
        <line num="1892" count="0" type="cond" truecount="0" falsecount="2"/>
        <line num="1894" count="0" type="cond" truecount="0" falsecount="4"/>
        <line num="1895" count="0" type="cond" truecount="0" falsecount="5"/>
        <line num="1896" count="0" type="cond" truecount="0" falsecount="2"/>
        <line num="1906" count="0" type="stmt"/>
        <line num="1907" count="0" type="stmt"/>
        <line num="1908" count="0" type="stmt"/>
        <line num="1909" count="0" type="stmt"/>
        <line num="1910" count="0" type="stmt"/>
        <line num="1911" count="0" type="stmt"/>
        <line num="1913" count="0" type="stmt"/>
        <line num="1914" count="0" type="stmt"/>
        <line num="1915" count="0" type="stmt"/>
        <line num="1916" count="0" type="stmt"/>
        <line num="1917" count="0" type="stmt"/>
        <line num="1918" count="0" type="stmt"/>
        <line num="1919" count="0" type="cond" truecount="0" falsecount="8"/>
        <line num="1920" count="0" type="cond" truecount="0" falsecount="4"/>
        <line num="1921" count="0" type="cond" truecount="0" falsecount="2"/>
        <line num="1923" count="0" type="cond" truecount="0" falsecount="2"/>
        <line num="1924" count="0" type="stmt"/>
        <line num="1926" count="0" type="cond" truecount="0" falsecount="3"/>
        <line num="1928" count="0" type="cond" truecount="0" falsecount="2"/>
        <line num="1930" count="0" type="cond" truecount="0" falsecount="8"/>
        <line num="1932" count="0" type="cond" truecount="0" falsecount="2"/>
        <line num="1934" count="0" type="cond" truecount="0" falsecount="2"/>
        <line num="1935" count="0" type="cond" truecount="0" falsecount="4"/>
        <line num="1938" count="0" type="stmt"/>
        <line num="1940" count="0" type="stmt"/>
        <line num="1941" count="0" type="stmt"/>
        <line num="1942" count="0" type="stmt"/>
        <line num="1943" count="0" type="stmt"/>
        <line num="1944" count="0" type="stmt"/>
        <line num="1945" count="0" type="stmt"/>
        <line num="1946" count="0" type="stmt"/>
        <line num="1947" count="0" type="stmt"/>
        <line num="1948" count="0" type="stmt"/>
        <line num="1957" count="0" type="stmt"/>
        <line num="1958" count="0" type="stmt"/>
        <line num="1959" count="0" type="stmt"/>
        <line num="1960" count="0" type="stmt"/>
        <line num="1961" count="0" type="cond" truecount="0" falsecount="4"/>
        <line num="1962" count="0" type="stmt"/>
        <line num="1963" count="0" type="stmt"/>
        <line num="1964" count="0" type="stmt"/>
        <line num="1973" count="0" type="stmt"/>
        <line num="1976" count="0" type="cond" truecount="0" falsecount="2"/>
        <line num="1977" count="0" type="stmt"/>
        <line num="1980" count="0" type="stmt"/>
        <line num="1981" count="0" type="stmt"/>
        <line num="1982" count="0" type="stmt"/>
        <line num="1983" count="0" type="stmt"/>
        <line num="1988" count="0" type="cond" truecount="0" falsecount="2"/>
        <line num="1989" count="0" type="stmt"/>
        <line num="1992" count="0" type="stmt"/>
        <line num="1993" count="0" type="stmt"/>
        <line num="1994" count="0" type="stmt"/>
        <line num="1997" count="0" type="stmt"/>
        <line num="1998" count="0" type="stmt"/>
        <line num="1999" count="0" type="stmt"/>
        <line num="2000" count="0" type="stmt"/>
        <line num="2004" count="0" type="stmt"/>
        <line num="2008" count="0" type="stmt"/>
        <line num="2009" count="0" type="stmt"/>
        <line num="2010" count="0" type="cond" truecount="0" falsecount="5"/>
        <line num="2012" count="0" type="stmt"/>
        <line num="2013" count="0" type="stmt"/>
        <line num="2015" count="0" type="stmt"/>
        <line num="2016" count="0" type="stmt"/>
        <line num="2018" count="0" type="stmt"/>
        <line num="2019" count="0" type="stmt"/>
        <line num="2021" count="0" type="stmt"/>
        <line num="2022" count="0" type="stmt"/>
        <line num="2024" count="0" type="stmt"/>
        <line num="2025" count="0" type="stmt"/>
        <line num="2032" count="0" type="cond" truecount="0" falsecount="2"/>
        <line num="2035" count="0" type="stmt"/>
        <line num="2037" count="0" type="stmt"/>
        <line num="2038" count="0" type="cond" truecount="0" falsecount="2"/>
        <line num="2039" count="0" type="stmt"/>
        <line num="2040" count="0" type="stmt"/>
        <line num="2041" count="0" type="stmt"/>
        <line num="2043" count="0" type="stmt"/>
        <line num="2044" count="0" type="stmt"/>
        <line num="2051" count="0" type="stmt"/>
        <line num="2052" count="0" type="stmt"/>
        <line num="2059" count="0" type="cond" truecount="0" falsecount="4"/>
        <line num="2060" count="0" type="stmt"/>
        <line num="2061" count="0" type="stmt"/>
        <line num="2062" count="0" type="stmt"/>
        <line num="2063" count="0" type="stmt"/>
        <line num="2065" count="0" type="stmt"/>
        <line num="2066" count="0" type="stmt"/>
        <line num="2067" count="0" type="stmt"/>
        <line num="2076" count="0" type="stmt"/>
        <line num="2077" count="0" type="stmt"/>
        <line num="2078" count="0" type="cond" truecount="0" falsecount="5"/>
        <line num="2081" count="0" type="stmt"/>
        <line num="2085" count="0" type="cond" truecount="0" falsecount="2"/>
        <line num="2086" count="0" type="stmt"/>
        <line num="2088" count="0" type="stmt"/>
        <line num="2091" count="0" type="stmt"/>
        <line num="2092" count="0" type="stmt"/>
        <line num="2097" count="0" type="stmt"/>
        <line num="2098" count="0" type="stmt"/>
        <line num="2099" count="0" type="stmt"/>
        <line num="2100" count="0" type="stmt"/>
        <line num="2103" count="0" type="stmt"/>
        <line num="2104" count="0" type="stmt"/>
        <line num="2109" count="0" type="stmt"/>
        <line num="2110" count="0" type="stmt"/>
        <line num="2113" count="0" type="stmt"/>
        <line num="2114" count="0" type="stmt"/>
        <line num="2115" count="0" type="stmt"/>
        <line num="2116" count="0" type="stmt"/>
        <line num="2117" count="0" type="stmt"/>
        <line num="2118" count="0" type="stmt"/>
        <line num="2120" count="0" type="stmt"/>
        <line num="2125" count="0" type="stmt"/>
        <line num="2126" count="0" type="stmt"/>
        <line num="2131" count="0" type="cond" truecount="0" falsecount="2"/>
        <line num="2132" count="0" type="cond" truecount="0" falsecount="4"/>
        <line num="2135" count="0" type="cond" truecount="0" falsecount="2"/>
        <line num="2137" count="0" type="stmt"/>
        <line num="2139" count="0" type="cond" truecount="0" falsecount="2"/>
        <line num="2141" count="0" type="stmt"/>
        <line num="2143" count="0" type="cond" truecount="0" falsecount="2"/>
        <line num="2145" count="0" type="stmt"/>
        <line num="2147" count="0" type="cond" truecount="0" falsecount="4"/>
        <line num="2149" count="0" type="stmt"/>
        <line num="2153" count="0" type="stmt"/>
        <line num="2156" count="0" type="stmt"/>
        <line num="2157" count="0" type="stmt"/>
        <line num="2167" count="0" type="stmt"/>
        <line num="2168" count="0" type="stmt"/>
        <line num="2169" count="0" type="stmt"/>
        <line num="2170" count="0" type="cond" truecount="0" falsecount="2"/>
        <line num="2180" count="0" type="stmt"/>
        <line num="2182" count="0" type="cond" truecount="0" falsecount="2"/>
        <line num="2183" count="0" type="cond" truecount="0" falsecount="2"/>
        <line num="2192" count="0" type="stmt"/>
        <line num="2193" count="0" type="stmt"/>
        <line num="2194" count="0" type="stmt"/>
        <line num="2195" count="0" type="cond" truecount="0" falsecount="2"/>
        <line num="2204" count="0" type="stmt"/>
        <line num="2205" count="0" type="stmt"/>
        <line num="2206" count="0" type="stmt"/>
        <line num="2207" count="0" type="stmt"/>
        <line num="2208" count="0" type="stmt"/>
        <line num="2209" count="0" type="stmt"/>
        <line num="2211" count="0" type="stmt"/>
        <line num="2212" count="0" type="stmt"/>
        <line num="2213" count="0" type="stmt"/>
        <line num="2214" count="0" type="stmt"/>
        <line num="2215" count="0" type="stmt"/>
        <line num="2216" count="0" type="stmt"/>
        <line num="2217" count="0" type="stmt"/>
        <line num="2218" count="0" type="cond" truecount="0" falsecount="4"/>
        <line num="2219" count="0" type="stmt"/>
        <line num="2220" count="0" type="cond" truecount="0" falsecount="6"/>
        <line num="2222" count="0" type="cond" truecount="0" falsecount="2"/>
        <line num="2223" count="0" type="stmt"/>
        <line num="2225" count="0" type="cond" truecount="0" falsecount="3"/>
        <line num="2226" count="0" type="cond" truecount="0" falsecount="4"/>
        <line num="2228" count="0" type="cond" truecount="0" falsecount="2"/>
        <line num="2230" count="0" type="cond" truecount="0" falsecount="4"/>
        <line num="2235" count="0" type="stmt"/>
        <line num="2236" count="0" type="cond" truecount="0" falsecount="2"/>
        <line num="2237" count="0" type="cond" truecount="0" falsecount="3"/>
        <line num="2238" count="0" type="stmt"/>
        <line num="2239" count="0" type="stmt"/>
        <line num="2240" count="0" type="stmt"/>
        <line num="2241" count="0" type="stmt"/>
        <line num="2242" count="0" type="stmt"/>
        <line num="2244" count="0" type="stmt"/>
        <line num="2245" count="0" type="stmt"/>
        <line num="2249" count="0" type="cond" truecount="0" falsecount="2"/>
        <line num="2250" count="0" type="cond" truecount="0" falsecount="2"/>
        <line num="2252" count="0" type="cond" truecount="0" falsecount="5"/>
        <line num="2257" count="0" type="stmt"/>
        <line num="2258" count="0" type="stmt"/>
        <line num="2259" count="0" type="stmt"/>
        <line num="2260" count="0" type="stmt"/>
        <line num="2261" count="0" type="stmt"/>
        <line num="2262" count="0" type="stmt"/>
        <line num="2263" count="0" type="stmt"/>
        <line num="2264" count="0" type="stmt"/>
        <line num="2265" count="0" type="stmt"/>
        <line num="2274" count="0" type="stmt"/>
        <line num="2275" count="0" type="stmt"/>
        <line num="2276" count="0" type="stmt"/>
        <line num="2277" count="0" type="stmt"/>
        <line num="2286" count="0" type="stmt"/>
        <line num="2287" count="0" type="stmt"/>
        <line num="2288" count="0" type="stmt"/>
        <line num="2298" count="0" type="stmt"/>
        <line num="2301" count="0" type="stmt"/>
        <line num="2302" count="0" type="cond" truecount="0" falsecount="2"/>
        <line num="2304" count="0" type="cond" truecount="0" falsecount="5"/>
        <line num="2305" count="0" type="cond" truecount="0" falsecount="4"/>
        <line num="2306" count="0" type="cond" truecount="0" falsecount="5"/>
        <line num="2307" count="0" type="stmt"/>
        <line num="2316" count="0" type="stmt"/>
        <line num="2322" count="0" type="stmt"/>
        <line num="2323" count="0" type="stmt"/>
        <line num="2326" count="0" type="cond" truecount="0" falsecount="2"/>
        <line num="2327" count="0" type="stmt"/>
        <line num="2328" count="0" type="stmt"/>
        <line num="2329" count="0" type="stmt"/>
        <line num="2331" count="0" type="stmt"/>
        <line num="2333" count="0" type="stmt"/>
        <line num="2334" count="0" type="stmt"/>
        <line num="2336" count="0" type="stmt"/>
        <line num="2337" count="0" type="stmt"/>
        <line num="2338" count="0" type="stmt"/>
        <line num="2345" count="0" type="stmt"/>
        <line num="2347" count="0" type="stmt"/>
        <line num="2348" count="0" type="stmt"/>
        <line num="2357" count="0" type="stmt"/>
        <line num="2358" count="0" type="stmt"/>
        <line num="2359" count="0" type="stmt"/>
        <line num="2360" count="0" type="stmt"/>
        <line num="2361" count="0" type="stmt"/>
        <line num="2363" count="0" type="stmt"/>
        <line num="2369" count="0" type="stmt"/>
        <line num="2370" count="0" type="stmt"/>
        <line num="2371" count="0" type="stmt"/>
        <line num="2372" count="0" type="cond" truecount="0" falsecount="2"/>
        <line num="2373" count="0" type="cond" truecount="0" falsecount="4"/>
        <line num="2374" count="0" type="stmt"/>
        <line num="2383" count="0" type="stmt"/>
        <line num="2384" count="0" type="stmt"/>
        <line num="2387" count="0" type="stmt"/>
        <line num="2388" count="0" type="stmt"/>
        <line num="2389" count="0" type="stmt"/>
        <line num="2390" count="0" type="stmt"/>
        <line num="2391" count="0" type="stmt"/>
        <line num="2393" count="0" type="cond" truecount="0" falsecount="6"/>
        <line num="2394" count="0" type="stmt"/>
        <line num="2395" count="0" type="cond" truecount="0" falsecount="7"/>
        <line num="2410" count="0" type="stmt"/>
        <line num="2411" count="0" type="stmt"/>
        <line num="2412" count="0" type="stmt"/>
        <line num="2413" count="0" type="stmt"/>
        <line num="2414" count="0" type="stmt"/>
        <line num="2415" count="0" type="stmt"/>
        <line num="2416" count="0" type="stmt"/>
        <line num="2419" count="0" type="cond" truecount="0" falsecount="4"/>
        <line num="2420" count="0" type="stmt"/>
        <line num="2421" count="0" type="stmt"/>
        <line num="2423" count="0" type="stmt"/>
        <line num="2424" count="0" type="stmt"/>
        <line num="2425" count="0" type="stmt"/>
        <line num="2426" count="0" type="stmt"/>
        <line num="2427" count="0" type="cond" truecount="0" falsecount="2"/>
        <line num="2429" count="0" type="stmt"/>
        <line num="2430" count="0" type="stmt"/>
        <line num="2431" count="0" type="stmt"/>
        <line num="2432" count="0" type="stmt"/>
        <line num="2433" count="0" type="stmt"/>
        <line num="2434" count="0" type="stmt"/>
        <line num="2435" count="0" type="stmt"/>
        <line num="2436" count="0" type="cond" truecount="0" falsecount="2"/>
        <line num="2437" count="0" type="stmt"/>
        <line num="2438" count="0" type="stmt"/>
        <line num="2440" count="0" type="stmt"/>
        <line num="2441" count="0" type="stmt"/>
        <line num="2442" count="0" type="cond" truecount="0" falsecount="4"/>
        <line num="2444" count="0" type="stmt"/>
        <line num="2454" count="0" type="stmt"/>
        <line num="2455" count="0" type="stmt"/>
        <line num="2456" count="0" type="stmt"/>
        <line num="2457" count="0" type="stmt"/>
        <line num="2458" count="0" type="stmt"/>
        <line num="2459" count="0" type="stmt"/>
        <line num="2460" count="0" type="stmt"/>
        <line num="2461" count="0" type="cond" truecount="0" falsecount="2"/>
        <line num="2465" count="0" type="stmt"/>
        <line num="2467" count="0" type="stmt"/>
        <line num="2469" count="0" type="stmt"/>
        <line num="2470" count="0" type="stmt"/>
        <line num="2473" count="0" type="cond" truecount="0" falsecount="2"/>
        <line num="2475" count="0" type="stmt"/>
        <line num="2476" count="0" type="stmt"/>
        <line num="2477" count="0" type="cond" truecount="0" falsecount="2"/>
        <line num="2478" count="0" type="cond" truecount="0" falsecount="4"/>
        <line num="2479" count="0" type="cond" truecount="0" falsecount="2"/>
        <line num="2481" count="0" type="cond" truecount="0" falsecount="5"/>
        <line num="2482" count="0" type="stmt"/>
        <line num="2483" count="0" type="stmt"/>
        <line num="2484" count="0" type="stmt"/>
        <line num="2485" count="0" type="stmt"/>
        <line num="2486" count="0" type="stmt"/>
        <line num="2489" count="0" type="stmt"/>
        <line num="2490" count="0" type="stmt"/>
        <line num="2491" count="0" type="stmt"/>
        <line num="2494" count="0" type="stmt"/>
        <line num="2495" count="0" type="cond" truecount="0" falsecount="2"/>
        <line num="2496" count="0" type="stmt"/>
        <line num="2497" count="0" type="cond" truecount="0" falsecount="2"/>
        <line num="2508" count="0" type="cond" truecount="0" falsecount="4"/>
        <line num="2512" count="0" type="cond" truecount="0" falsecount="2"/>
        <line num="2520" count="0" type="stmt"/>
        <line num="2527" count="0" type="stmt"/>
        <line num="2528" count="0" type="stmt"/>
        <line num="2529" count="0" type="stmt"/>
        <line num="2530" count="0" type="stmt"/>
        <line num="2531" count="0" type="stmt"/>
        <line num="2532" count="0" type="cond" truecount="0" falsecount="2"/>
        <line num="2541" count="0" type="cond" truecount="0" falsecount="2"/>
        <line num="2542" count="0" type="stmt"/>
        <line num="2551" count="0" type="stmt"/>
        <line num="2552" count="0" type="cond" truecount="0" falsecount="2"/>
        <line num="2553" count="0" type="stmt"/>
        <line num="2562" count="0" type="stmt"/>
        <line num="2563" count="0" type="stmt"/>
        <line num="2564" count="0" type="stmt"/>
        <line num="2566" count="0" type="stmt"/>
        <line num="2576" count="0" type="stmt"/>
        <line num="2577" count="0" type="stmt"/>
        <line num="2578" count="0" type="stmt"/>
        <line num="2579" count="0" type="stmt"/>
        <line num="2580" count="0" type="cond" truecount="0" falsecount="5"/>
        <line num="2591" count="0" type="stmt"/>
        <line num="2592" count="0" type="stmt"/>
        <line num="2593" count="0" type="stmt"/>
        <line num="2595" count="0" type="cond" truecount="0" falsecount="2"/>
        <line num="2596" count="0" type="stmt"/>
        <line num="2597" count="0" type="stmt"/>
        <line num="2598" count="0" type="stmt"/>
        <line num="2599" count="0" type="stmt"/>
        <line num="2601" count="0" type="stmt"/>
        <line num="2602" count="0" type="stmt"/>
        <line num="2611" count="0" type="stmt"/>
        <line num="2612" count="0" type="stmt"/>
        <line num="2613" count="0" type="stmt"/>
        <line num="2615" count="0" type="stmt"/>
        <line num="2616" count="0" type="cond" truecount="0" falsecount="6"/>
        <line num="2625" count="0" type="stmt"/>
        <line num="2626" count="0" type="cond" truecount="0" falsecount="2"/>
        <line num="2634" count="0" type="stmt"/>
        <line num="2642" count="0" type="stmt"/>
        <line num="2650" count="0" type="stmt"/>
        <line num="2657" count="0" type="stmt"/>
        <line num="2658" count="0" type="stmt"/>
        <line num="2659" count="0" type="stmt"/>
        <line num="2660" count="0" type="stmt"/>
        <line num="2662" count="0" type="cond" truecount="0" falsecount="2"/>
        <line num="2663" count="0" type="stmt"/>
        <line num="2664" count="0" type="stmt"/>
        <line num="2665" count="0" type="stmt"/>
        <line num="2666" count="0" type="cond" truecount="0" falsecount="2"/>
        <line num="2667" count="0" type="stmt"/>
        <line num="2669" count="0" type="cond" truecount="0" falsecount="4"/>
        <line num="2670" count="0" type="cond" truecount="0" falsecount="2"/>
        <line num="2671" count="0" type="stmt"/>
        <line num="2680" count="0" type="stmt"/>
        <line num="2688" count="0" type="stmt"/>
        <line num="2689" count="0" type="stmt"/>
        <line num="2699" count="0" type="stmt"/>
        <line num="2700" count="0" type="stmt"/>
        <line num="2701" count="0" type="stmt"/>
        <line num="2702" count="0" type="stmt"/>
        <line num="2703" count="0" type="stmt"/>
        <line num="2705" count="0" type="stmt"/>
        <line num="2707" count="0" type="stmt"/>
        <line num="2708" count="0" type="stmt"/>
        <line num="2709" count="0" type="stmt"/>
        <line num="2710" count="0" type="stmt"/>
        <line num="2711" count="0" type="stmt"/>
        <line num="2713" count="0" type="stmt"/>
        <line num="2714" count="0" type="stmt"/>
        <line num="2715" count="0" type="cond" truecount="0" falsecount="2"/>
        <line num="2717" count="0" type="stmt"/>
        <line num="2729" count="0" type="stmt"/>
        <line num="2730" count="0" type="stmt"/>
        <line num="2731" count="0" type="stmt"/>
        <line num="2732" count="0" type="stmt"/>
        <line num="2735" count="0" type="stmt"/>
        <line num="2737" count="0" type="stmt"/>
        <line num="2738" count="0" type="stmt"/>
        <line num="2739" count="0" type="stmt"/>
        <line num="2749" count="0" type="stmt"/>
        <line num="2750" count="0" type="cond" truecount="0" falsecount="2"/>
        <line num="2751" count="0" type="stmt"/>
        <line num="2761" count="0" type="stmt"/>
        <line num="2762" count="0" type="stmt"/>
        <line num="2764" count="0" type="cond" truecount="0" falsecount="2"/>
        <line num="2765" count="0" type="stmt"/>
        <line num="2774" count="0" type="stmt"/>
        <line num="2782" count="0" type="stmt"/>
        <line num="2783" count="0" type="stmt"/>
        <line num="2784" count="0" type="stmt"/>
        <line num="2785" count="0" type="stmt"/>
        <line num="2786" count="0" type="stmt"/>
        <line num="2787" count="0" type="cond" truecount="0" falsecount="3"/>
        <line num="2800" count="0" type="stmt"/>
        <line num="2801" count="0" type="stmt"/>
        <line num="2802" count="0" type="stmt"/>
        <line num="2803" count="0" type="stmt"/>
        <line num="2804" count="0" type="cond" truecount="0" falsecount="3"/>
        <line num="2805" count="0" type="stmt"/>
        <line num="2806" count="0" type="stmt"/>
        <line num="2807" count="0" type="cond" truecount="0" falsecount="2"/>
        <line num="2817" count="0" type="stmt"/>
        <line num="2818" count="0" type="stmt"/>
        <line num="2819" count="0" type="stmt"/>
        <line num="2820" count="0" type="cond" truecount="0" falsecount="2"/>
        <line num="2821" count="0" type="cond" truecount="0" falsecount="3"/>
        <line num="2822" count="0" type="stmt"/>
        <line num="2823" count="0" type="stmt"/>
        <line num="2825" count="0" type="stmt"/>
        <line num="2826" count="0" type="stmt"/>
        <line num="2828" count="0" type="stmt"/>
        <line num="2829" count="0" type="stmt"/>
        <line num="2832" count="0" type="stmt"/>
        <line num="2833" count="0" type="stmt"/>
        <line num="2844" count="0" type="stmt"/>
        <line num="2845" count="0" type="stmt"/>
        <line num="2846" count="0" type="cond" truecount="0" falsecount="2"/>
        <line num="2847" count="0" type="stmt"/>
        <line num="2848" count="0" type="stmt"/>
        <line num="2858" count="0" type="stmt"/>
        <line num="2859" count="0" type="stmt"/>
        <line num="2860" count="0" type="stmt"/>
        <line num="2861" count="0" type="cond" truecount="0" falsecount="2"/>
        <line num="2871" count="0" type="stmt"/>
        <line num="2872" count="0" type="stmt"/>
        <line num="2882" count="0" type="stmt"/>
        <line num="2883" count="0" type="stmt"/>
        <line num="2884" count="0" type="stmt"/>
        <line num="2885" count="0" type="stmt"/>
        <line num="2886" count="0" type="stmt"/>
        <line num="2887" count="0" type="stmt"/>
        <line num="2890" count="0" type="stmt"/>
        <line num="2892" count="0" type="stmt"/>
        <line num="2893" count="0" type="stmt"/>
        <line num="2894" count="0" type="stmt"/>
        <line num="2895" count="0" type="stmt"/>
        <line num="2897" count="0" type="stmt"/>
        <line num="2898" count="0" type="stmt"/>
        <line num="2899" count="0" type="stmt"/>
        <line num="2902" count="0" type="stmt"/>
        <line num="2903" count="0" type="stmt"/>
        <line num="2904" count="0" type="stmt"/>
        <line num="2905" count="0" type="stmt"/>
        <line num="2906" count="0" type="stmt"/>
        <line num="2907" count="0" type="stmt"/>
        <line num="2908" count="0" type="stmt"/>
        <line num="2911" count="0" type="cond" truecount="0" falsecount="2"/>
        <line num="2913" count="0" type="cond" truecount="0" falsecount="2"/>
        <line num="2914" count="0" type="stmt"/>
        <line num="2915" count="0" type="stmt"/>
        <line num="2916" count="0" type="stmt"/>
        <line num="2918" count="0" type="stmt"/>
        <line num="2919" count="0" type="stmt"/>
        <line num="2920" count="0" type="cond" truecount="0" falsecount="2"/>
        <line num="2929" count="0" type="stmt"/>
        <line num="2936" count="0" type="stmt"/>
        <line num="2943" count="0" type="stmt"/>
        <line num="2950" count="0" type="stmt"/>
        <line num="2951" count="0" type="stmt"/>
        <line num="2959" count="0" type="stmt"/>
        <line num="2960" count="0" type="stmt"/>
        <line num="2961" count="0" type="stmt"/>
        <line num="2962" count="0" type="stmt"/>
        <line num="2963" count="0" type="stmt"/>
        <line num="2964" count="0" type="stmt"/>
        <line num="2965" count="0" type="stmt"/>
        <line num="2966" count="0" type="stmt"/>
        <line num="2967" count="0" type="stmt"/>
        <line num="2968" count="0" type="stmt"/>
        <line num="2970" count="0" type="stmt"/>
        <line num="3004" count="0" type="stmt"/>
        <line num="3005" count="0" type="stmt"/>
        <line num="3006" count="0" type="stmt"/>
        <line num="3007" count="0" type="stmt"/>
        <line num="3008" count="0" type="cond" truecount="0" falsecount="2"/>
        <line num="3010" count="0" type="cond" truecount="0" falsecount="2"/>
        <line num="3011" count="0" type="cond" truecount="0" falsecount="2"/>
        <line num="3012" count="0" type="cond" truecount="0" falsecount="2"/>
        <line num="3013" count="0" type="stmt"/>
        <line num="3014" count="0" type="cond" truecount="0" falsecount="4"/>
        <line num="3024" count="0" type="stmt"/>
        <line num="3025" count="0" type="stmt"/>
        <line num="3040" count="0" type="stmt"/>
        <line num="3041" count="0" type="stmt"/>
        <line num="3042" count="0" type="stmt"/>
        <line num="3043" count="0" type="cond" truecount="0" falsecount="2"/>
        <line num="3046" count="0" type="stmt"/>
        <line num="3047" count="0" type="cond" truecount="0" falsecount="2"/>
        <line num="3048" count="0" type="stmt"/>
        <line num="3059" count="0" type="stmt"/>
        <line num="3060" count="0" type="stmt"/>
        <line num="3061" count="0" type="stmt"/>
        <line num="3062" count="0" type="cond" truecount="0" falsecount="2"/>
        <line num="3071" count="0" type="stmt"/>
        <line num="3080" count="0" type="stmt"/>
        <line num="3081" count="0" type="cond" truecount="0" falsecount="2"/>
        <line num="3082" count="0" type="stmt"/>
        <line num="3091" count="0" type="stmt"/>
        <line num="3092" count="0" type="stmt"/>
        <line num="3093" count="0" type="stmt"/>
        <line num="3094" count="0" type="stmt"/>
        <line num="3095" count="0" type="stmt"/>
        <line num="3096" count="0" type="stmt"/>
        <line num="3097" count="0" type="stmt"/>
        <line num="3099" count="0" type="cond" truecount="0" falsecount="2"/>
        <line num="3100" count="0" type="stmt"/>
        <line num="3101" count="0" type="stmt"/>
        <line num="3102" count="0" type="cond" truecount="0" falsecount="2"/>
        <line num="3103" count="0" type="stmt"/>
        <line num="3105" count="0" type="cond" truecount="0" falsecount="2"/>
        <line num="3116" count="0" type="stmt"/>
        <line num="3117" count="0" type="stmt"/>
        <line num="3118" count="0" type="stmt"/>
        <line num="3119" count="0" type="stmt"/>
        <line num="3120" count="0" type="stmt"/>
        <line num="3122" count="0" type="stmt"/>
        <line num="3123" count="0" type="cond" truecount="0" falsecount="2"/>
        <line num="3124" count="0" type="stmt"/>
        <line num="3126" count="0" type="stmt"/>
        <line num="3127" count="0" type="stmt"/>
        <line num="3130" count="0" type="cond" truecount="0" falsecount="2"/>
        <line num="3131" count="0" type="stmt"/>
        <line num="3132" count="0" type="stmt"/>
        <line num="3133" count="0" type="stmt"/>
        <line num="3134" count="0" type="stmt"/>
        <line num="3135" count="0" type="cond" truecount="0" falsecount="2"/>
        <line num="3137" count="0" type="cond" truecount="0" falsecount="2"/>
        <line num="3138" count="0" type="stmt"/>
        <line num="3149" count="0" type="stmt"/>
        <line num="3150" count="0" type="stmt"/>
        <line num="3151" count="0" type="stmt"/>
        <line num="3152" count="0" type="stmt"/>
        <line num="3153" count="0" type="stmt"/>
        <line num="3154" count="0" type="stmt"/>
        <line num="3155" count="0" type="stmt"/>
        <line num="3156" count="0" type="stmt"/>
        <line num="3160" count="0" type="cond" truecount="0" falsecount="4"/>
        <line num="3161" count="0" type="stmt"/>
        <line num="3163" count="0" type="cond" truecount="0" falsecount="2"/>
        <line num="3165" count="0" type="cond" truecount="0" falsecount="4"/>
        <line num="3166" count="0" type="cond" truecount="0" falsecount="5"/>
        <line num="3167" count="0" type="cond" truecount="0" falsecount="2"/>
        <line num="3179" count="0" type="stmt"/>
        <line num="3180" count="0" type="stmt"/>
        <line num="3181" count="0" type="stmt"/>
        <line num="3182" count="0" type="stmt"/>
        <line num="3188" count="0" type="stmt"/>
        <line num="3189" count="0" type="stmt"/>
        <line num="3190" count="0" type="stmt"/>
        <line num="3191" count="0" type="stmt"/>
        <line num="3194" count="0" type="stmt"/>
        <line num="3195" count="0" type="stmt"/>
        <line num="3196" count="0" type="stmt"/>
        <line num="3197" count="0" type="cond" truecount="0" falsecount="4"/>
        <line num="3198" count="0" type="stmt"/>
        <line num="3199" count="0" type="stmt"/>
        <line num="3201" count="0" type="cond" truecount="0" falsecount="2"/>
        <line num="3202" count="0" type="cond" truecount="0" falsecount="2"/>
        <line num="3203" count="0" type="stmt"/>
        <line num="3207" count="0" type="stmt"/>
        <line num="3209" count="0" type="stmt"/>
        <line num="3210" count="0" type="stmt"/>
        <line num="3211" count="0" type="stmt"/>
        <line num="3220" count="0" type="stmt"/>
        <line num="3221" count="0" type="stmt"/>
        <line num="3223" count="0" type="cond" truecount="0" falsecount="2"/>
        <line num="3224" count="0" type="stmt"/>
        <line num="3233" count="0" type="cond" truecount="0" falsecount="2"/>
        <line num="3234" count="0" type="stmt"/>
        <line num="3246" count="0" type="stmt"/>
        <line num="3247" count="0" type="stmt"/>
        <line num="3250" count="0" type="stmt"/>
        <line num="3252" count="0" type="cond" truecount="0" falsecount="2"/>
        <line num="3255" count="0" type="cond" truecount="0" falsecount="2"/>
        <line num="3262" count="0" type="stmt"/>
        <line num="3270" count="0" type="stmt"/>
        <line num="3277" count="0" type="stmt"/>
        <line num="3278" count="0" type="stmt"/>
        <line num="3279" count="0" type="stmt"/>
        <line num="3280" count="0" type="cond" truecount="0" falsecount="2"/>
        <line num="3291" count="0" type="stmt"/>
        <line num="3292" count="0" type="stmt"/>
        <line num="3293" count="0" type="stmt"/>
        <line num="3294" count="0" type="stmt"/>
        <line num="3300" count="0" type="stmt"/>
        <line num="3301" count="0" type="stmt"/>
        <line num="3302" count="0" type="stmt"/>
        <line num="3303" count="0" type="stmt"/>
        <line num="3306" count="0" type="stmt"/>
        <line num="3307" count="0" type="stmt"/>
        <line num="3308" count="0" type="stmt"/>
        <line num="3309" count="0" type="cond" truecount="0" falsecount="4"/>
        <line num="3310" count="0" type="stmt"/>
        <line num="3311" count="0" type="stmt"/>
        <line num="3313" count="0" type="cond" truecount="0" falsecount="2"/>
        <line num="3314" count="0" type="cond" truecount="0" falsecount="2"/>
        <line num="3315" count="0" type="stmt"/>
        <line num="3319" count="0" type="stmt"/>
        <line num="3321" count="0" type="stmt"/>
        <line num="3322" count="0" type="stmt"/>
        <line num="3323" count="0" type="stmt"/>
        <line num="3331" count="0" type="stmt"/>
        <line num="3332" count="0" type="stmt"/>
        <line num="3333" count="0" type="cond" truecount="0" falsecount="2"/>
        <line num="3334" count="0" type="stmt"/>
        <line num="3343" count="0" type="stmt"/>
        <line num="3344" count="0" type="stmt"/>
        <line num="3345" count="0" type="stmt"/>
        <line num="3346" count="0" type="stmt"/>
        <line num="3348" count="0" type="stmt"/>
        <line num="3349" count="0" type="stmt"/>
        <line num="3350" count="0" type="stmt"/>
        <line num="3351" count="0" type="stmt"/>
        <line num="3353" count="0" type="cond" truecount="0" falsecount="4"/>
        <line num="3355" count="0" type="cond" truecount="0" falsecount="2"/>
        <line num="3356" count="0" type="cond" truecount="0" falsecount="2"/>
        <line num="3358" count="0" type="stmt"/>
        <line num="3367" count="0" type="stmt"/>
        <line num="3368" count="0" type="stmt"/>
        <line num="3369" count="0" type="stmt"/>
        <line num="3377" count="0" type="stmt"/>
        <line num="3378" count="0" type="cond" truecount="0" falsecount="2"/>
        <line num="3387" count="0" type="stmt"/>
        <line num="3388" count="0" type="stmt"/>
        <line num="3398" count="0" type="stmt"/>
        <line num="3399" count="0" type="stmt"/>
        <line num="3400" count="0" type="stmt"/>
        <line num="3401" count="0" type="cond" truecount="0" falsecount="2"/>
        <line num="3402" count="0" type="cond" truecount="0" falsecount="3"/>
        <line num="3403" count="0" type="stmt"/>
        <line num="3404" count="0" type="stmt"/>
        <line num="3406" count="0" type="stmt"/>
        <line num="3407" count="0" type="stmt"/>
        <line num="3409" count="0" type="stmt"/>
        <line num="3410" count="0" type="stmt"/>
        <line num="3413" count="0" type="stmt"/>
        <line num="3414" count="0" type="stmt"/>
        <line num="3424" count="0" type="stmt"/>
        <line num="3425" count="0" type="cond" truecount="0" falsecount="2"/>
        <line num="3426" count="0" type="stmt"/>
        <line num="3435" count="0" type="stmt"/>
        <line num="3436" count="0" type="stmt"/>
        <line num="3437" count="0" type="stmt"/>
        <line num="3438" count="0" type="stmt"/>
        <line num="3440" count="0" type="cond" truecount="0" falsecount="2"/>
        <line num="3441" count="0" type="stmt"/>
        <line num="3442" count="0" type="stmt"/>
        <line num="3443" count="0" type="stmt"/>
        <line num="3444" count="0" type="cond" truecount="0" falsecount="2"/>
        <line num="3445" count="0" type="stmt"/>
        <line num="3447" count="0" type="cond" truecount="0" falsecount="4"/>
        <line num="3448" count="0" type="cond" truecount="0" falsecount="2"/>
        <line num="3449" count="0" type="stmt"/>
        <line num="3458" count="0" type="stmt"/>
        <line num="3459" count="0" type="stmt"/>
        <line num="3460" count="0" type="stmt"/>
        <line num="3461" count="0" type="cond" truecount="0" falsecount="2"/>
        <line num="3463" count="0" type="stmt"/>
        <line num="3464" count="0" type="cond" truecount="0" falsecount="4"/>
        <line num="3478" count="0" type="stmt"/>
        <line num="3488" count="0" type="stmt"/>
        <line num="3489" count="0" type="stmt"/>
        <line num="3490" count="0" type="cond" truecount="0" falsecount="2"/>
        <line num="3491" count="0" type="stmt"/>
        <line num="3501" count="0" type="cond" truecount="0" falsecount="4"/>
        <line num="3505" count="0" type="cond" truecount="0" falsecount="2"/>
        <line num="3513" count="0" type="stmt"/>
        <line num="3514" count="0" type="stmt"/>
        <line num="3515" count="0" type="stmt"/>
        <line num="3516" count="0" type="stmt"/>
        <line num="3518" count="0" type="stmt"/>
        <line num="3519" count="0" type="stmt"/>
        <line num="3520" count="0" type="stmt"/>
        <line num="3521" count="0" type="stmt"/>
        <line num="3523" count="0" type="cond" truecount="0" falsecount="4"/>
        <line num="3525" count="0" type="cond" truecount="0" falsecount="2"/>
        <line num="3526" count="0" type="cond" truecount="0" falsecount="2"/>
        <line num="3528" count="0" type="stmt"/>
        <line num="3539" count="0" type="stmt"/>
        <line num="3540" count="0" type="stmt"/>
        <line num="3541" count="0" type="stmt"/>
        <line num="3542" count="0" type="stmt"/>
        <line num="3543" count="0" type="cond" truecount="0" falsecount="4"/>
[...]
        <line num="3422" count="0" type="stmt"/>
        <line num="3423" count="0" type="stmt"/>
        <line num="3433" count="0" type="stmt"/>
        <line num="3434" count="0" type="cond" truecount="0" falsecount="2"/>
        <line num="3435" count="0" type="stmt"/>
        <line num="3444" count="0" type="stmt"/>
        <line num="3445" count="0" type="stmt"/>
        <line num="3446" count="0" type="stmt"/>
        <line num="3447" count="0" type="stmt"/>
        <line num="3449" count="0" type="cond" truecount="0" falsecount="2"/>
        <line num="3450" count="0" type="stmt"/>
        <line num="3451" count="0" type="stmt"/>
        <line num="3452" count="0" type="stmt"/>
        <line num="3453" count="0" type="cond" truecount="0" falsecount="2"/>
        <line num="3454" count="0" type="stmt"/>
        <line num="3456" count="0" type="cond" truecount="0" falsecount="4"/>
        <line num="3457" count="0" type="cond" truecount="0" falsecount="2"/>
        <line num="3458" count="0" type="stmt"/>
        <line num="3467" count="0" type="stmt"/>
        <line num="3468" count="0" type="stmt"/>
        <line num="3469" count="0" type="stmt"/>
        <line num="3470" count="0" type="cond" truecount="0" falsecount="2"/>
        <line num="3472" count="0" type="stmt"/>
        <line num="3473" count="0" type="cond" truecount="0" falsecount="4"/>
        <line num="3487" count="0" type="stmt"/>
        <line num="3497" count="0" type="stmt"/>
        <line num="3498" count="0" type="stmt"/>
        <line num="3499" count="0" type="cond" truecount="0" falsecount="2"/>
        <line num="3500" count="0" type="stmt"/>
        <line num="3510" count="0" type="cond" truecount="0" falsecount="4"/>
        <line num="3514" count="0" type="cond" truecount="0" falsecount="2"/>
        <line num="3522" count="0" type="stmt"/>
        <line num="3523" count="0" type="stmt"/>
        <line num="3524" count="0" type="stmt"/>
        <line num="3525" count="0" type="stmt"/>
        <line num="3527" count="0" type="stmt"/>
        <line num="3528" count="0" type="stmt"/>
        <line num="3529" count="0" type="stmt"/>
        <line num="3530" count="0" type="stmt"/>
        <line num="3532" count="0" type="cond" truecount="0" falsecount="4"/>
        <line num="3534" count="0" type="cond" truecount="0" falsecount="2"/>
        <line num="3535" count="0" type="cond" truecount="0" falsecount="2"/>
        <line num="3537" count="0" type="stmt"/>
        <line num="3548" count="0" type="stmt"/>
        <line num="3549" count="0" type="stmt"/>
        <line num="3550" count="0" type="stmt"/>
        <line num="3551" count="0" type="stmt"/>
        <line num="3552" count="0" type="cond" truecount="0" falsecount="4"/>
        <line num="3554" count="0" type="stmt"/>
        <line num="3557" count="0" type="stmt"/>
        <line num="3558" count="0" type="stmt"/>
        <line num="3559" count="0" type="stmt"/>
        <line num="3560" count="0" type="stmt"/>
        <line num="3561" count="0" type="stmt"/>
        <line num="3562" count="0" type="stmt"/>
        <line num="3563" count="0" type="stmt"/>
        <line num="3564" count="0" type="cond" truecount="0" falsecount="2"/>
        <line num="3565" count="0" type="stmt"/>
        <line num="3566" count="0" type="stmt"/>
        <line num="3580" count="0" type="stmt"/>
        <line num="3581" count="0" type="stmt"/>
        <line num="3583" count="0" type="stmt"/>
        <line num="3584" count="0" type="cond" truecount="0" falsecount="2"/>
        <line num="3585" count="0" type="stmt"/>
        <line num="3595" count="0" type="stmt"/>
        <line num="3606" count="0" type="stmt"/>
        <line num="3609" count="0" type="stmt"/>
        <line num="3611" count="0" type="stmt"/>
        <line num="3612" count="0" type="stmt"/>
        <line num="3613" count="0" type="cond" truecount="0" falsecount="2"/>
        <line num="3614" count="0" type="stmt"/>
        <line num="3616" count="0" type="stmt"/>
        <line num="3619" count="0" type="stmt"/>
        <line num="3621" count="0" type="stmt"/>
        <line num="3622" count="0" type="cond" truecount="0" falsecount="2"/>
        <line num="3623" count="0" type="stmt"/>
        <line num="3625" count="0" type="stmt"/>
        <line num="3628" count="0" type="stmt"/>
        <line num="3632" count="0" type="cond" truecount="0" falsecount="2"/>
        <line num="3634" count="0" type="stmt"/>
        <line num="3637" count="0" type="cond" truecount="0" falsecount="5"/>
        <line num="3638" count="0" type="stmt"/>
        <line num="3639" count="0" type="stmt"/>
        <line num="3641" count="0" type="stmt"/>
        <line num="3643" count="0" type="stmt"/>
        <line num="3645" count="0" type="stmt"/>
        <line num="3647" count="0" type="stmt"/>
        <line num="3650" count="0" type="stmt"/>
        <line num="3657" count="0" type="cond" truecount="0" falsecount="2"/>
        <line num="3659" count="0" type="stmt"/>
        <line num="3662" count="0" type="cond" truecount="0" falsecount="5"/>
        <line num="3663" count="0" type="stmt"/>
        <line num="3664" count="0" type="stmt"/>
        <line num="3666" count="0" type="stmt"/>
        <line num="3668" count="0" type="stmt"/>
        <line num="3670" count="0" type="stmt"/>
        <line num="3672" count="0" type="stmt"/>
        <line num="3676" count="0" type="stmt"/>
        <line num="3683" count="0" type="stmt"/>
        <line num="3684" count="0" type="stmt"/>
        <line num="3686" count="0" type="stmt"/>
        <line num="3689" count="0" type="cond" truecount="0" falsecount="4"/>
        <line num="3690" count="0" type="stmt"/>
        <line num="3692" count="0" type="stmt"/>
        <line num="3693" count="0" type="cond" truecount="0" falsecount="2"/>
        <line num="3694" count="0" type="stmt"/>
        <line num="3696" count="0" type="stmt"/>
        <line num="3698" count="0" type="cond" truecount="0" falsecount="2"/>
        <line num="3699" count="0" type="stmt"/>
        <line num="3704" count="0" type="cond" truecount="0" falsecount="2"/>
        <line num="3705" count="0" type="stmt"/>
        <line num="3707" count="0" type="stmt"/>
        <line num="3708" count="0" type="stmt"/>
        <line num="3710" count="0" type="stmt"/>
        <line num="3711" count="0" type="stmt"/>
        <line num="3712" count="0" type="stmt"/>
        <line num="3713" count="0" type="stmt"/>
        <line num="3714" count="0" type="stmt"/>
        <line num="3715" count="0" type="cond" truecount="0" falsecount="2"/>
        <line num="3716" count="0" type="stmt"/>
        <line num="3719" count="0" type="stmt"/>
        <line num="3720" count="0" type="stmt"/>
        <line num="3722" count="0" type="stmt"/>
        <line num="3723" count="0" type="stmt"/>
        <line num="3724" count="0" type="stmt"/>
        <line num="3727" count="0" type="stmt"/>
        <line num="3728" count="0" type="stmt"/>
        <line num="3729" count="0" type="cond" truecount="0" falsecount="2"/>
        <line num="3730" count="0" type="stmt"/>
        <line num="3731" count="0" type="stmt"/>
        <line num="3734" count="0" type="stmt"/>
        <line num="3735" count="0" type="cond" truecount="0" falsecount="4"/>
        <line num="3736" count="0" type="stmt"/>
        <line num="3742" count="0" type="stmt"/>
        <line num="3743" count="0" type="stmt"/>
        <line num="3745" count="0" type="stmt"/>
        <line num="3746" count="0" type="stmt"/>
        <line num="3748" count="0" type="stmt"/>
        <line num="3749" count="0" type="stmt"/>
        <line num="3750" count="0" type="stmt"/>
        <line num="3751" count="0" type="stmt"/>
        <line num="3752" count="0" type="stmt"/>
        <line num="3753" count="0" type="stmt"/>
        <line num="3757" count="0" type="stmt"/>
        <line num="3758" count="0" type="stmt"/>
        <line num="3759" count="0" type="stmt"/>
        <line num="3760" count="0" type="stmt"/>
        <line num="3761" count="0" type="stmt"/>
        <line num="3762" count="0" type="stmt"/>
        <line num="3763" count="0" type="stmt"/>
        <line num="3764" count="0" type="stmt"/>
        <line num="3765" count="0" type="stmt"/>
        <line num="3767" count="0" type="stmt"/>
        <line num="3769" count="0" type="stmt"/>
        <line num="3770" count="0" type="stmt"/>
        <line num="3773" count="0" type="stmt"/>
        <line num="3774" count="0" type="stmt"/>
        <line num="3775" count="0" type="stmt"/>
        <line num="3777" count="0" type="stmt"/>
        <line num="3785" count="0" type="stmt"/>
        <line num="3786" count="0" type="stmt"/>
        <line num="3798" count="0" type="stmt"/>
        <line num="3799" count="0" type="stmt"/>
        <line num="3800" count="0" type="stmt"/>
        <line num="3803" count="0" type="cond" truecount="0" falsecount="2"/>
        <line num="3804" count="0" type="stmt"/>
        <line num="3809" count="0" type="stmt"/>
        <line num="3814" count="0" type="cond" truecount="0" falsecount="2"/>
        <line num="3817" count="0" type="stmt"/>
        <line num="3818" count="0" type="cond" truecount="0" falsecount="4"/>
        <line num="3819" count="0" type="stmt"/>
        <line num="3824" count="0" type="stmt"/>
        <line num="3838" count="0" type="stmt"/>
        <line num="3840" count="0" type="stmt"/>
        <line num="3848" count="0" type="stmt"/>
        <line num="3849" count="0" type="cond" truecount="0" falsecount="2"/>
        <line num="3858" count="0" type="stmt"/>
        <line num="3866" count="0" type="stmt"/>
        <line num="3867" count="0" type="cond" truecount="0" falsecount="2"/>
        <line num="3876" count="0" type="stmt"/>
        <line num="3881" count="0" type="cond" truecount="0" falsecount="2"/>
        <line num="3882" count="0" type="cond" truecount="0" falsecount="2"/>
        <line num="3883" count="0" type="stmt"/>
        <line num="3887" count="0" type="cond" truecount="0" falsecount="4"/>
        <line num="3888" count="0" type="stmt"/>
        <line num="3893" count="0" type="stmt"/>
        <line num="3896" count="0" type="stmt"/>
        <line num="3899" count="0" type="stmt"/>
        <line num="3906" count="0" type="stmt"/>
        <line num="3908" count="0" type="stmt"/>
        <line num="3910" count="0" type="stmt"/>
      </file>
      <file name="jdd-package.umd.min.js" path="/Users/davidcallizaya/Netbeans/jdd-pandemia/dist/jdd-package.umd.min.js">
        <metrics statements="1" coveredstatements="0" conditionals="1015" coveredconditionals="0" methods="451" coveredmethods="0"/>
        <line num="1" count="0" type="cond" truecount="0" falsecount="1015"/>
      </file>
    </package>
    <package name="jdd-pandemia.src">
      <metrics statements="37" coveredstatements="0" conditionals="8" coveredconditionals="0" methods="13" coveredmethods="0"/>
      <file name="index.js" path="/Users/davidcallizaya/Netbeans/jdd-pandemia/src/index.js">
        <metrics statements="3" coveredstatements="0" conditionals="0" coveredconditionals="0" methods="1" coveredmethods="0"/>
        <line num="3" count="0" type="stmt"/>
        <line num="4" count="0" type="stmt"/>
        <line num="6" count="0" type="stmt"/>
      </file>
      <file name="main.js" path="/Users/davidcallizaya/Netbeans/jdd-pandemia/src/main.js">
        <metrics statements="7" coveredstatements="0" conditionals="0" coveredconditionals="0" methods="1" coveredmethods="0"/>
        <line num="8" count="0" type="stmt"/>
        <line num="9" count="0" type="stmt"/>
        <line num="10" count="0" type="stmt"/>
        <line num="12" count="0" type="stmt"/>
        <line num="18" count="0" type="stmt"/>
        <line num="20" count="0" type="stmt"/>
        <line num="22" count="0" type="stmt"/>
      </file>
      <file name="mocks.js" path="/Users/davidcallizaya/Netbeans/jdd-pandemia/src/mocks.js">
        <metrics statements="27" coveredstatements="0" conditionals="8" coveredconditionals="0" methods="11" coveredmethods="0"/>
        <line num="1" count="0" type="stmt"/>
        <line num="5" count="0" type="stmt"/>
        <line num="6" count="0" type="stmt"/>
        <line num="7" count="0" type="stmt"/>
        <line num="10" count="0" type="stmt"/>
        <line num="11" count="0" type="stmt"/>
        <line num="12" count="0" type="stmt"/>
        <line num="15" count="0" type="stmt"/>
        <line num="18" count="0" type="stmt"/>
        <line num="19" count="0" type="stmt"/>
        <line num="20" count="0" type="cond" truecount="0" falsecount="2"/>
        <line num="21" count="0" type="stmt"/>
        <line num="22" count="0" type="stmt"/>
        <line num="25" count="0" type="stmt"/>
        <line num="28" count="0" type="stmt"/>
        <line num="31" count="0" type="stmt"/>
        <line num="33" count="0" type="cond" truecount="0" falsecount="2"/>
        <line num="34" count="0" type="stmt"/>
        <line num="36" count="0" type="stmt"/>
        <line num="39" count="0" type="cond" truecount="0" falsecount="2"/>
        <line num="40" count="0" type="stmt"/>
        <line num="42" count="0" type="stmt"/>
        <line num="48" count="0" type="stmt"/>
        <line num="50" count="0" type="cond" truecount="0" falsecount="2"/>
        <line num="51" count="0" type="stmt"/>
        <line num="53" count="0" type="stmt"/>
        <line num="55" count="0" type="stmt"/>
      </file>
    </package>
    <package name="jdd-pandemia.src.components.mixins">
      <metrics statements="103" coveredstatements="0" conditionals="39" coveredconditionals="0" methods="36" coveredmethods="0"/>
      <file name="ActionSelectors.js" path="/Users/davidcallizaya/Netbeans/jdd-pandemia/src/components/mixins/ActionSelectors.js">
        <metrics statements="7" coveredstatements="0" conditionals="1" coveredconditionals="0" methods="3" coveredmethods="0"/>
        <line num="3" count="0" type="stmt"/>
        <line num="5" count="0" type="stmt"/>
        <line num="6" count="0" type="stmt"/>
        <line num="7" count="0" type="stmt"/>
        <line num="10" count="0" type="stmt"/>
        <line num="11" count="0" type="stmt"/>
        <line num="14" count="0" type="stmt"/>
      </file>
      <file name="Actions.js" path="/Users/davidcallizaya/Netbeans/jdd-pandemia/src/components/mixins/Actions.js">
        <metrics statements="51" coveredstatements="0" conditionals="23" coveredconditionals="0" methods="11" coveredmethods="0"/>
        <line num="3" count="0" type="stmt"/>
        <line num="6" count="0" type="stmt"/>
        <line num="8" count="0" type="stmt"/>
        <line num="11" count="0" type="stmt"/>
        <line num="14" count="0" type="stmt"/>
        <line num="16" count="0" type="stmt"/>
        <line num="21" count="0" type="stmt"/>
        <line num="28" count="0" type="stmt"/>
        <line num="29" count="0" type="stmt"/>
        <line num="30" count="0" type="stmt"/>
        <line num="31" count="0" type="cond" truecount="0" falsecount="2"/>
        <line num="32" count="0" type="stmt"/>
        <line num="37" count="0" type="stmt"/>
        <line num="38" count="0" type="cond" truecount="0" falsecount="2"/>
        <line num="40" count="0" type="cond" truecount="0" falsecount="2"/>
        <line num="41" count="0" type="stmt"/>
        <line num="42" count="0" type="stmt"/>
        <line num="43" count="0" type="cond" truecount="0" falsecount="2"/>
        <line num="44" count="0" type="stmt"/>
        <line num="55" count="0" type="stmt"/>
        <line num="56" count="0" type="stmt"/>
        <line num="57" count="0" type="stmt"/>
        <line num="58" count="0" type="stmt"/>
        <line num="59" count="0" type="stmt"/>
        <line num="60" count="0" type="stmt"/>
        <line num="61" count="0" type="stmt"/>
        <line num="62" count="0" type="stmt"/>
        <line num="63" count="0" type="stmt"/>
        <line num="64" count="0" type="stmt"/>
        <line num="65" count="0" type="stmt"/>
        <line num="66" count="0" type="stmt"/>
        <line num="67" count="0" type="cond" truecount="0" falsecount="2"/>
        <line num="68" count="0" type="cond" truecount="0" falsecount="2"/>
        <line num="69" count="0" type="stmt"/>
        <line num="70" count="0" type="stmt"/>
        <line num="74" count="0" type="cond" truecount="0" falsecount="2"/>
        <line num="75" count="0" type="cond" truecount="0" falsecount="2"/>
        <line num="76" count="0" type="stmt"/>
        <line num="78" count="0" type="stmt"/>
        <line num="79" count="0" type="stmt"/>
        <line num="80" count="0" type="stmt"/>
        <line num="81" count="0" type="stmt"/>
        <line num="83" count="0" type="stmt"/>
        <line num="84" count="0" type="stmt"/>
        <line num="85" count="0" type="stmt"/>
        <line num="86" count="0" type="stmt"/>
        <line num="87" count="0" type="stmt"/>
        <line num="88" count="0" type="stmt"/>
        <line num="89" count="0" type="stmt"/>
        <line num="90" count="0" type="stmt"/>
        <line num="95" count="0" type="stmt"/>
      </file>
      <file name="actionFeature.js" path="/Users/davidcallizaya/Netbeans/jdd-pandemia/src/components/mixins/actionFeature.js">
        <metrics statements="12" coveredstatements="0" conditionals="3" coveredconditionals="0" methods="3" coveredmethods="0"/>
        <line num="2" count="0" type="stmt"/>
        <line num="3" count="0" type="stmt"/>
        <line num="4" count="0" type="stmt"/>
        <line num="5" count="0" type="stmt"/>
        <line num="6" count="0" type="stmt"/>
        <line num="7" count="0" type="stmt"/>
        <line num="9" count="0" type="stmt"/>
        <line num="10" count="0" type="stmt"/>
        <line num="11" count="0" type="stmt"/>
        <line num="12" count="0" type="stmt"/>
        <line num="13" count="0" type="stmt"/>
        <line num="19" count="0" type="stmt"/>
      </file>
      <file name="sample.js" path="/Users/davidcallizaya/Netbeans/jdd-pandemia/src/components/mixins/sample.js">
        <metrics statements="33" coveredstatements="0" conditionals="12" coveredconditionals="0" methods="19" coveredmethods="0"/>
        <line num="4" count="0" type="stmt"/>
        <line num="10" count="0" type="stmt"/>
        <line num="21" count="0" type="stmt"/>
        <line num="30" count="0" type="stmt"/>
        <line num="31" count="0" type="stmt"/>
        <line num="32" count="0" type="stmt"/>
        <line num="36" count="0" type="stmt"/>
        <line num="40" count="0" type="stmt"/>
        <line num="50" count="0" type="stmt"/>
        <line num="51" count="0" type="stmt"/>
        <line num="52" count="0" type="stmt"/>
        <line num="56" count="0" type="stmt"/>
        <line num="60" count="0" type="stmt"/>
        <line num="61" count="0" type="stmt"/>
        <line num="70" count="0" type="stmt"/>
        <line num="71" count="0" type="stmt"/>
        <line num="72" count="0" type="stmt"/>
        <line num="76" count="0" type="stmt"/>
        <line num="77" count="0" type="stmt"/>
        <line num="83" count="0" type="stmt"/>
        <line num="84" count="0" type="stmt"/>
        <line num="85" count="0" type="stmt"/>
        <line num="89" count="0" type="stmt"/>
        <line num="98" count="0" type="stmt"/>
        <line num="104" count="0" type="stmt"/>
        <line num="109" count="0" type="stmt"/>
        <line num="110" count="0" type="stmt"/>
        <line num="111" count="0" type="cond" truecount="0" falsecount="2"/>
        <line num="112" count="0" type="stmt"/>
        <line num="114" count="0" type="stmt"/>
        <line num="119" count="0" type="cond" truecount="0" falsecount="4"/>
        <line num="122" count="0" type="cond" truecount="0" falsecount="2"/>
        <line num="123" count="0" type="stmt"/>
      </file>
    </package>
  </project>
</coverage>
