TN:
SF:/Users/davidcallizaya/Netbeans/jdd-pandemia/babel.config.js
FNF:0
FNH:0
DA:1,0
LF:1
LH:0
BRF:0
BRH:0
end_of_record
TN:
SF:/Users/davidcallizaya/Netbeans/jdd-pandemia/vue.config.js
FNF:0
FNH:0
DA:2,0
LF:1
LH:0
BRF:0
BRH:0
end_of_record
TN:
SF:/Users/davidcallizaya/Netbeans/jdd-pandemia/dist/jdd-package.common.js
FN:2,(anonymous_0)
FN:7,__webpack_require__
FN:38,(anonymous_2)
FN:45,(anonymous_3)
FN:57,(anonymous_4)
FN:64,(anonymous_5)
FN:69,(anonymous_6)
FN:71,getDefault
FN:72,getModuleExports
FN:78,(anonymous_9)
FN:91,(anonymous_10)
FN:109,(anonymous_11)
FN:111,(anonymous_12)
FN:113,(anonymous_13)
FN:116,keys
FN:117,values
FN:118,entries
FN:142,values
FN:168,(anonymous_18)
FN:171,(anonymous_19)
FN:179,(anonymous_20)
FN:185,keys
FN:193,(anonymous_22)
FN:198,(anonymous_23)
FN:207,(anonymous_24)
FN:217,getOwnPropertyDescriptor
FN:230,(anonymous_26)
FN:236,defineProperties
FN:250,(anonymous_28)
FN:257,(anonymous_29)
FN:261,(anonymous_30)
FN:275,(anonymous_31)
FN:286,(anonymous_32)
FN:297,(anonymous_33)
FN:303,(anonymous_34)
FN:316,(anonymous_35)
FN:326,(anonymous_36)
FN:332,(anonymous_37)
FN:340,(anonymous_38)
FN:347,(anonymous_39)
FN:356,(anonymous_40)
FN:362,(anonymous_41)
FN:370,(anonymous_42)
FN:374,(anonymous_43)
FN:382,(anonymous_44)
FN:391,(anonymous_45)
FN:394,(anonymous_46)
FN:403,(anonymous_47)
FN:411,(anonymous_48)
FN:413,(anonymous_49)
FN:425,(anonymous_50)
FN:435,(anonymous_51)
FN:439,(anonymous_52)
FN:455,toString
FN:463,(anonymous_54)
FN:470,(anonymous_55)
FN:474,(anonymous_56)
FN:495,create
FN:511,(anonymous_58)
FN:518,(anonymous_59)
FN:529,(anonymous_60)
FN:537,(anonymous_61)
FN:541,(anonymous_62)
FN:549,(anonymous_63)
FN:552,(anonymous_64)
FN:572,(anonymous_65)
FN:590,(anonymous_66)
FN:592,(anonymous_67)
FN:594,(anonymous_68)
FN:597,keys
FN:598,values
FN:599,entries
FN:623,values
FN:649,(anonymous_73)
FN:653,(anonymous_74)
FN:655,(anonymous_75)
FN:664,(anonymous_76)
FN:673,(anonymous_77)
FN:678,(anonymous_78)
FN:686,(anonymous_79)
FN:694,(anonymous_80)
FN:698,(anonymous_81)
FN:700,(anonymous_82)
FN:709,(anonymous_83)
FN:714,(anonymous_84)
FN:722,(anonymous_85)
FN:729,(anonymous_86)
FN:737,(anonymous_87)
FN:745,(anonymous_88)
FN:757,(anonymous_89)
FN:762,(anonymous_90)
FN:770,(anonymous_91)
FN:776,(anonymous_92)
FN:776,(anonymous_93)
FN:776,(anonymous_94)
FN:776,(anonymous_95)
FN:776,(anonymous_96)
FN:776,(anonymous_97)
FN:776,(anonymous_98)
FN:776,(anonymous_99)
FN:810,_defineProperty
FN:837,_setPrototypeOf
FN:838,_setPrototypeOf
FN:849,isNativeReflectConstruct
FN:855,(anonymous_104)
FN:862,construct_construct
FN:866,_construct
FN:884,_arrayWithoutHoles
FN:904,_iterableToArray
FN:908,_nonIterableSpread
FN:915,_toConsumableArray
FN:925,(anonymous_111)
FN:938,(anonymous_112)
FN:943,(anonymous_113)
FN:958,ownKeys
FN:958,(anonymous_115)
FN:960,_objectSpread
FN:960,(anonymous_117)
FN:960,(anonymous_118)
FN:964,radius
FN:970,toggle
FN:974,notSelectable
FN:986,Actions_ownKeys
FN:986,(anonymous_123)
FN:988,Actions_objectSpread
FN:988,(anonymous_125)
FN:988,(anonymous_126)
FN:994,points
FN:997,none
FN:1002,points
FN:1005,none
FN:1009,onRadius
FN:1016,(anonymous_132)
FN:1024,onRandomRadius
FN:1027,(anonymous_134)
FN:1041,onChain
FN:1055,_loop
FN:1058,(anonymous_137)
FN:1097,addPoints
FN:1196,data
FN:1219,usedLevel
FN:1220,(anonymous_141)
FN:1224,level
FN:1227,infection
FN:1230,experience
FN:1231,(anonymous_145)
FN:1237,evolve
FN:1240,pointerStroke
FN:1243,pointerFill
FN:1246,selectAction
FN:1251,fillCity
FN:1260,strokeWidthCity
FN:1267,strokeCity
FN:1277,mouseMap
FN:1290,clickMap
FN:1306,doAction
FN:1312,doCityAction
FN:1322,mounted
FN:1325,(anonymous_158)
FN:1335,(anonymous_159)
FN:1338,(anonymous_160)
FN:1353,normalizeComponent
FN:1387,(anonymous_162)
FN:1411,(anonymous_163)
FN:1422,renderWithStyleInjection
FN:1465,(anonymous_165)
FN:1471,(anonymous_166)
FN:1474,(anonymous_167)
FN:1480,(anonymous_168)
FN:1495,(anonymous_169)
FN:1505,(anonymous_170)
FN:1507,(anonymous_171)
FN:1516,(anonymous_172)
FN:1520,defineProperty
FN:1528,(anonymous_174)
FN:1534,(anonymous_175)
FN:1535,keys
FN:1544,(anonymous_177)
FN:1549,(anonymous_178)
FN:1557,(anonymous_179)
FN:1563,(anonymous_180)
FN:1571,(anonymous_181)
FN:1573,(anonymous_182)
FN:1586,(anonymous_183)
FN:1596,(anonymous_184)
FN:1604,(anonymous_185)
FN:1608,(anonymous_186)
FN:1616,(anonymous_187)
FN:1623,(anonymous_188)
FN:1630,(anonymous_189)
FN:1632,(anonymous_190)
FN:1635,(anonymous_191)
FN:1641,(anonymous_192)
FN:1642,(anonymous_193)
FN:1652,(anonymous_194)
FN:1654,(anonymous_195)
FN:1662,(anonymous_196)
FN:1664,(anonymous_197)
FN:1671,(anonymous_198)
FN:1674,(anonymous_199)
FN:1678,(anonymous_200)
FN:1684,Timeout
FN:1688,(anonymous_202)
FN:1689,(anonymous_203)
FN:1694,(anonymous_204)
FN:1699,(anonymous_205)
FN:1704,(anonymous_206)
FN:1709,onTimeout
FN:1733,(anonymous_208)
FN:1740,(anonymous_209)
FN:1751,(anonymous_210)
FN:1759,(anonymous_211)
FN:1767,(anonymous_212)
FN:1779,(anonymous_213)
FN:1792,(anonymous_214)
FN:1794,from
FN:1824,(anonymous_216)
FN:1834,(anonymous_217)
FN:1841,(anonymous_218)
FN:1853,(anonymous_219)
FN:1857,(anonymous_220)
FN:1865,(anonymous_221)
FN:1874,(anonymous_222)
FN:1881,(anonymous_223)
FN:1882,(anonymous_224)
FN:1904,(anonymous_225)
FN:1913,(anonymous_226)
FN:1954,(anonymous_227)
FN:1960,(anonymous_228)
FN:1964,(anonymous_229)
FN:1971,(anonymous_230)
FN:1973,(anonymous_231)
FN:1973,(anonymous_232)
FN:1986,setImmediate
FN:2003,clearImmediate
FN:2007,run
FN:2029,runIfPresent
FN:2050,installNextTickImplementation
FN:2051,(anonymous_238)
FN:2052,(anonymous_239)
FN:2056,canUsePostMessage
FN:2062,(anonymous_241)
FN:2071,installPostMessageImplementation
FN:2077,(anonymous_243)
FN:2091,(anonymous_244)
FN:2096,installMessageChannelImplementation
FN:2098,(anonymous_246)
FN:2103,(anonymous_247)
FN:2108,installReadyStateChangeImplementation
FN:2110,(anonymous_249)
FN:2114,(anonymous_250)
FN:2124,installSetTimeoutImplementation
FN:2125,(anonymous_252)
FN:2165,(anonymous_253)
FN:2169,(anonymous_254)
FN:2177,(anonymous_255)
FN:2182,(anonymous_256)
FN:2190,(anonymous_257)
FN:2194,(anonymous_258)
FN:2202,(anonymous_259)
FN:2211,(anonymous_260)
FN:2234,(anonymous_261)
FN:2235,(anonymous_262)
FN:2271,(anonymous_263)
FN:2276,(anonymous_264)
FN:2284,(anonymous_265)
FN:2287,(anonymous_266)
FN:2295,(anonymous_267)
FN:2301,(anonymous_268)
FN:2314,(anonymous_269)
FN:2321,webpackContext
FN:2325,webpackContextResolve
FN:2333,webpackContextKeys
FN:2343,(anonymous_273)
FN:2347,(anonymous_274)
FN:2355,(anonymous_275)
FN:2381,(anonymous_276)
FN:2387,(anonymous_277)
FN:2388,(anonymous_278)
FN:2405,(anonymous_279)
FN:2419,(anonymous_280)
FN:2426,(anonymous_281)
FN:2428,assign
FN:2451,(anonymous_283)
FN:2465,(anonymous_284)
FN:2466,F
FN:2467,(anonymous_286)
FN:2469,(anonymous_287)
FN:2470,(anonymous_288)
FN:2474,construct
FN:2505,(anonymous_290)
FN:2518,(anonymous_291)
FN:2525,(anonymous_292)
FN:2530,(anonymous_293)
FN:2539,(anonymous_294)
FN:2541,(anonymous_295)
FN:2542,(anonymous_296)
FN:2549,(anonymous_297)
FN:2551,(anonymous_298)
FN:2560,(anonymous_299)
FN:2562,(anonymous_300)
FN:2574,(anonymous_301)
FN:2579,(anonymous_302)
FN:2589,(anonymous_303)
FN:2595,defineProperties
FN:2609,(anonymous_305)
FN:2615,(anonymous_306)
FN:2623,(anonymous_307)
FN:2632,(anonymous_308)
FN:2634,(anonymous_309)
FN:2640,(anonymous_310)
FN:2648,(anonymous_311)
FN:2655,(anonymous_312)
FN:2662,defineProperty
FN:2678,(anonymous_314)
FN:2685,(anonymous_315)
FN:2688,(anonymous_316)
FN:2689,(anonymous_317)
FN:2696,(anonymous_318)
FN:2706,getOwnPropertyDescriptors
FN:2725,(anonymous_320)
FN:2735,(anonymous_321)
FN:2737,(anonymous_322)
FN:2746,(anonymous_323)
FN:2750,isArray
FN:2758,(anonymous_325)
FN:2764,getOwnPropertyNames
FN:2772,(anonymous_327)
FN:2780,(anonymous_328)
FN:2785,(anonymous_329)
FN:2797,(anonymous_330)
FN:2804,ownKeys
FN:2814,(anonymous_332)
FN:2818,(anonymous_333)
FN:2822,(anonymous_334)
FN:2825,(anonymous_335)
FN:2828,(anonymous_336)
FN:2832,(anonymous_337)
FN:2841,(anonymous_338)
FN:2847,(anonymous_339)
FN:2855,(anonymous_340)
FN:2860,(anonymous_341)
FN:2868,(anonymous_342)
FN:2871,(anonymous_343)
FN:2872,(anonymous_344)
FN:2879,(anonymous_345)
FN:2886,(anonymous_346)
FN:2890,(anonymous_347)
FN:2911,create
FN:2927,(anonymous_349)
FN:2934,(anonymous_350)
FN:2941,(anonymous_351)
FN:2948,(anonymous_352)
FN:2957,(anonymous_353)
FN:3022,(anonymous_354)
FN:3024,(anonymous_355)
FN:3037,(anonymous_356)
FN:3041,(anonymous_357)
FN:3056,(anonymous_358)
FN:3061,(anonymous_359)
FN:3069,(anonymous_360)
FN:3077,(anonymous_361)
FN:3080,(anonymous_362)
FN:3089,(anonymous_363)
FN:3099,getOwnPropertyDescriptor
FN:3112,(anonymous_365)
FN:3122,(anonymous_366)
FN:3130,bind
FN:3133,(anonymous_368)
FN:3145,(anonymous_369)
FN:3152,(anonymous_370)
FN:3153,(anonymous_371)
FN:3175,(anonymous_372)
FN:3188,(anonymous_373)
FN:3193,(anonymous_374)
FN:3217,(anonymous_375)
FN:3223,keys
FN:3231,(anonymous_377)
FN:3233,(anonymous_378)
FN:3234,(anonymous_379)
FN:3241,(anonymous_380)
FN:3246,(anonymous_381)
FN:3268,(anonymous_382)
FN:3275,(anonymous_383)
FN:3279,(anonymous_384)
FN:3287,(anonymous_385)
FN:3300,(anonymous_386)
FN:3305,(anonymous_387)
FN:3329,(anonymous_388)
FN:3332,(anonymous_389)
FN:3341,(anonymous_390)
FN:3348,(anonymous_391)
FN:3365,(anonymous_392)
FN:3375,(anonymous_393)
FN:3377,(anonymous_394)
FN:3385,(anonymous_395)
FN:3387,(anonymous_396)
FN:3395,(anonymous_397)
FN:3399,(anonymous_398)
FN:3403,(anonymous_399)
FN:3406,(anonymous_400)
FN:3409,(anonymous_401)
FN:3413,(anonymous_402)
FN:3422,(anonymous_403)
FN:3424,(anonymous_404)
FN:3433,(anonymous_405)
FN:3440,defineProperty
FN:3456,(anonymous_407)
FN:3463,(anonymous_408)
FN:3475,(anonymous_409)
FN:3486,(anonymous_410)
FN:3489,(anonymous_411)
FN:3498,(anonymous_412)
FN:3511,(anonymous_413)
FN:3518,(anonymous_414)
FN:3535,(anonymous_415)
FN:3541,(anonymous_416)
FN:3547,(anonymous_417)
FN:3553,setPrototypeOf
FN:3567,(anonymous_419)
FN:3574,(anonymous_420)
FN:3583,(anonymous_421)
FN:3596,defaultSetTimout
FN:3599,defaultClearTimeout
FN:3602,(anonymous_424)
FN:3622,runTimeout
FN:3647,runClearTimeout
FN:3679,cleanUpNextTick
FN:3694,drainQueue
FN:3718,(anonymous_429)
FN:3732,Item
FN:3736,(anonymous_431)
FN:3746,noop
FN:3758,(anonymous_433)
FN:3760,(anonymous_434)
FN:3764,(anonymous_435)
FN:3765,(anonymous_436)
FN:3768,(anonymous_437)
FN:3774,(anonymous_438)
FN:3783,(anonymous_439)
FN:3789,(anonymous_440)
FN:3796,(anonymous_441)
FN:3826,(anonymous_442)
FN:3837,(anonymous_443)
FN:3839,(anonymous_444)
FN:3847,(anonymous_445)
FN:3855,(anonymous_446)
FN:3864,(anonymous_447)
FN:3899,(anonymous_448)
FNF:449
FNH:0
FNDA:0,(anonymous_0)
FNDA:0,__webpack_require__
FNDA:0,(anonymous_2)
FNDA:0,(anonymous_3)
FNDA:0,(anonymous_4)
FNDA:0,(anonymous_5)
FNDA:0,(anonymous_6)
FNDA:0,getDefault
FNDA:0,getModuleExports
FNDA:0,(anonymous_9)
FNDA:0,(anonymous_10)
FNDA:0,(anonymous_11)
FNDA:0,(anonymous_12)
FNDA:0,(anonymous_13)
FNDA:0,keys
FNDA:0,values
FNDA:0,entries
FNDA:0,values
FNDA:0,(anonymous_18)
FNDA:0,(anonymous_19)
FNDA:0,(anonymous_20)
FNDA:0,keys
FNDA:0,(anonymous_22)
FNDA:0,(anonymous_23)
FNDA:0,(anonymous_24)
FNDA:0,getOwnPropertyDescriptor
FNDA:0,(anonymous_26)
FNDA:0,defineProperties
FNDA:0,(anonymous_28)
FNDA:0,(anonymous_29)
FNDA:0,(anonymous_30)
FNDA:0,(anonymous_31)
FNDA:0,(anonymous_32)
FNDA:0,(anonymous_33)
FNDA:0,(anonymous_34)
FNDA:0,(anonymous_35)
FNDA:0,(anonymous_36)
FNDA:0,(anonymous_37)
FNDA:0,(anonymous_38)
FNDA:0,(anonymous_39)
FNDA:0,(anonymous_40)
FNDA:0,(anonymous_41)
FNDA:0,(anonymous_42)
FNDA:0,(anonymous_43)
FNDA:0,(anonymous_44)
FNDA:0,(anonymous_45)
FNDA:0,(anonymous_46)
FNDA:0,(anonymous_47)
FNDA:0,(anonymous_48)
FNDA:0,(anonymous_49)
FNDA:0,(anonymous_50)
FNDA:0,(anonymous_51)
FNDA:0,(anonymous_52)
FNDA:0,toString
FNDA:0,(anonymous_54)
FNDA:0,(anonymous_55)
FNDA:0,(anonymous_56)
FNDA:0,create
FNDA:0,(anonymous_58)
FNDA:0,(anonymous_59)
FNDA:0,(anonymous_60)
FNDA:0,(anonymous_61)
FNDA:0,(anonymous_62)
FNDA:0,(anonymous_63)
FNDA:0,(anonymous_64)
FNDA:0,(anonymous_65)
FNDA:0,(anonymous_66)
FNDA:0,(anonymous_67)
FNDA:0,(anonymous_68)
FNDA:0,keys
FNDA:0,values
FNDA:0,entries
FNDA:0,values
FNDA:0,(anonymous_73)
FNDA:0,(anonymous_74)
FNDA:0,(anonymous_75)
FNDA:0,(anonymous_76)
FNDA:0,(anonymous_77)
FNDA:0,(anonymous_78)
FNDA:0,(anonymous_79)
FNDA:0,(anonymous_80)
FNDA:0,(anonymous_81)
FNDA:0,(anonymous_82)
FNDA:0,(anonymous_83)
FNDA:0,(anonymous_84)
FNDA:0,(anonymous_85)
FNDA:0,(anonymous_86)
FNDA:0,(anonymous_87)
FNDA:0,(anonymous_88)
FNDA:0,(anonymous_89)
FNDA:0,(anonymous_90)
FNDA:0,(anonymous_91)
FNDA:0,(anonymous_92)
FNDA:0,(anonymous_93)
FNDA:0,(anonymous_94)
FNDA:0,(anonymous_95)
FNDA:0,(anonymous_96)
FNDA:0,(anonymous_97)
FNDA:0,(anonymous_98)
FNDA:0,(anonymous_99)
FNDA:0,_defineProperty
FNDA:0,_setPrototypeOf
FNDA:0,_setPrototypeOf
FNDA:0,isNativeReflectConstruct
FNDA:0,(anonymous_104)
FNDA:0,construct_construct
FNDA:0,_construct
FNDA:0,_arrayWithoutHoles
FNDA:0,_iterableToArray
FNDA:0,_nonIterableSpread
FNDA:0,_toConsumableArray
FNDA:0,(anonymous_111)
FNDA:0,(anonymous_112)
FNDA:0,(anonymous_113)
FNDA:0,ownKeys
FNDA:0,(anonymous_115)
FNDA:0,_objectSpread
FNDA:0,(anonymous_117)
FNDA:0,(anonymous_118)
FNDA:0,radius
FNDA:0,toggle
FNDA:0,notSelectable
FNDA:0,Actions_ownKeys
FNDA:0,(anonymous_123)
FNDA:0,Actions_objectSpread
FNDA:0,(anonymous_125)
FNDA:0,(anonymous_126)
FNDA:0,points
FNDA:0,none
FNDA:0,points
FNDA:0,none
FNDA:0,onRadius
FNDA:0,(anonymous_132)
FNDA:0,onRandomRadius
FNDA:0,(anonymous_134)
FNDA:0,onChain
FNDA:0,_loop
FNDA:0,(anonymous_137)
FNDA:0,addPoints
FNDA:0,data
FNDA:0,usedLevel
FNDA:0,(anonymous_141)
FNDA:0,level
FNDA:0,infection
FNDA:0,experience
FNDA:0,(anonymous_145)
FNDA:0,evolve
FNDA:0,pointerStroke
FNDA:0,pointerFill
FNDA:0,selectAction
FNDA:0,fillCity
FNDA:0,strokeWidthCity
FNDA:0,strokeCity
FNDA:0,mouseMap
FNDA:0,clickMap
FNDA:0,doAction
FNDA:0,doCityAction
FNDA:0,mounted
FNDA:0,(anonymous_158)
FNDA:0,(anonymous_159)
FNDA:0,(anonymous_160)
FNDA:0,normalizeComponent
FNDA:0,(anonymous_162)
FNDA:0,(anonymous_163)
FNDA:0,renderWithStyleInjection
FNDA:0,(anonymous_165)
FNDA:0,(anonymous_166)
FNDA:0,(anonymous_167)
FNDA:0,(anonymous_168)
FNDA:0,(anonymous_169)
FNDA:0,(anonymous_170)
FNDA:0,(anonymous_171)
FNDA:0,(anonymous_172)
FNDA:0,defineProperty
FNDA:0,(anonymous_174)
FNDA:0,(anonymous_175)
FNDA:0,keys
FNDA:0,(anonymous_177)
FNDA:0,(anonymous_178)
FNDA:0,(anonymous_179)
FNDA:0,(anonymous_180)
FNDA:0,(anonymous_181)
FNDA:0,(anonymous_182)
FNDA:0,(anonymous_183)
FNDA:0,(anonymous_184)
FNDA:0,(anonymous_185)
FNDA:0,(anonymous_186)
FNDA:0,(anonymous_187)
FNDA:0,(anonymous_188)
FNDA:0,(anonymous_189)
FNDA:0,(anonymous_190)
FNDA:0,(anonymous_191)
FNDA:0,(anonymous_192)
FNDA:0,(anonymous_193)
FNDA:0,(anonymous_194)
FNDA:0,(anonymous_195)
FNDA:0,(anonymous_196)
FNDA:0,(anonymous_197)
FNDA:0,(anonymous_198)
FNDA:0,(anonymous_199)
FNDA:0,(anonymous_200)
FNDA:0,Timeout
FNDA:0,(anonymous_202)
FNDA:0,(anonymous_203)
FNDA:0,(anonymous_204)
FNDA:0,(anonymous_205)
FNDA:0,(anonymous_206)
FNDA:0,onTimeout
FNDA:0,(anonymous_208)
FNDA:0,(anonymous_209)
FNDA:0,(anonymous_210)
FNDA:0,(anonymous_211)
FNDA:0,(anonymous_212)
FNDA:0,(anonymous_213)
FNDA:0,(anonymous_214)
FNDA:0,from
FNDA:0,(anonymous_216)
FNDA:0,(anonymous_217)
FNDA:0,(anonymous_218)
FNDA:0,(anonymous_219)
FNDA:0,(anonymous_220)
FNDA:0,(anonymous_221)
FNDA:0,(anonymous_222)
FNDA:0,(anonymous_223)
FNDA:0,(anonymous_224)
FNDA:0,(anonymous_225)
FNDA:0,(anonymous_226)
FNDA:0,(anonymous_227)
FNDA:0,(anonymous_228)
FNDA:0,(anonymous_229)
FNDA:0,(anonymous_230)
FNDA:0,(anonymous_231)
FNDA:0,(anonymous_232)
FNDA:0,setImmediate
FNDA:0,clearImmediate
FNDA:0,run
FNDA:0,runIfPresent
FNDA:0,installNextTickImplementation
FNDA:0,(anonymous_238)
FNDA:0,(anonymous_239)
FNDA:0,canUsePostMessage
FNDA:0,(anonymous_241)
FNDA:0,installPostMessageImplementation
FNDA:0,(anonymous_243)
FNDA:0,(anonymous_244)
FNDA:0,installMessageChannelImplementation
FNDA:0,(anonymous_246)
FNDA:0,(anonymous_247)
FNDA:0,installReadyStateChangeImplementation
FNDA:0,(anonymous_249)
FNDA:0,(anonymous_250)
FNDA:0,installSetTimeoutImplementation
FNDA:0,(anonymous_252)
FNDA:0,(anonymous_253)
FNDA:0,(anonymous_254)
FNDA:0,(anonymous_255)
FNDA:0,(anonymous_256)
FNDA:0,(anonymous_257)
FNDA:0,(anonymous_258)
FNDA:0,(anonymous_259)
FNDA:0,(anonymous_260)
FNDA:0,(anonymous_261)
FNDA:0,(anonymous_262)
FNDA:0,(anonymous_263)
FNDA:0,(anonymous_264)
FNDA:0,(anonymous_265)
FNDA:0,(anonymous_266)
FNDA:0,(anonymous_267)
FNDA:0,(anonymous_268)
FNDA:0,(anonymous_269)
FNDA:0,webpackContext
FNDA:0,webpackContextResolve
FNDA:0,webpackContextKeys
FNDA:0,(anonymous_273)
FNDA:0,(anonymous_274)
FNDA:0,(anonymous_275)
FNDA:0,(anonymous_276)
FNDA:0,(anonymous_277)
FNDA:0,(anonymous_278)
FNDA:0,(anonymous_279)
FNDA:0,(anonymous_280)
FNDA:0,(anonymous_281)
FNDA:0,assign
FNDA:0,(anonymous_283)
FNDA:0,(anonymous_284)
FNDA:0,F
FNDA:0,(anonymous_286)
FNDA:0,(anonymous_287)
FNDA:0,(anonymous_288)
FNDA:0,construct
FNDA:0,(anonymous_290)
FNDA:0,(anonymous_291)
FNDA:0,(anonymous_292)
FNDA:0,(anonymous_293)
FNDA:0,(anonymous_294)
FNDA:0,(anonymous_295)
FNDA:0,(anonymous_296)
FNDA:0,(anonymous_297)
FNDA:0,(anonymous_298)
FNDA:0,(anonymous_299)
FNDA:0,(anonymous_300)
FNDA:0,(anonymous_301)
FNDA:0,(anonymous_302)
FNDA:0,(anonymous_303)
FNDA:0,defineProperties
FNDA:0,(anonymous_305)
FNDA:0,(anonymous_306)
FNDA:0,(anonymous_307)
FNDA:0,(anonymous_308)
FNDA:0,(anonymous_309)
FNDA:0,(anonymous_310)
FNDA:0,(anonymous_311)
FNDA:0,(anonymous_312)
FNDA:0,defineProperty
FNDA:0,(anonymous_314)
FNDA:0,(anonymous_315)
FNDA:0,(anonymous_316)
FNDA:0,(anonymous_317)
FNDA:0,(anonymous_318)
FNDA:0,getOwnPropertyDescriptors
FNDA:0,(anonymous_320)
FNDA:0,(anonymous_321)
FNDA:0,(anonymous_322)
FNDA:0,(anonymous_323)
FNDA:0,isArray
FNDA:0,(anonymous_325)
FNDA:0,getOwnPropertyNames
FNDA:0,(anonymous_327)
FNDA:0,(anonymous_328)
FNDA:0,(anonymous_329)
FNDA:0,(anonymous_330)
FNDA:0,ownKeys
FNDA:0,(anonymous_332)
FNDA:0,(anonymous_333)
FNDA:0,(anonymous_334)
FNDA:0,(anonymous_335)
FNDA:0,(anonymous_336)
FNDA:0,(anonymous_337)
FNDA:0,(anonymous_338)
FNDA:0,(anonymous_339)
FNDA:0,(anonymous_340)
FNDA:0,(anonymous_341)
FNDA:0,(anonymous_342)
FNDA:0,(anonymous_343)
FNDA:0,(anonymous_344)
FNDA:0,(anonymous_345)
FNDA:0,(anonymous_346)
FNDA:0,(anonymous_347)
FNDA:0,create
FNDA:0,(anonymous_349)
FNDA:0,(anonymous_350)
FNDA:0,(anonymous_351)
FNDA:0,(anonymous_352)
FNDA:0,(anonymous_353)
FNDA:0,(anonymous_354)
FNDA:0,(anonymous_355)
FNDA:0,(anonymous_356)
FNDA:0,(anonymous_357)
FNDA:0,(anonymous_358)
FNDA:0,(anonymous_359)
FNDA:0,(anonymous_360)
FNDA:0,(anonymous_361)
FNDA:0,(anonymous_362)
FNDA:0,(anonymous_363)
FNDA:0,getOwnPropertyDescriptor
FNDA:0,(anonymous_365)
FNDA:0,(anonymous_366)
FNDA:0,bind
FNDA:0,(anonymous_368)
FNDA:0,(anonymous_369)
FNDA:0,(anonymous_370)
FNDA:0,(anonymous_371)
FNDA:0,(anonymous_372)
FNDA:0,(anonymous_373)
FNDA:0,(anonymous_374)
FNDA:0,(anonymous_375)
FNDA:0,keys
FNDA:0,(anonymous_377)
FNDA:0,(anonymous_378)
FNDA:0,(anonymous_379)
FNDA:0,(anonymous_380)
FNDA:0,(anonymous_381)
FNDA:0,(anonymous_382)
FNDA:0,(anonymous_383)
FNDA:0,(anonymous_384)
FNDA:0,(anonymous_385)
FNDA:0,(anonymous_386)
FNDA:0,(anonymous_387)
FNDA:0,(anonymous_388)
FNDA:0,(anonymous_389)
FNDA:0,(anonymous_390)
FNDA:0,(anonymous_391)
FNDA:0,(anonymous_392)
FNDA:0,(anonymous_393)
FNDA:0,(anonymous_394)
FNDA:0,(anonymous_395)
FNDA:0,(anonymous_396)
FNDA:0,(anonymous_397)
FNDA:0,(anonymous_398)
FNDA:0,(anonymous_399)
FNDA:0,(anonymous_400)
FNDA:0,(anonymous_401)
FNDA:0,(anonymous_402)
FNDA:0,(anonymous_403)
FNDA:0,(anonymous_404)
FNDA:0,(anonymous_405)
FNDA:0,defineProperty
FNDA:0,(anonymous_407)
FNDA:0,(anonymous_408)
FNDA:0,(anonymous_409)
FNDA:0,(anonymous_410)
FNDA:0,(anonymous_411)
FNDA:0,(anonymous_412)
FNDA:0,(anonymous_413)
FNDA:0,(anonymous_414)
FNDA:0,(anonymous_415)
FNDA:0,(anonymous_416)
FNDA:0,(anonymous_417)
FNDA:0,setPrototypeOf
FNDA:0,(anonymous_419)
FNDA:0,(anonymous_420)
FNDA:0,(anonymous_421)
FNDA:0,defaultSetTimout
FNDA:0,defaultClearTimeout
FNDA:0,(anonymous_424)
FNDA:0,runTimeout
FNDA:0,runClearTimeout
FNDA:0,cleanUpNextTick
FNDA:0,drainQueue
FNDA:0,(anonymous_429)
FNDA:0,Item
FNDA:0,(anonymous_431)
FNDA:0,noop
FNDA:0,(anonymous_433)
FNDA:0,(anonymous_434)
FNDA:0,(anonymous_435)
FNDA:0,(anonymous_436)
FNDA:0,(anonymous_437)
FNDA:0,(anonymous_438)
FNDA:0,(anonymous_439)
FNDA:0,(anonymous_440)
FNDA:0,(anonymous_441)
FNDA:0,(anonymous_442)
FNDA:0,(anonymous_443)
FNDA:0,(anonymous_444)
FNDA:0,(anonymous_445)
FNDA:0,(anonymous_446)
FNDA:0,(anonymous_447)
FNDA:0,(anonymous_448)
DA:1,0
DA:4,0
DA:10,0
DA:11,0
DA:14,0
DA:21,0
DA:24,0
DA:27,0
DA:32,0
DA:35,0
DA:38,0
DA:39,0
DA:40,0
DA:45,0
DA:46,0
DA:47,0
DA:49,0
DA:57,0
DA:58,0
DA:59,0
DA:60,0
DA:61,0
DA:62,0
DA:63,0
DA:64,0
DA:65,0
DA:69,0
DA:70,0
DA:71,0
DA:72,0
DA:73,0
DA:74,0
DA:78,0
DA:81,0
DA:85,0
DA:95,0
DA:96,0
DA:97,0
DA:98,0
DA:99,0
DA:100,0
DA:101,0
DA:102,0
DA:103,0
DA:104,0
DA:105,0
DA:106,0
DA:107,0
DA:109,0
DA:111,0
DA:112,0
DA:113,0
DA:114,0
DA:115,0
DA:116,0
DA:117,0
DA:118,0
DA:120,0
DA:121,0
DA:122,0
DA:123,0
DA:124,0
DA:125,0
DA:126,0
DA:127,0
DA:130,0
DA:131,0
DA:132,0
DA:134,0
DA:136,0
DA:140,0
DA:141,0
DA:142,0
DA:145,0
DA:146,0
DA:149,0
DA:150,0
DA:151,0
DA:152,0
DA:157,0
DA:158,0
DA:159,0
DA:161,0
DA:170,0
DA:171,0
DA:172,0
DA:182,0
DA:183,0
DA:185,0
DA:186,0
DA:195,0
DA:196,0
DA:197,0
DA:198,0
DA:199,0
DA:200,0
DA:209,0
DA:210,0
DA:211,0
DA:212,0
DA:213,0
DA:214,0
DA:215,0
DA:217,0
DA:218,0
DA:219,0
DA:220,0
DA:221,0
DA:223,0
DA:232,0
DA:233,0
DA:234,0
DA:236,0
DA:237,0
DA:238,0
DA:239,0
DA:240,0
DA:242,0
DA:243,0
DA:254,0
DA:257,0
DA:258,0
DA:259,0
DA:262,0
DA:263,0
DA:265,0
DA:266,0
DA:267,0
DA:268,0
DA:278,0
DA:289,0
DA:291,0
DA:300,0
DA:303,0
DA:304,0
DA:306,0
DA:307,0
DA:308,0
DA:309,0
DA:319,0
DA:320,0
DA:328,0
DA:329,0
DA:331,0
DA:332,0
DA:333,0
DA:344,0
DA:345,0
DA:347,0
DA:348,0
DA:349,0
DA:358,0
DA:359,0
DA:361,0
DA:362,0
DA:363,0
DA:373,0
DA:374,0
DA:375,0
DA:384,0
DA:385,0
DA:394,0
DA:395,0
DA:396,0
DA:405,0
DA:413,0
DA:414,0
DA:415,0
DA:417,0
DA:427,0
DA:428,0
DA:429,0
DA:430,0
DA:431,0
DA:432,0
DA:433,0
DA:435,0
DA:436,0
DA:439,0
DA:440,0
DA:441,0
DA:442,0
DA:443,0
DA:444,0
DA:445,0
DA:446,0
DA:447,0
DA:448,0
DA:449,0
DA:450,0
DA:452,0
DA:456,0
DA:466,0
DA:467,0
DA:468,0
DA:469,0
DA:470,0
DA:471,0
DA:474,0
DA:476,0
DA:477,0
DA:478,0
DA:479,0
DA:481,0
DA:482,0
DA:483,0
DA:486,0
DA:487,0
DA:488,0
DA:489,0
DA:490,0
DA:491,0
DA:492,0
DA:495,0
DA:497,0
DA:498,0
DA:499,0
DA:500,0
DA:502,0
DA:503,0
DA:504,0
DA:513,0
DA:514,0
DA:515,0
DA:516,0
DA:518,0
DA:519,0
DA:523,0
DA:531,0
DA:539,0
DA:541,0
DA:542,0
DA:552,0
DA:553,0
DA:554,0
DA:555,0
DA:557,0
DA:559,0
DA:561,0
DA:563,0
DA:565,0
DA:576,0
DA:577,0
DA:578,0
DA:579,0
DA:580,0
DA:581,0
DA:582,0
DA:583,0
DA:584,0
DA:585,0
DA:586,0
DA:587,0
DA:588,0
DA:590,0
DA:592,0
DA:593,0
DA:594,0
DA:595,0
DA:596,0
DA:597,0
DA:598,0
DA:599,0
DA:601,0
DA:602,0
DA:603,0
DA:604,0
DA:605,0
DA:606,0
DA:607,0
DA:608,0
DA:611,0
DA:612,0
DA:613,0
DA:615,0
DA:617,0
DA:621,0
DA:622,0
DA:623,0
DA:626,0
DA:627,0
DA:630,0
DA:631,0
DA:632,0
DA:633,0
DA:638,0
DA:639,0
DA:640,0
DA:642,0
DA:651,0
DA:652,0
DA:653,0
DA:654,0
DA:656,0
DA:657,0
DA:666,0
DA:667,0
DA:676,0
DA:678,0
DA:679,0
DA:688,0
DA:696,0
DA:697,0
DA:698,0
DA:699,0
DA:701,0
DA:702,0
DA:712,0
DA:713,0
DA:714,0
DA:715,0
DA:725,0
DA:726,0
DA:727,0
DA:729,0
DA:730,0
DA:740,0
DA:741,0
DA:742,0
DA:743,0
DA:745,0
DA:746,0
DA:747,0
DA:748,0
DA:749,0
DA:750,0
DA:760,0
DA:761,0
DA:762,0
DA:763,0
DA:773,0
DA:776,0
DA:777,0
DA:783,0
DA:786,0
DA:789,0
DA:792,0
DA:793,0
DA:796,0
DA:799,0
DA:802,0
DA:805,0
DA:806,0
DA:811,0
DA:812,0
DA:819,0
DA:822,0
DA:825,0
DA:828,0
DA:829,0
DA:832,0
DA:833,0
DA:838,0
DA:839,0
DA:840,0
DA:843,0
DA:850,0
DA:851,0
DA:852,0
DA:854,0
DA:855,0
DA:856,0
DA:858,0
DA:863,0
DA:864,0
DA:866,0
DA:867,0
DA:868,0
DA:869,0
DA:870,0
DA:871,0
DA:872,0
DA:876,0
DA:879,0
DA:880,0
DA:885,0
DA:886,0
DA:887,0
DA:890,0
DA:894,0
DA:895,0
DA:898,0
DA:899,0
DA:905,0
DA:909,0
DA:916,0
DA:925,0
DA:926,0
DA:927,0
DA:928,0
DA:929,0
DA:931,0
DA:932,0
DA:933,0
DA:936,0
DA:938,0
DA:939,0
DA:942,0
DA:943,0
DA:944,0
DA:946,0
DA:949,0
DA:958,0
DA:960,0
DA:963,0
DA:965,0
DA:966,0
DA:967,0
DA:968,0
DA:971,0
DA:972,0
DA:975,0
DA:978,0
DA:986,0
DA:988,0
DA:991,0
DA:993,0
DA:995,0
DA:998,0
DA:1001,0
DA:1003,0
DA:1008,0
DA:1010,0
DA:1012,0
DA:1013,0
DA:1014,0
DA:1015,0
DA:1016,0
DA:1017,0
DA:1019,0
DA:1020,0
DA:1025,0
DA:1026,0
DA:1027,0
DA:1028,0
DA:1031,0
DA:1032,0
DA:1033,0
DA:1035,0
DA:1036,0
DA:1042,0
DA:1044,0
DA:1045,0
DA:1046,0
DA:1047,0
DA:1048,0
DA:1049,0
DA:1050,0
DA:1051,0
DA:1052,0
DA:1053,0
DA:1055,0
DA:1056,0
DA:1058,0
DA:1059,0
DA:1061,0
DA:1062,0
DA:1063,0
DA:1065,0
DA:1070,0
DA:1071,0
DA:1072,0
DA:1075,0
DA:1076,0
DA:1077,0
DA:1078,0
DA:1080,0
DA:1081,0
DA:1082,0
DA:1083,0
DA:1084,0
DA:1085,0
DA:1086,0
DA:1087,0
DA:1091,0
DA:1092,0
DA:1094,0
DA:1098,0
DA:1101,0
DA:1193,0
DA:1197,0
DA:1220,0
DA:1221,0
DA:1225,0
DA:1228,0
DA:1231,0
DA:1232,0
DA:1238,0
DA:1241,0
DA:1244,0
DA:1247,0
DA:1248,0
DA:1252,0
DA:1253,0
DA:1254,0
DA:1255,0
DA:1256,0
DA:1257,0
DA:1258,0
DA:1261,0
DA:1262,0
DA:1265,0
DA:1268,0
DA:1269,0
DA:1272,0
DA:1273,0
DA:1274,0
DA:1275,0
DA:1278,0
DA:1279,0
DA:1282,0
DA:1283,0
DA:1284,0
DA:1287,0
DA:1288,0
DA:1291,0
DA:1292,0
DA:1293,0
DA:1296,0
DA:1297,0
DA:1298,0
DA:1299,0
DA:1300,0
DA:1301,0
DA:1302,0
DA:1303,0
DA:1308,0
DA:1310,0
DA:1313,0
DA:1314,0
DA:1317,0
DA:1318,0
DA:1319,0
DA:1323,0
DA:1325,0
DA:1326,0
DA:1327,0
DA:1328,0
DA:1330,0
DA:1331,0
DA:1335,0
DA:1336,0
DA:1338,0
DA:1339,0
DA:1345,0
DA:1364,0
DA:1369,0
DA:1370,0
DA:1371,0
DA:1372,0
DA:1376,0
DA:1377,0
DA:1381,0
DA:1382,0
DA:1386,0
DA:1387,0
DA:1389,0
DA:1394,0
DA:1395,0
DA:1398,0
DA:1399,0
DA:1402,0
DA:1403,0
DA:1408,0
DA:1409,0
DA:1410,0
DA:1411,0
DA:1415,0
DA:1416,0
DA:1419,0
DA:1421,0
DA:1422,0
DA:1423,0
DA:1424,0
DA:1428,0
DA:1429,0
DA:1435,0
DA:1449,0
DA:1460,0
DA:1468,0
DA:1469,0
DA:1471,0
DA:1474,0
DA:1475,0
DA:1476,0
DA:1480,0
DA:1482,0
DA:1499,0
DA:1500,0
DA:1501,0
DA:1502,0
DA:1505,0
DA:1507,0
DA:1508,0
DA:1509,0
DA:1518,0
DA:1519,0
DA:1520,0
DA:1521,0
DA:1531,0
DA:1532,0
DA:1534,0
DA:1535,0
DA:1536,0
DA:1547,0
DA:1548,0
DA:1549,0
DA:1550,0
DA:1559,0
DA:1560,0
DA:1561,0
DA:1563,0
DA:1564,0
DA:1573,0
DA:1574,0
DA:1588,0
DA:1590,0
DA:1598,0
DA:1607,0
DA:1608,0
DA:1609,0
DA:1618,0
DA:1625,0
DA:1626,0
DA:1628,0
DA:1629,0
DA:1630,0
DA:1632,0
DA:1635,0
DA:1636,0
DA:1637,0
DA:1638,0
DA:1639,0
DA:1640,0
DA:1641,0
DA:1642,0
DA:1643,0
DA:1645,0
DA:1654,0
DA:1655,0
DA:1664,0
DA:1667,0
DA:1671,0
DA:1672,0
DA:1674,0
DA:1675,0
DA:1677,0
DA:1679,0
DA:1680,0
DA:1685,0
DA:1686,0
DA:1688,0
DA:1689,0
DA:1690,0
DA:1694,0
DA:1695,0
DA:1696,0
DA:1699,0
DA:1700,0
DA:1701,0
DA:1704,0
DA:1705,0
DA:1707,0
DA:1708,0
DA:1709,0
DA:1710,0
DA:1711,0
DA:1717,0
DA:1721,0
DA:1724,0
DA:1735,0
DA:1736,0
DA:1737,0
DA:1738,0
DA:1740,0
DA:1741,0
DA:1745,0
DA:1753,0
DA:1762,0
DA:1763,0
DA:1764,0
DA:1765,0
DA:1767,0
DA:1768,0
DA:1769,0
DA:1770,0
DA:1771,0
DA:1772,0
DA:1783,0
DA:1784,0
DA:1785,0
DA:1786,0
DA:1787,0
DA:1788,0
DA:1789,0
DA:1790,0
DA:1792,0
DA:1795,0
DA:1796,0
DA:1797,0
DA:1798,0
DA:1799,0
DA:1800,0
DA:1801,0
DA:1803,0
DA:1805,0
DA:1806,0
DA:1807,0
DA:1810,0
DA:1811,0
DA:1812,0
DA:1815,0
DA:1816,0
DA:1826,0
DA:1827,0
DA:1828,0
DA:1836,0
DA:1837,0
DA:1838,0
DA:1839,0
DA:1841,0
DA:1842,0
DA:1855,0
DA:1856,0
DA:1857,0
DA:1858,0
DA:1867,0
DA:1868,0
DA:1878,0
DA:1879,0
DA:1880,0
DA:1881,0
DA:1882,0
DA:1883,0
DA:1884,0
DA:1885,0
DA:1889,0
DA:1890,0
DA:1892,0
DA:1894,0
DA:1895,0
DA:1896,0
DA:1906,0
DA:1907,0
DA:1908,0
DA:1909,0
DA:1910,0
DA:1911,0
DA:1913,0
DA:1914,0
DA:1915,0
DA:1916,0
DA:1917,0
DA:1918,0
DA:1919,0
DA:1920,0
DA:1921,0
DA:1923,0
DA:1924,0
DA:1926,0
DA:1928,0
DA:1930,0
DA:1932,0
DA:1934,0
DA:1935,0
DA:1938,0
DA:1940,0
DA:1941,0
DA:1942,0
DA:1943,0
DA:1944,0
DA:1945,0
DA:1946,0
DA:1947,0
DA:1948,0
DA:1957,0
DA:1958,0
DA:1959,0
DA:1960,0
DA:1961,0
DA:1962,0
DA:1963,0
DA:1964,0
DA:1973,0
DA:1976,0
DA:1977,0
DA:1980,0
DA:1981,0
DA:1982,0
DA:1983,0
DA:1988,0
DA:1989,0
DA:1992,0
DA:1993,0
DA:1994,0
DA:1997,0
DA:1998,0
DA:1999,0
DA:2000,0
DA:2004,0
DA:2008,0
DA:2009,0
DA:2010,0
DA:2012,0
DA:2013,0
DA:2015,0
DA:2016,0
DA:2018,0
DA:2019,0
DA:2021,0
DA:2022,0
DA:2024,0
DA:2025,0
DA:2032,0
DA:2035,0
DA:2037,0
DA:2038,0
DA:2039,0
DA:2040,0
DA:2041,0
DA:2043,0
DA:2044,0
DA:2051,0
DA:2052,0
DA:2059,0
DA:2060,0
DA:2061,0
DA:2062,0
DA:2063,0
DA:2065,0
DA:2066,0
DA:2067,0
DA:2076,0
DA:2077,0
DA:2078,0
DA:2081,0
DA:2085,0
DA:2086,0
DA:2088,0
DA:2091,0
DA:2092,0
DA:2097,0
DA:2098,0
DA:2099,0
DA:2100,0
DA:2103,0
DA:2104,0
DA:2109,0
DA:2110,0
DA:2113,0
DA:2114,0
DA:2115,0
DA:2116,0
DA:2117,0
DA:2118,0
DA:2120,0
DA:2125,0
DA:2126,0
DA:2131,0
DA:2132,0
DA:2135,0
DA:2137,0
DA:2139,0
DA:2141,0
DA:2143,0
DA:2145,0
DA:2147,0
DA:2149,0
DA:2153,0
DA:2156,0
DA:2157,0
DA:2167,0
DA:2168,0
DA:2169,0
DA:2170,0
DA:2180,0
DA:2182,0
DA:2183,0
DA:2192,0
DA:2193,0
DA:2194,0
DA:2195,0
DA:2204,0
DA:2205,0
DA:2206,0
DA:2207,0
DA:2208,0
DA:2209,0
DA:2211,0
DA:2212,0
DA:2213,0
DA:2214,0
DA:2215,0
DA:2216,0
DA:2217,0
DA:2218,0
DA:2219,0
DA:2220,0
DA:2222,0
DA:2223,0
DA:2225,0
DA:2226,0
DA:2228,0
DA:2230,0
DA:2235,0
DA:2236,0
DA:2237,0
DA:2238,0
DA:2239,0
DA:2240,0
DA:2241,0
DA:2242,0
DA:2244,0
DA:2245,0
DA:2249,0
DA:2250,0
DA:2252,0
DA:2257,0
DA:2258,0
DA:2259,0
DA:2260,0
DA:2261,0
DA:2262,0
DA:2263,0
DA:2264,0
DA:2265,0
DA:2274,0
DA:2275,0
DA:2276,0
DA:2277,0
DA:2286,0
DA:2287,0
DA:2288,0
DA:2298,0
DA:2301,0
DA:2302,0
DA:2304,0
DA:2305,0
DA:2306,0
DA:2307,0
DA:2316,0
DA:2322,0
DA:2323,0
DA:2326,0
DA:2327,0
DA:2328,0
DA:2329,0
DA:2331,0
DA:2333,0
DA:2334,0
DA:2336,0
DA:2337,0
DA:2338,0
DA:2345,0
DA:2347,0
DA:2348,0
DA:2357,0
DA:2358,0
DA:2359,0
DA:2360,0
DA:2361,0
DA:2363,0
DA:2369,0
DA:2370,0
DA:2371,0
DA:2372,0
DA:2373,0
DA:2374,0
DA:2383,0
DA:2384,0
DA:2387,0
DA:2388,0
DA:2389,0
DA:2390,0
DA:2391,0
DA:2393,0
DA:2394,0
DA:2395,0
DA:2410,0
DA:2411,0
DA:2412,0
DA:2413,0
DA:2414,0
DA:2415,0
DA:2416,0
DA:2419,0
DA:2420,0
DA:2421,0
DA:2423,0
DA:2424,0
DA:2425,0
DA:2426,0
DA:2427,0
DA:2429,0
DA:2430,0
DA:2431,0
DA:2432,0
DA:2433,0
DA:2434,0
DA:2435,0
DA:2436,0
DA:2437,0
DA:2438,0
DA:2440,0
DA:2441,0
DA:2442,0
DA:2444,0
DA:2454,0
DA:2455,0
DA:2456,0
DA:2457,0
DA:2458,0
DA:2459,0
DA:2460,0
DA:2461,0
DA:2465,0
DA:2467,0
DA:2469,0
DA:2470,0
DA:2473,0
DA:2475,0
DA:2476,0
DA:2477,0
DA:2478,0
DA:2479,0
DA:2481,0
DA:2482,0
DA:2483,0
DA:2484,0
DA:2485,0
DA:2486,0
DA:2489,0
DA:2490,0
DA:2491,0
DA:2494,0
DA:2495,0
DA:2496,0
DA:2497,0
DA:2508,0
DA:2512,0
DA:2520,0
DA:2527,0
DA:2528,0
DA:2529,0
DA:2530,0
DA:2531,0
DA:2532,0
DA:2541,0
DA:2542,0
DA:2551,0
DA:2552,0
DA:2553,0
DA:2562,0
DA:2563,0
DA:2564,0
DA:2566,0
DA:2576,0
DA:2577,0
DA:2578,0
DA:2579,0
DA:2580,0
DA:2591,0
DA:2592,0
DA:2593,0
DA:2595,0
DA:2596,0
DA:2597,0
DA:2598,0
DA:2599,0
DA:2601,0
DA:2602,0
DA:2611,0
DA:2612,0
DA:2613,0
DA:2615,0
DA:2616,0
DA:2625,0
DA:2626,0
DA:2634,0
DA:2642,0
DA:2650,0
DA:2657,0
DA:2658,0
DA:2659,0
DA:2660,0
DA:2662,0
DA:2663,0
DA:2664,0
DA:2665,0
DA:2666,0
DA:2667,0
DA:2669,0
DA:2670,0
DA:2671,0
DA:2680,0
DA:2688,0
DA:2689,0
DA:2699,0
DA:2700,0
DA:2701,0
DA:2702,0
DA:2703,0
DA:2705,0
DA:2707,0
DA:2708,0
DA:2709,0
DA:2710,0
DA:2711,0
DA:2713,0
DA:2714,0
DA:2715,0
DA:2717,0
DA:2729,0
DA:2730,0
DA:2731,0
DA:2732,0
DA:2735,0
DA:2737,0
DA:2738,0
DA:2739,0
DA:2749,0
DA:2750,0
DA:2751,0
DA:2761,0
DA:2762,0
DA:2764,0
DA:2765,0
DA:2774,0
DA:2782,0
DA:2783,0
DA:2784,0
DA:2785,0
DA:2786,0
DA:2787,0
DA:2800,0
DA:2801,0
DA:2802,0
DA:2803,0
DA:2804,0
DA:2805,0
DA:2806,0
DA:2807,0
DA:2817,0
DA:2818,0
DA:2819,0
DA:2820,0
DA:2821,0
DA:2822,0
DA:2823,0
DA:2825,0
DA:2826,0
DA:2828,0
DA:2829,0
DA:2832,0
DA:2833,0
DA:2844,0
DA:2845,0
DA:2846,0
DA:2847,0
DA:2848,0
DA:2858,0
DA:2859,0
DA:2860,0
DA:2861,0
DA:2871,0
DA:2872,0
DA:2882,0
DA:2883,0
DA:2884,0
DA:2885,0
DA:2886,0
DA:2887,0
DA:2890,0
DA:2892,0
DA:2893,0
DA:2894,0
DA:2895,0
DA:2897,0
DA:2898,0
DA:2899,0
DA:2902,0
DA:2903,0
DA:2904,0
DA:2905,0
DA:2906,0
DA:2907,0
DA:2908,0
DA:2911,0
DA:2913,0
DA:2914,0
DA:2915,0
DA:2916,0
DA:2918,0
DA:2919,0
DA:2920,0
DA:2929,0
DA:2936,0
DA:2943,0
DA:2950,0
DA:2951,0
DA:2959,0
DA:2960,0
DA:2961,0
DA:2962,0
DA:2963,0
DA:2964,0
DA:2965,0
DA:2966,0
DA:2967,0
DA:2968,0
DA:2970,0
DA:3004,0
DA:3005,0
DA:3006,0
DA:3007,0
DA:3008,0
DA:3010,0
DA:3011,0
DA:3012,0
DA:3013,0
DA:3014,0
DA:3024,0
DA:3025,0
DA:3040,0
DA:3041,0
DA:3042,0
DA:3043,0
DA:3046,0
DA:3047,0
DA:3048,0
DA:3059,0
DA:3060,0
DA:3061,0
DA:3062,0
DA:3071,0
DA:3080,0
DA:3081,0
DA:3082,0
DA:3091,0
DA:3092,0
DA:3093,0
DA:3094,0
DA:3095,0
DA:3096,0
DA:3097,0
DA:3099,0
DA:3100,0
DA:3101,0
DA:3102,0
DA:3103,0
DA:3105,0
DA:3116,0
DA:3117,0
DA:3118,0
DA:3119,0
DA:3120,0
DA:3122,0
DA:3123,0
DA:3124,0
DA:3126,0
DA:3127,0
DA:3130,0
DA:3131,0
DA:3132,0
DA:3133,0
DA:3134,0
DA:3135,0
DA:3137,0
DA:3138,0
DA:3149,0
DA:3150,0
DA:3151,0
DA:3152,0
DA:3153,0
DA:3154,0
DA:3155,0
DA:3156,0
DA:3160,0
DA:3161,0
DA:3163,0
DA:3165,0
DA:3166,0
DA:3167,0
DA:3179,0
DA:3180,0
DA:3181,0
DA:3182,0
DA:3188,0
DA:3189,0
DA:3190,0
DA:3191,0
DA:3194,0
DA:3195,0
DA:3196,0
DA:3197,0
DA:3198,0
DA:3199,0
DA:3201,0
DA:3202,0
DA:3203,0
DA:3207,0
DA:3209,0
DA:3210,0
DA:3211,0
DA:3220,0
DA:3221,0
DA:3223,0
DA:3224,0
DA:3233,0
DA:3234,0
DA:3246,0
DA:3247,0
DA:3250,0
DA:3252,0
DA:3255,0
DA:3262,0
DA:3270,0
DA:3277,0
DA:3278,0
DA:3279,0
DA:3280,0
DA:3291,0
DA:3292,0
DA:3293,0
DA:3294,0
DA:3300,0
DA:3301,0
DA:3302,0
DA:3303,0
DA:3306,0
DA:3307,0
DA:3308,0
DA:3309,0
DA:3310,0
DA:3311,0
DA:3313,0
DA:3314,0
DA:3315,0
DA:3319,0
DA:3321,0
DA:3322,0
DA:3323,0
DA:3331,0
DA:3332,0
DA:3333,0
DA:3334,0
DA:3343,0
DA:3344,0
DA:3345,0
DA:3346,0
DA:3348,0
DA:3349,0
DA:3350,0
DA:3351,0
DA:3353,0
DA:3355,0
DA:3356,0
DA:3358,0
DA:3367,0
DA:3368,0
DA:3369,0
DA:3377,0
DA:3378,0
DA:3387,0
DA:3388,0
DA:3398,0
DA:3399,0
DA:3400,0
DA:3401,0
DA:3402,0
DA:3403,0
DA:3404,0
DA:3406,0
DA:3407,0
DA:3409,0
DA:3410,0
DA:3413,0
DA:3414,0
DA:3424,0
DA:3425,0
DA:3426,0
DA:3435,0
DA:3436,0
DA:3437,0
DA:3438,0
DA:3440,0
DA:3441,0
DA:3442,0
DA:3443,0
DA:3444,0
DA:3445,0
DA:3447,0
DA:3448,0
DA:3449,0
DA:3458,0
DA:3459,0
DA:3460,0
DA:3461,0
DA:3463,0
DA:3464,0
DA:3478,0
DA:3488,0
DA:3489,0
DA:3490,0
DA:3491,0
DA:3501,0
DA:3505,0
DA:3513,0
DA:3514,0
DA:3515,0
DA:3516,0
DA:3518,0
DA:3519,0
DA:3520,0
DA:3521,0
DA:3523,0
DA:3525,0
DA:3526,0
DA:3528,0
DA:3539,0
DA:3540,0
DA:3541,0
DA:3542,0
DA:3543,0
DA:3545,0
DA:3548,0
DA:3549,0
DA:3550,0
DA:3551,0
DA:3552,0
DA:3553,0
DA:3554,0
DA:3555,0
DA:3556,0
DA:3557,0
DA:3571,0
DA:3572,0
DA:3574,0
DA:3575,0
DA:3576,0
DA:3586,0
DA:3597,0
DA:3600,0
DA:3602,0
DA:3603,0
DA:3604,0
DA:3605,0
DA:3607,0
DA:3610,0
DA:3612,0
DA:3613,0
DA:3614,0
DA:3616,0
DA:3619,0
DA:3623,0
DA:3625,0
DA:3628,0
DA:3629,0
DA:3630,0
DA:3632,0
DA:3634,0
DA:3636,0
DA:3638,0
DA:3641,0
DA:3648,0
DA:3650,0
DA:3653,0
DA:3654,0
DA:3655,0
DA:3657,0
DA:3659,0
DA:3661,0
DA:3663,0
DA:3667,0
DA:3674,0
DA:3675,0
DA:3677,0
DA:3680,0
DA:3681,0
DA:3683,0
DA:3684,0
DA:3685,0
DA:3687,0
DA:3689,0
DA:3690,0
DA:3695,0
DA:3696,0
DA:3698,0
DA:3699,0
DA:3701,0
DA:3702,0
DA:3703,0
DA:3704,0
DA:3705,0
DA:3706,0
DA:3707,0
DA:3710,0
DA:3711,0
DA:3713,0
DA:3714,0
DA:3715,0
DA:3718,0
DA:3719,0
DA:3720,0
DA:3721,0
DA:3722,0
DA:3725,0
DA:3726,0
DA:3727,0
DA:3733,0
DA:3734,0
DA:3736,0
DA:3737,0
DA:3739,0
DA:3740,0
DA:3741,0
DA:3742,0
DA:3743,0
DA:3744,0
DA:3748,0
DA:3749,0
DA:3750,0
DA:3751,0
DA:3752,0
DA:3753,0
DA:3754,0
DA:3755,0
DA:3756,0
DA:3758,0
DA:3760,0
DA:3761,0
DA:3764,0
DA:3765,0
DA:3766,0
DA:3768,0
DA:3776,0
DA:3777,0
DA:3789,0
DA:3790,0
DA:3791,0
DA:3794,0
DA:3795,0
DA:3800,0
DA:3805,0
DA:3808,0
DA:3809,0
DA:3810,0
DA:3815,0
DA:3829,0
DA:3831,0
DA:3839,0
DA:3840,0
DA:3849,0
DA:3857,0
DA:3858,0
DA:3867,0
DA:3872,0
DA:3873,0
DA:3874,0
DA:3878,0
DA:3879,0
DA:3884,0
DA:3887,0
DA:3890,0
DA:3897,0
DA:3899,0
DA:3901,0
LF:1567
LH:0
BRDA:10,0,0,0
BRDA:10,0,1,0
BRDA:39,1,0,0
BRDA:39,1,1,0
BRDA:46,2,0,0
BRDA:46,2,1,0
BRDA:46,3,0,0
BRDA:46,3,1,0
BRDA:58,4,0,0
BRDA:58,4,1,0
BRDA:59,5,0,0
BRDA:59,5,1,0
BRDA:60,6,0,0
BRDA:60,6,1,0
BRDA:60,7,0,0
BRDA:60,7,1,0
BRDA:60,7,2,0
BRDA:60,7,3,0
BRDA:64,8,0,0
BRDA:64,8,1,0
BRDA:64,9,0,0
BRDA:64,9,1,0
BRDA:70,10,0,0
BRDA:70,10,1,0
BRDA:70,11,0,0
BRDA:70,11,1,0
BRDA:104,12,0,0
BRDA:104,12,1,0
BRDA:114,13,0,0
BRDA:114,13,1,0
BRDA:114,14,0,0
BRDA:114,14,1,0
BRDA:115,15,0,0
BRDA:115,15,1,0
BRDA:124,16,0,0
BRDA:124,16,1,0
BRDA:124,16,2,0
BRDA:124,16,3,0
BRDA:125,17,0,0
BRDA:125,17,1,0
BRDA:126,18,0,0
BRDA:126,18,1,0
BRDA:126,19,0,0
BRDA:126,19,1,0
BRDA:127,20,0,0
BRDA:127,20,1,0
BRDA:127,21,0,0
BRDA:127,21,1,0
BRDA:130,22,0,0
BRDA:130,22,1,0
BRDA:132,23,0,0
BRDA:132,23,1,0
BRDA:132,24,0,0
BRDA:132,24,1,0
BRDA:136,25,0,0
BRDA:136,25,1,0
BRDA:136,26,0,0
BRDA:136,26,1,0
BRDA:140,27,0,0
BRDA:140,27,1,0
BRDA:140,28,0,0
BRDA:140,28,1,0
BRDA:140,28,2,0
BRDA:145,29,0,0
BRDA:145,29,1,0
BRDA:145,30,0,0
BRDA:145,30,1,0
BRDA:145,30,2,0
BRDA:145,30,3,0
BRDA:145,30,4,0
BRDA:151,31,0,0
BRDA:151,31,1,0
BRDA:153,32,0,0
BRDA:153,32,1,0
BRDA:154,33,0,0
BRDA:154,33,1,0
BRDA:157,34,0,0
BRDA:157,34,1,0
BRDA:158,35,0,0
BRDA:158,35,1,0
BRDA:159,36,0,0
BRDA:159,36,1,0
BRDA:185,37,0,0
BRDA:185,37,1,0
BRDA:200,38,0,0
BRDA:200,38,1,0
BRDA:217,39,0,0
BRDA:217,39,1,0
BRDA:220,40,0,0
BRDA:220,40,1,0
BRDA:223,41,0,0
BRDA:223,41,1,0
BRDA:236,42,0,0
BRDA:236,42,1,0
BRDA:265,43,0,0
BRDA:265,43,1,0
BRDA:304,44,0,0
BRDA:304,44,1,0
BRDA:306,45,0,0
BRDA:306,45,1,0
BRDA:306,46,0,0
BRDA:306,46,1,0
BRDA:306,46,2,0
BRDA:307,47,0,0
BRDA:307,47,1,0
BRDA:307,48,0,0
BRDA:307,48,1,0
BRDA:308,49,0,0
BRDA:308,49,1,0
BRDA:308,50,0,0
BRDA:308,50,1,0
BRDA:308,50,2,0
BRDA:331,51,0,0
BRDA:331,51,1,0
BRDA:333,52,0,0
BRDA:333,52,1,0
BRDA:348,53,0,0
BRDA:348,53,1,0
BRDA:361,54,0,0
BRDA:361,54,1,0
BRDA:363,55,0,0
BRDA:363,55,1,0
BRDA:395,56,0,0
BRDA:395,56,1,0
BRDA:441,57,0,0
BRDA:441,57,1,0
BRDA:441,58,0,0
BRDA:441,58,1,0
BRDA:442,59,0,0
BRDA:442,59,1,0
BRDA:443,60,0,0
BRDA:443,60,1,0
BRDA:443,61,0,0
BRDA:443,61,1,0
BRDA:443,62,0,0
BRDA:443,62,1,0
BRDA:444,63,0,0
BRDA:444,63,1,0
BRDA:446,64,0,0
BRDA:446,64,1,0
BRDA:449,65,0,0
BRDA:449,65,1,0
BRDA:456,66,0,0
BRDA:456,66,1,0
BRDA:456,66,2,0
BRDA:495,67,0,0
BRDA:495,67,1,0
BRDA:497,68,0,0
BRDA:497,68,1,0
BRDA:504,69,0,0
BRDA:504,69,1,0
BRDA:519,70,0,0
BRDA:519,70,1,0
BRDA:520,71,0,0
BRDA:520,71,1,0
BRDA:520,71,2,0
BRDA:520,72,0,0
BRDA:520,72,1,0
BRDA:554,73,0,0
BRDA:554,73,1,0
BRDA:554,73,2,0
BRDA:554,73,3,0
BRDA:554,73,4,0
BRDA:555,74,0,0
BRDA:555,74,1,0
BRDA:557,75,0,0
BRDA:557,75,1,0
BRDA:559,76,0,0
BRDA:559,76,1,0
BRDA:561,77,0,0
BRDA:561,77,1,0
BRDA:563,78,0,0
BRDA:563,78,1,0
BRDA:585,79,0,0
BRDA:585,79,1,0
BRDA:595,80,0,0
BRDA:595,80,1,0
BRDA:595,81,0,0
BRDA:595,81,1,0
BRDA:596,82,0,0
BRDA:596,82,1,0
BRDA:605,83,0,0
BRDA:605,83,1,0
BRDA:605,83,2,0
BRDA:605,83,3,0
BRDA:606,84,0,0
BRDA:606,84,1,0
BRDA:607,85,0,0
BRDA:607,85,1,0
BRDA:607,86,0,0
BRDA:607,86,1,0
BRDA:608,87,0,0
BRDA:608,87,1,0
BRDA:608,88,0,0
BRDA:608,88,1,0
BRDA:611,89,0,0
BRDA:611,89,1,0
BRDA:613,90,0,0
BRDA:613,90,1,0
BRDA:613,91,0,0
BRDA:613,91,1,0
BRDA:617,92,0,0
BRDA:617,92,1,0
BRDA:617,93,0,0
BRDA:617,93,1,0
BRDA:621,94,0,0
BRDA:621,94,1,0
BRDA:621,95,0,0
BRDA:621,95,1,0
BRDA:621,95,2,0
BRDA:626,96,0,0
BRDA:626,96,1,0
BRDA:626,97,0,0
BRDA:626,97,1,0
BRDA:626,97,2,0
BRDA:626,97,3,0
BRDA:626,97,4,0
BRDA:632,98,0,0
BRDA:632,98,1,0
BRDA:634,99,0,0
BRDA:634,99,1,0
BRDA:635,100,0,0
BRDA:635,100,1,0
BRDA:638,101,0,0
BRDA:638,101,1,0
BRDA:639,102,0,0
BRDA:639,102,1,0
BRDA:640,103,0,0
BRDA:640,103,1,0
BRDA:653,104,0,0
BRDA:653,104,1,0
BRDA:667,105,0,0
BRDA:667,105,1,0
BRDA:678,106,0,0
BRDA:678,106,1,0
BRDA:679,107,0,0
BRDA:679,107,1,0
BRDA:698,108,0,0
BRDA:698,108,1,0
BRDA:730,109,0,0
BRDA:730,109,1,0
BRDA:730,109,2,0
BRDA:745,110,0,0
BRDA:745,110,1,0
BRDA:747,111,0,0
BRDA:747,111,1,0
BRDA:748,112,0,0
BRDA:748,112,1,0
BRDA:748,113,0,0
BRDA:748,113,1,0
BRDA:750,114,0,0
BRDA:750,114,1,0
BRDA:763,115,0,0
BRDA:763,115,1,0
BRDA:763,116,0,0
BRDA:763,116,1,0
BRDA:776,117,0,0
BRDA:776,117,1,0
BRDA:776,118,0,0
BRDA:776,118,1,0
BRDA:776,119,0,0
BRDA:776,119,1,0
BRDA:776,120,0,0
BRDA:776,120,1,0
BRDA:776,121,0,0
BRDA:776,121,1,0
BRDA:776,122,0,0
BRDA:776,122,1,0
BRDA:776,123,0,0
BRDA:776,123,1,0
BRDA:776,124,0,0
BRDA:776,124,1,0
BRDA:776,125,0,0
BRDA:776,125,1,0
BRDA:811,126,0,0
BRDA:811,126,1,0
BRDA:838,127,0,0
BRDA:838,127,1,0
BRDA:850,128,0,0
BRDA:850,128,1,0
BRDA:850,129,0,0
BRDA:850,129,1,0
BRDA:851,130,0,0
BRDA:851,130,1,0
BRDA:852,131,0,0
BRDA:852,131,1,0
BRDA:863,132,0,0
BRDA:863,132,1,0
BRDA:871,133,0,0
BRDA:871,133,1,0
BRDA:885,134,0,0
BRDA:885,134,1,0
BRDA:905,135,0,0
BRDA:905,135,1,0
BRDA:905,136,0,0
BRDA:905,136,1,0
BRDA:916,137,0,0
BRDA:916,137,1,0
BRDA:916,137,2,0
BRDA:926,138,0,0
BRDA:926,138,1,0
BRDA:926,139,0,0
BRDA:926,139,1,0
BRDA:946,140,0,0
BRDA:946,140,1,0
BRDA:958,141,0,0
BRDA:958,141,1,0
BRDA:958,142,0,0
BRDA:958,142,1,0
BRDA:960,143,0,0
BRDA:960,143,1,0
BRDA:960,144,0,0
BRDA:960,144,1,0
BRDA:960,145,0,0
BRDA:960,145,1,0
BRDA:965,146,0,0
BRDA:965,146,1,0
BRDA:965,147,0,0
BRDA:965,147,1,0
BRDA:986,148,0,0
BRDA:986,148,1,0
BRDA:986,149,0,0
BRDA:986,149,1,0
BRDA:988,150,0,0
BRDA:988,150,1,0
BRDA:988,151,0,0
BRDA:988,151,1,0
BRDA:988,152,0,0
BRDA:988,152,1,0
BRDA:1012,153,0,0
BRDA:1012,153,1,0
BRDA:1012,154,0,0
BRDA:1012,154,1,0
BRDA:1013,155,0,0
BRDA:1013,155,1,0
BRDA:1013,156,0,0
BRDA:1013,156,1,0
BRDA:1014,157,0,0
BRDA:1014,157,1,0
BRDA:1014,158,0,0
BRDA:1014,158,1,0
BRDA:1019,159,0,0
BRDA:1019,159,1,0
BRDA:1025,160,0,0
BRDA:1025,160,1,0
BRDA:1025,161,0,0
BRDA:1025,161,1,0
BRDA:1026,162,0,0
BRDA:1026,162,1,0
BRDA:1026,163,0,0
BRDA:1026,163,1,0
BRDA:1028,164,0,0
BRDA:1028,164,1,0
BRDA:1031,165,0,0
BRDA:1031,165,1,0
BRDA:1035,166,0,0
BRDA:1035,166,1,0
BRDA:1044,167,0,0
BRDA:1044,167,1,0
BRDA:1044,168,0,0
BRDA:1044,168,1,0
BRDA:1045,169,0,0
BRDA:1045,169,1,0
BRDA:1045,170,0,0
BRDA:1045,170,1,0
BRDA:1061,171,0,0
BRDA:1061,171,1,0
BRDA:1062,172,0,0
BRDA:1062,172,1,0
BRDA:1070,173,0,0
BRDA:1070,173,1,0
BRDA:1071,174,0,0
BRDA:1071,174,1,0
BRDA:1094,175,0,0
BRDA:1094,175,1,0
BRDA:1247,176,0,0
BRDA:1247,176,1,0
BRDA:1261,177,0,0
BRDA:1261,177,1,0
BRDA:1265,178,0,0
BRDA:1265,178,1,0
BRDA:1268,179,0,0
BRDA:1268,179,1,0
BRDA:1278,180,0,0
BRDA:1278,180,1,0
BRDA:1282,181,0,0
BRDA:1282,181,1,0
BRDA:1282,182,0,0
BRDA:1282,182,1,0
BRDA:1291,183,0,0
BRDA:1291,183,1,0
BRDA:1291,184,0,0
BRDA:1291,184,1,0
BRDA:1313,185,0,0
BRDA:1313,185,1,0
BRDA:1318,186,0,0
BRDA:1318,186,1,0
BRDA:1326,187,0,0
BRDA:1326,187,1,0
BRDA:1339,188,0,0
BRDA:1339,188,1,0
BRDA:1364,189,0,0
BRDA:1364,189,1,0
BRDA:1369,190,0,0
BRDA:1369,190,1,0
BRDA:1376,191,0,0
BRDA:1376,191,1,0
BRDA:1381,192,0,0
BRDA:1381,192,1,0
BRDA:1386,193,0,0
BRDA:1386,193,1,0
BRDA:1390,194,0,0
BRDA:1390,194,1,0
BRDA:1390,194,2,0
BRDA:1390,194,3,0
BRDA:1390,194,4,0
BRDA:1390,194,5,0
BRDA:1394,195,0,0
BRDA:1394,195,1,0
BRDA:1394,196,0,0
BRDA:1394,196,1,0
BRDA:1398,197,0,0
BRDA:1398,197,1,0
BRDA:1402,198,0,0
BRDA:1402,198,1,0
BRDA:1402,199,0,0
BRDA:1402,199,1,0
BRDA:1409,200,0,0
BRDA:1409,200,1,0
BRDA:1410,201,0,0
BRDA:1410,201,1,0
BRDA:1415,202,0,0
BRDA:1415,202,1,0
BRDA:1416,203,0,0
BRDA:1416,203,1,0
BRDA:1429,204,0,0
BRDA:1429,204,1,0
BRDA:1482,205,0,0
BRDA:1482,205,1,0
BRDA:1482,206,0,0
BRDA:1482,206,1,0
BRDA:1484,207,0,0
BRDA:1484,207,1,0
BRDA:1486,208,0,0
BRDA:1486,208,1,0
BRDA:1488,209,0,0
BRDA:1488,209,1,0
BRDA:1488,210,0,0
BRDA:1488,210,1,0
BRDA:1550,211,0,0
BRDA:1550,211,1,0
BRDA:1550,212,0,0
BRDA:1550,212,1,0
BRDA:1564,213,0,0
BRDA:1564,213,1,0
BRDA:1564,214,0,0
BRDA:1564,214,1,0
BRDA:1564,215,0,0
BRDA:1564,215,1,0
BRDA:1636,216,0,0
BRDA:1636,216,1,0
BRDA:1636,217,0,0
BRDA:1636,217,1,0
BRDA:1664,218,0,0
BRDA:1664,218,1,0
BRDA:1664,218,2,0
BRDA:1664,218,3,0
BRDA:1664,218,4,0
BRDA:1679,219,0,0
BRDA:1679,219,1,0
BRDA:1708,220,0,0
BRDA:1708,220,1,0
BRDA:1710,221,0,0
BRDA:1710,221,1,0
BRDA:1721,222,0,0
BRDA:1721,222,1,0
BRDA:1721,222,2,0
BRDA:1721,222,3,0
BRDA:1721,222,4,0
BRDA:1721,222,5,0
BRDA:1724,223,0,0
BRDA:1724,223,1,0
BRDA:1724,223,2,0
BRDA:1724,223,3,0
BRDA:1724,223,4,0
BRDA:1724,223,5,0
BRDA:1741,224,0,0
BRDA:1741,224,1,0
BRDA:1742,225,0,0
BRDA:1742,225,1,0
BRDA:1742,225,2,0
BRDA:1742,226,0,0
BRDA:1742,226,1,0
BRDA:1767,227,0,0
BRDA:1767,227,1,0
BRDA:1769,228,0,0
BRDA:1769,228,1,0
BRDA:1770,229,0,0
BRDA:1770,229,1,0
BRDA:1770,230,0,0
BRDA:1770,230,1,0
BRDA:1772,231,0,0
BRDA:1772,231,1,0
BRDA:1796,232,0,0
BRDA:1796,232,1,0
BRDA:1798,233,0,0
BRDA:1798,233,1,0
BRDA:1803,234,0,0
BRDA:1803,234,1,0
BRDA:1803,235,0,0
BRDA:1803,235,1,0
BRDA:1805,236,0,0
BRDA:1805,236,1,0
BRDA:1805,237,0,0
BRDA:1805,237,1,0
BRDA:1805,238,0,0
BRDA:1805,238,1,0
BRDA:1807,239,0,0
BRDA:1807,239,1,0
BRDA:1812,240,0,0
BRDA:1812,240,1,0
BRDA:1839,241,0,0
BRDA:1839,241,1,0
BRDA:1842,242,0,0
BRDA:1842,242,1,0
BRDA:1842,243,0,0
BRDA:1842,243,1,0
BRDA:1845,244,0,0
BRDA:1845,244,1,0
BRDA:1858,245,0,0
BRDA:1858,245,1,0
BRDA:1868,246,0,0
BRDA:1868,246,1,0
BRDA:1889,247,0,0
BRDA:1889,247,1,0
BRDA:1889,248,0,0
BRDA:1889,248,1,0
BRDA:1892,249,0,0
BRDA:1892,249,1,0
BRDA:1894,250,0,0
BRDA:1894,250,1,0
BRDA:1894,251,0,0
BRDA:1894,251,1,0
BRDA:1895,252,0,0
BRDA:1895,252,1,0
BRDA:1895,253,0,0
BRDA:1895,253,1,0
BRDA:1895,253,2,0
BRDA:1896,254,0,0
BRDA:1896,254,1,0
BRDA:1919,255,0,0
BRDA:1919,255,1,0
BRDA:1919,256,0,0
BRDA:1919,256,1,0
BRDA:1919,257,0,0
BRDA:1919,257,1,0
BRDA:1919,258,0,0
BRDA:1919,258,1,0
BRDA:1920,259,0,0
BRDA:1920,259,1,0
BRDA:1920,260,0,0
BRDA:1920,260,1,0
BRDA:1921,261,0,0
BRDA:1921,261,1,0
BRDA:1923,262,0,0
BRDA:1923,262,1,0
BRDA:1926,263,0,0
BRDA:1926,263,1,0
BRDA:1926,263,2,0
BRDA:1928,264,0,0
BRDA:1928,264,1,0
BRDA:1930,265,0,0
BRDA:1930,265,1,0
BRDA:1930,266,0,0
BRDA:1930,266,1,0
BRDA:1930,267,0,0
BRDA:1930,267,1,0
BRDA:1930,268,0,0
BRDA:1930,268,1,0
BRDA:1932,269,0,0
BRDA:1932,269,1,0
BRDA:1934,270,0,0
BRDA:1934,270,1,0
BRDA:1935,271,0,0
BRDA:1935,271,1,0
BRDA:1935,272,0,0
BRDA:1935,272,1,0
BRDA:1961,273,0,0
BRDA:1961,273,1,0
BRDA:1961,274,0,0
BRDA:1961,274,1,0
BRDA:1976,275,0,0
BRDA:1976,275,1,0
BRDA:1988,276,0,0
BRDA:1988,276,1,0
BRDA:2010,277,0,0
BRDA:2010,277,1,0
BRDA:2010,277,2,0
BRDA:2010,277,3,0
BRDA:2010,277,4,0
BRDA:2032,278,0,0
BRDA:2032,278,1,0
BRDA:2038,279,0,0
BRDA:2038,279,1,0
BRDA:2059,280,0,0
BRDA:2059,280,1,0
BRDA:2059,281,0,0
BRDA:2059,281,1,0
BRDA:2078,282,0,0
BRDA:2078,282,1,0
BRDA:2078,283,0,0
BRDA:2078,283,1,0
BRDA:2078,283,2,0
BRDA:2085,284,0,0
BRDA:2085,284,1,0
BRDA:2131,285,0,0
BRDA:2131,285,1,0
BRDA:2132,286,0,0
BRDA:2132,286,1,0
BRDA:2132,287,0,0
BRDA:2132,287,1,0
BRDA:2135,288,0,0
BRDA:2135,288,1,0
BRDA:2139,289,0,0
BRDA:2139,289,1,0
BRDA:2143,290,0,0
BRDA:2143,290,1,0
BRDA:2147,291,0,0
BRDA:2147,291,1,0
BRDA:2147,292,0,0
BRDA:2147,292,1,0
BRDA:2158,293,0,0
BRDA:2158,293,1,0
BRDA:2158,294,0,0
BRDA:2158,294,1,0
BRDA:2170,295,0,0
BRDA:2170,295,1,0
BRDA:2182,296,0,0
BRDA:2182,296,1,0
BRDA:2183,297,0,0
BRDA:2183,297,1,0
BRDA:2195,298,0,0
BRDA:2195,298,1,0
BRDA:2218,299,0,0
BRDA:2218,299,1,0
BRDA:2218,300,0,0
BRDA:2218,300,1,0
BRDA:2220,301,0,0
BRDA:2220,301,1,0
BRDA:2220,302,0,0
BRDA:2220,302,1,0
BRDA:2220,303,0,0
BRDA:2220,303,1,0
BRDA:2222,304,0,0
BRDA:2222,304,1,0
BRDA:2225,305,0,0
BRDA:2225,305,1,0
BRDA:2225,305,2,0
BRDA:2226,306,0,0
BRDA:2226,306,1,0
BRDA:2226,307,0,0
BRDA:2226,307,1,0
BRDA:2228,308,0,0
BRDA:2228,308,1,0
BRDA:2230,309,0,0
BRDA:2230,309,1,0
BRDA:2230,310,0,0
BRDA:2230,310,1,0
BRDA:2232,311,0,0
BRDA:2232,311,1,0
BRDA:2232,312,0,0
BRDA:2232,312,1,0
BRDA:2234,313,0,0
BRDA:2234,313,1,0
BRDA:2234,314,0,0
BRDA:2234,314,1,0
BRDA:2236,315,0,0
BRDA:2236,315,1,0
BRDA:2237,316,0,0
BRDA:2237,316,1,0
BRDA:2237,316,2,0
BRDA:2247,317,0,0
BRDA:2247,317,1,0
BRDA:2247,318,0,0
BRDA:2247,318,1,0
BRDA:2249,319,0,0
BRDA:2249,319,1,0
BRDA:2250,320,0,0
BRDA:2250,320,1,0
BRDA:2252,321,0,0
BRDA:2252,321,1,0
BRDA:2252,322,0,0
BRDA:2252,322,1,0
BRDA:2252,322,2,0
BRDA:2302,323,0,0
BRDA:2302,323,1,0
BRDA:2304,324,0,0
BRDA:2304,324,1,0
BRDA:2304,325,0,0
BRDA:2304,325,1,0
BRDA:2304,325,2,0
BRDA:2305,326,0,0
BRDA:2305,326,1,0
BRDA:2305,327,0,0
BRDA:2305,327,1,0
BRDA:2306,328,0,0
BRDA:2306,328,1,0
BRDA:2306,329,0,0
BRDA:2306,329,1,0
BRDA:2306,329,2,0
BRDA:2326,330,0,0
BRDA:2326,330,1,0
BRDA:2372,331,0,0
BRDA:2372,331,1,0
BRDA:2373,332,0,0
BRDA:2373,332,1,0
BRDA:2373,333,0,0
BRDA:2373,333,1,0
BRDA:2393,334,0,0
BRDA:2393,334,1,0
BRDA:2393,335,0,0
BRDA:2393,335,1,0
BRDA:2393,336,0,0
BRDA:2393,336,1,0
BRDA:2395,337,0,0
BRDA:2395,337,1,0
BRDA:2395,338,0,0
BRDA:2395,338,1,0
BRDA:2395,338,2,0
BRDA:2395,338,3,0
BRDA:2395,338,4,0
BRDA:2396,339,0,0
BRDA:2396,339,1,0
BRDA:2397,340,0,0
BRDA:2397,340,1,0
BRDA:2419,341,0,0
BRDA:2419,341,1,0
BRDA:2419,342,0,0
BRDA:2419,342,1,0
BRDA:2427,343,0,0
BRDA:2427,343,1,0
BRDA:2436,344,0,0
BRDA:2436,344,1,0
BRDA:2442,345,0,0
BRDA:2442,345,1,0
BRDA:2442,346,0,0
BRDA:2442,346,1,0
BRDA:2461,347,0,0
BRDA:2461,347,1,0
BRDA:2473,348,0,0
BRDA:2473,348,1,0
BRDA:2477,349,0,0
BRDA:2477,349,1,0
BRDA:2478,350,0,0
BRDA:2478,350,1,0
BRDA:2478,351,0,0
BRDA:2478,351,1,0
BRDA:2479,352,0,0
BRDA:2479,352,1,0
BRDA:2481,353,0,0
BRDA:2481,353,1,0
BRDA:2481,353,2,0
BRDA:2481,353,3,0
BRDA:2481,353,4,0
BRDA:2495,354,0,0
BRDA:2495,354,1,0
BRDA:2497,355,0,0
BRDA:2497,355,1,0
BRDA:2508,356,0,0
BRDA:2508,356,1,0
BRDA:2508,357,0,0
BRDA:2508,357,1,0
BRDA:2509,358,0,0
BRDA:2509,358,1,0
BRDA:2509,359,0,0
BRDA:2509,359,1,0
BRDA:2512,360,0,0
BRDA:2512,360,1,0
BRDA:2532,361,0,0
BRDA:2532,361,1,0
BRDA:2541,362,0,0
BRDA:2541,362,1,0
BRDA:2552,363,0,0
BRDA:2552,363,1,0
BRDA:2580,364,0,0
BRDA:2580,364,1,0
BRDA:2580,365,0,0
BRDA:2580,365,1,0
BRDA:2580,365,2,0
BRDA:2595,366,0,0
BRDA:2595,366,1,0
BRDA:2616,367,0,0
BRDA:2616,367,1,0
BRDA:2616,368,0,0
BRDA:2616,368,1,0
BRDA:2616,369,0,0
BRDA:2616,369,1,0
BRDA:2626,370,0,0
BRDA:2626,370,1,0
BRDA:2662,371,0,0
BRDA:2662,371,1,0
BRDA:2666,372,0,0
BRDA:2666,372,1,0
BRDA:2669,373,0,0
BRDA:2669,373,1,0
BRDA:2669,374,0,0
BRDA:2669,374,1,0
BRDA:2670,375,0,0
BRDA:2670,375,1,0
BRDA:2715,376,0,0
BRDA:2715,376,1,0
BRDA:2750,377,0,0
BRDA:2750,377,1,0
BRDA:2764,378,0,0
BRDA:2764,378,1,0
BRDA:2787,379,0,0
BRDA:2787,379,1,0
BRDA:2787,379,2,0
BRDA:2804,380,0,0
BRDA:2804,380,1,0
BRDA:2804,380,2,0
BRDA:2807,381,0,0
BRDA:2807,381,1,0
BRDA:2820,382,0,0
BRDA:2820,382,1,0
BRDA:2821,383,0,0
BRDA:2821,383,1,0
BRDA:2821,383,2,0
BRDA:2846,384,0,0
BRDA:2846,384,1,0
BRDA:2861,385,0,0
BRDA:2861,385,1,0
BRDA:2911,386,0,0
BRDA:2911,386,1,0
BRDA:2913,387,0,0
BRDA:2913,387,1,0
BRDA:2920,388,0,0
BRDA:2920,388,1,0
BRDA:3008,389,0,0
BRDA:3008,389,1,0
BRDA:3010,390,0,0
BRDA:3010,390,1,0
BRDA:3011,391,0,0
BRDA:3011,391,1,0
BRDA:3012,392,0,0
BRDA:3012,392,1,0
BRDA:3014,393,0,0
BRDA:3014,393,1,0
BRDA:3014,394,0,0
BRDA:3014,394,1,0
BRDA:3043,395,0,0
BRDA:3043,395,1,0
BRDA:3047,396,0,0
BRDA:3047,396,1,0
BRDA:3062,397,0,0
BRDA:3062,397,1,0
BRDA:3081,398,0,0
BRDA:3081,398,1,0
BRDA:3099,399,0,0
BRDA:3099,399,1,0
BRDA:3102,400,0,0
BRDA:3102,400,1,0
BRDA:3105,401,0,0
BRDA:3105,401,1,0
BRDA:3123,402,0,0
BRDA:3123,402,1,0
BRDA:3130,403,0,0
BRDA:3130,403,1,0
BRDA:3135,404,0,0
BRDA:3135,404,1,0
BRDA:3137,405,0,0
BRDA:3137,405,1,0
BRDA:3160,406,0,0
BRDA:3160,406,1,0
BRDA:3160,407,0,0
BRDA:3160,407,1,0
BRDA:3163,408,0,0
BRDA:3163,408,1,0
BRDA:3165,409,0,0
BRDA:3165,409,1,0
BRDA:3165,410,0,0
BRDA:3165,410,1,0
BRDA:3166,411,0,0
BRDA:3166,411,1,0
BRDA:3166,412,0,0
BRDA:3166,412,1,0
BRDA:3166,412,2,0
BRDA:3167,413,0,0
BRDA:3167,413,1,0
BRDA:3197,414,0,0
BRDA:3197,414,1,0
BRDA:3197,415,0,0
BRDA:3197,415,1,0
BRDA:3201,416,0,0
BRDA:3201,416,1,0
BRDA:3202,417,0,0
BRDA:3202,417,1,0
BRDA:3223,418,0,0
BRDA:3223,418,1,0
BRDA:3233,419,0,0
BRDA:3233,419,1,0
BRDA:3252,420,0,0
BRDA:3252,420,1,0
BRDA:3255,421,0,0
BRDA:3255,421,1,0
BRDA:3280,422,0,0
BRDA:3280,422,1,0
BRDA:3309,423,0,0
BRDA:3309,423,1,0
BRDA:3309,424,0,0
BRDA:3309,424,1,0
BRDA:3313,425,0,0
BRDA:3313,425,1,0
BRDA:3314,426,0,0
BRDA:3314,426,1,0
BRDA:3333,427,0,0
BRDA:3333,427,1,0
BRDA:3353,428,0,0
BRDA:3353,428,1,0
BRDA:3353,429,0,0
BRDA:3353,429,1,0
BRDA:3355,430,0,0
BRDA:3355,430,1,0
BRDA:3356,431,0,0
BRDA:3356,431,1,0
BRDA:3378,432,0,0
BRDA:3378,432,1,0
BRDA:3401,433,0,0
BRDA:3401,433,1,0
BRDA:3402,434,0,0
BRDA:3402,434,1,0
BRDA:3402,434,2,0
BRDA:3425,435,0,0
BRDA:3425,435,1,0
BRDA:3440,436,0,0
BRDA:3440,436,1,0
BRDA:3444,437,0,0
BRDA:3444,437,1,0
BRDA:3447,438,0,0
BRDA:3447,438,1,0
BRDA:3447,439,0,0
BRDA:3447,439,1,0
BRDA:3448,440,0,0
BRDA:3448,440,1,0
BRDA:3461,441,0,0
BRDA:3461,441,1,0
BRDA:3464,442,0,0
BRDA:3464,442,1,0
BRDA:3464,443,0,0
BRDA:3464,443,1,0
BRDA:3467,444,0,0
BRDA:3467,444,1,0
BRDA:3490,445,0,0
BRDA:3490,445,1,0
BRDA:3501,446,0,0
BRDA:3501,446,1,0
BRDA:3501,447,0,0
BRDA:3501,447,1,0
BRDA:3502,448,0,0
BRDA:3502,448,1,0
BRDA:3502,449,0,0
BRDA:3502,449,1,0
BRDA:3505,450,0,0
BRDA:3505,450,1,0
BRDA:3523,451,0,0
BRDA:3523,451,1,0
BRDA:3523,452,0,0
BRDA:3523,452,1,0
BRDA:3525,453,0,0
BRDA:3525,453,1,0
BRDA:3526,454,0,0
BRDA:3526,454,1,0
BRDA:3543,455,0,0
BRDA:3543,455,1,0
BRDA:3543,456,0,0
BRDA:3543,456,1,0
BRDA:3546,457,0,0
BRDA:3546,457,1,0
BRDA:3546,458,0,0
BRDA:3546,458,1,0
BRDA:3555,459,0,0
BRDA:3555,459,1,0
BRDA:3575,460,0,0
BRDA:3575,460,1,0
BRDA:3604,461,0,0
BRDA:3604,461,1,0
BRDA:3613,462,0,0
BRDA:3613,462,1,0
BRDA:3623,463,0,0
BRDA:3623,463,1,0
BRDA:3628,464,0,0
BRDA:3628,464,1,0
BRDA:3628,465,0,0
BRDA:3628,465,1,0
BRDA:3628,465,2,0
BRDA:3648,466,0,0
BRDA:3648,466,1,0
BRDA:3653,467,0,0
BRDA:3653,467,1,0
BRDA:3653,468,0,0
BRDA:3653,468,1,0
BRDA:3653,468,2,0
BRDA:3680,469,0,0
BRDA:3680,469,1,0
BRDA:3680,470,0,0
BRDA:3680,470,1,0
BRDA:3684,471,0,0
BRDA:3684,471,1,0
BRDA:3689,472,0,0
BRDA:3689,472,1,0
BRDA:3695,473,0,0
BRDA:3695,473,1,0
BRDA:3706,474,0,0
BRDA:3706,474,1,0
BRDA:3720,475,0,0
BRDA:3720,475,1,0
BRDA:3726,476,0,0
BRDA:3726,476,1,0
BRDA:3726,477,0,0
BRDA:3726,477,1,0
BRDA:3794,478,0,0
BRDA:3794,478,1,0
BRDA:3805,479,0,0
BRDA:3805,479,1,0
BRDA:3809,480,0,0
BRDA:3809,480,1,0
BRDA:3809,481,0,0
BRDA:3809,481,1,0
BRDA:3840,482,0,0
BRDA:3840,482,1,0
BRDA:3858,483,0,0
BRDA:3858,483,1,0
BRDA:3872,484,0,0
BRDA:3872,484,1,0
BRDA:3873,485,0,0
BRDA:3873,485,1,0
BRDA:3878,486,0,0
BRDA:3878,486,1,0
BRDA:3878,487,0,0
BRDA:3878,487,1,0
BRF:1040
BRH:0
end_of_record
TN:
SF:/Users/davidcallizaya/Netbeans/jdd-pandemia/dist/jdd-package.umd.js
FN:1,webpackUniversalModuleDefinition
FN:10,(anonymous_1)
FN:11,(anonymous_2)
FN:16,__webpack_require__
FN:47,(anonymous_4)
FN:54,(anonymous_5)
FN:66,(anonymous_6)
FN:73,(anonymous_7)
FN:78,(anonymous_8)
FN:80,getDefault
FN:81,getModuleExports
FN:87,(anonymous_11)
FN:100,(anonymous_12)
FN:118,(anonymous_13)
FN:120,(anonymous_14)
FN:122,(anonymous_15)
FN:125,keys
FN:126,values
FN:127,entries
FN:151,values
FN:177,(anonymous_20)
FN:180,(anonymous_21)
FN:188,(anonymous_22)
FN:194,keys
FN:202,(anonymous_24)
FN:207,(anonymous_25)
FN:216,(anonymous_26)
FN:226,getOwnPropertyDescriptor
FN:239,(anonymous_28)
FN:245,defineProperties
FN:259,(anonymous_30)
FN:266,(anonymous_31)
FN:270,(anonymous_32)
FN:284,(anonymous_33)
FN:295,(anonymous_34)
FN:306,(anonymous_35)
FN:312,(anonymous_36)
FN:325,(anonymous_37)
FN:335,(anonymous_38)
FN:341,(anonymous_39)
FN:349,(anonymous_40)
FN:356,(anonymous_41)
FN:365,(anonymous_42)
FN:371,(anonymous_43)
FN:379,(anonymous_44)
FN:383,(anonymous_45)
FN:391,(anonymous_46)
FN:400,(anonymous_47)
FN:403,(anonymous_48)
FN:412,(anonymous_49)
FN:420,(anonymous_50)
FN:422,(anonymous_51)
FN:434,(anonymous_52)
FN:444,(anonymous_53)
FN:448,(anonymous_54)
FN:464,toString
FN:472,(anonymous_56)
FN:479,(anonymous_57)
FN:483,(anonymous_58)
FN:504,create
FN:520,(anonymous_60)
FN:527,(anonymous_61)
FN:538,(anonymous_62)
FN:546,(anonymous_63)
FN:550,(anonymous_64)
FN:558,(anonymous_65)
FN:561,(anonymous_66)
FN:581,(anonymous_67)
FN:599,(anonymous_68)
FN:601,(anonymous_69)
FN:603,(anonymous_70)
FN:606,keys
FN:607,values
FN:608,entries
FN:632,values
FN:658,(anonymous_75)
FN:662,(anonymous_76)
FN:664,(anonymous_77)
FN:673,(anonymous_78)
FN:682,(anonymous_79)
FN:687,(anonymous_80)
FN:695,(anonymous_81)
FN:703,(anonymous_82)
FN:707,(anonymous_83)
FN:709,(anonymous_84)
FN:718,(anonymous_85)
FN:723,(anonymous_86)
FN:731,(anonymous_87)
FN:738,(anonymous_88)
FN:746,(anonymous_89)
FN:754,(anonymous_90)
FN:766,(anonymous_91)
FN:771,(anonymous_92)
FN:779,(anonymous_93)
FN:785,(anonymous_94)
FN:785,(anonymous_95)
FN:785,(anonymous_96)
FN:785,(anonymous_97)
FN:785,(anonymous_98)
FN:785,(anonymous_99)
FN:785,(anonymous_100)
FN:785,(anonymous_101)
FN:819,_defineProperty
FN:846,_setPrototypeOf
FN:847,_setPrototypeOf
FN:858,isNativeReflectConstruct
FN:864,(anonymous_106)
FN:871,construct_construct
FN:875,_construct
FN:893,_arrayWithoutHoles
FN:913,_iterableToArray
FN:917,_nonIterableSpread
FN:924,_toConsumableArray
FN:934,(anonymous_113)
FN:947,(anonymous_114)
FN:952,(anonymous_115)
FN:967,ownKeys
FN:967,(anonymous_117)
FN:969,_objectSpread
FN:969,(anonymous_119)
FN:969,(anonymous_120)
FN:973,radius
FN:979,toggle
FN:983,notSelectable
FN:995,Actions_ownKeys
FN:995,(anonymous_125)
FN:997,Actions_objectSpread
FN:997,(anonymous_127)
FN:997,(anonymous_128)
FN:1003,points
FN:1006,none
FN:1011,points
FN:1014,none
FN:1018,onRadius
FN:1025,(anonymous_134)
FN:1033,onRandomRadius
FN:1036,(anonymous_136)
FN:1050,onChain
FN:1064,_loop
FN:1067,(anonymous_139)
FN:1106,addPoints
FN:1205,data
FN:1228,usedLevel
FN:1229,(anonymous_143)
FN:1233,level
FN:1236,infection
FN:1239,experience
FN:1240,(anonymous_147)
FN:1246,evolve
FN:1249,pointerStroke
FN:1252,pointerFill
FN:1255,selectAction
FN:1260,fillCity
FN:1269,strokeWidthCity
FN:1276,strokeCity
FN:1286,mouseMap
FN:1299,clickMap
FN:1315,doAction
FN:1321,doCityAction
FN:1331,mounted
FN:1334,(anonymous_160)
FN:1344,(anonymous_161)
FN:1347,(anonymous_162)
FN:1362,normalizeComponent
FN:1396,(anonymous_164)
FN:1420,(anonymous_165)
FN:1431,renderWithStyleInjection
FN:1474,(anonymous_167)
FN:1480,(anonymous_168)
FN:1483,(anonymous_169)
FN:1489,(anonymous_170)
FN:1504,(anonymous_171)
FN:1514,(anonymous_172)
FN:1516,(anonymous_173)
FN:1525,(anonymous_174)
FN:1529,defineProperty
FN:1537,(anonymous_176)
FN:1543,(anonymous_177)
FN:1544,keys
FN:1553,(anonymous_179)
FN:1558,(anonymous_180)
FN:1566,(anonymous_181)
FN:1572,(anonymous_182)
FN:1580,(anonymous_183)
FN:1582,(anonymous_184)
FN:1595,(anonymous_185)
FN:1605,(anonymous_186)
FN:1613,(anonymous_187)
FN:1617,(anonymous_188)
FN:1625,(anonymous_189)
FN:1632,(anonymous_190)
FN:1639,(anonymous_191)
FN:1641,(anonymous_192)
FN:1644,(anonymous_193)
FN:1650,(anonymous_194)
FN:1651,(anonymous_195)
FN:1661,(anonymous_196)
FN:1663,(anonymous_197)
FN:1671,(anonymous_198)
FN:1673,(anonymous_199)
FN:1680,(anonymous_200)
FN:1683,(anonymous_201)
FN:1687,(anonymous_202)
FN:1693,Timeout
FN:1697,(anonymous_204)
FN:1698,(anonymous_205)
FN:1703,(anonymous_206)
FN:1708,(anonymous_207)
FN:1713,(anonymous_208)
FN:1718,onTimeout
FN:1742,(anonymous_210)
FN:1749,(anonymous_211)
FN:1760,(anonymous_212)
FN:1768,(anonymous_213)
FN:1776,(anonymous_214)
FN:1788,(anonymous_215)
FN:1801,(anonymous_216)
FN:1803,from
FN:1833,(anonymous_218)
FN:1843,(anonymous_219)
FN:1850,(anonymous_220)
FN:1862,(anonymous_221)
FN:1866,(anonymous_222)
FN:1874,(anonymous_223)
FN:1883,(anonymous_224)
FN:1890,(anonymous_225)
FN:1891,(anonymous_226)
FN:1913,(anonymous_227)
FN:1922,(anonymous_228)
FN:1963,(anonymous_229)
FN:1969,(anonymous_230)
FN:1973,(anonymous_231)
FN:1980,(anonymous_232)
FN:1982,(anonymous_233)
FN:1982,(anonymous_234)
FN:1995,setImmediate
FN:2012,clearImmediate
FN:2016,run
FN:2038,runIfPresent
FN:2059,installNextTickImplementation
FN:2060,(anonymous_240)
FN:2061,(anonymous_241)
FN:2065,canUsePostMessage
FN:2071,(anonymous_243)
FN:2080,installPostMessageImplementation
FN:2086,(anonymous_245)
FN:2100,(anonymous_246)
FN:2105,installMessageChannelImplementation
FN:2107,(anonymous_248)
FN:2112,(anonymous_249)
FN:2117,installReadyStateChangeImplementation
FN:2119,(anonymous_251)
FN:2123,(anonymous_252)
FN:2133,installSetTimeoutImplementation
FN:2134,(anonymous_254)
FN:2174,(anonymous_255)
FN:2178,(anonymous_256)
FN:2186,(anonymous_257)
FN:2191,(anonymous_258)
FN:2199,(anonymous_259)
FN:2203,(anonymous_260)
FN:2211,(anonymous_261)
FN:2220,(anonymous_262)
FN:2243,(anonymous_263)
FN:2244,(anonymous_264)
FN:2280,(anonymous_265)
FN:2285,(anonymous_266)
FN:2293,(anonymous_267)
FN:2296,(anonymous_268)
FN:2304,(anonymous_269)
FN:2310,(anonymous_270)
FN:2323,(anonymous_271)
FN:2330,webpackContext
FN:2334,webpackContextResolve
FN:2342,webpackContextKeys
FN:2352,(anonymous_275)
FN:2356,(anonymous_276)
FN:2364,(anonymous_277)
FN:2390,(anonymous_278)
FN:2396,(anonymous_279)
FN:2397,(anonymous_280)
FN:2414,(anonymous_281)
FN:2428,(anonymous_282)
FN:2435,(anonymous_283)
FN:2437,assign
FN:2460,(anonymous_285)
FN:2474,(anonymous_286)
FN:2475,F
FN:2476,(anonymous_288)
FN:2478,(anonymous_289)
FN:2479,(anonymous_290)
FN:2483,construct
FN:2514,(anonymous_292)
FN:2527,(anonymous_293)
FN:2534,(anonymous_294)
FN:2539,(anonymous_295)
FN:2548,(anonymous_296)
FN:2550,(anonymous_297)
FN:2551,(anonymous_298)
FN:2558,(anonymous_299)
FN:2560,(anonymous_300)
FN:2569,(anonymous_301)
FN:2571,(anonymous_302)
FN:2583,(anonymous_303)
FN:2588,(anonymous_304)
FN:2598,(anonymous_305)
FN:2604,defineProperties
FN:2618,(anonymous_307)
FN:2624,(anonymous_308)
FN:2632,(anonymous_309)
FN:2641,(anonymous_310)
FN:2643,(anonymous_311)
FN:2649,(anonymous_312)
FN:2657,(anonymous_313)
FN:2664,(anonymous_314)
FN:2671,defineProperty
FN:2687,(anonymous_316)
FN:2694,(anonymous_317)
FN:2697,(anonymous_318)
FN:2698,(anonymous_319)
FN:2705,(anonymous_320)
FN:2715,getOwnPropertyDescriptors
FN:2734,(anonymous_322)
FN:2744,(anonymous_323)
FN:2746,(anonymous_324)
FN:2755,(anonymous_325)
FN:2759,isArray
FN:2767,(anonymous_327)
FN:2773,getOwnPropertyNames
FN:2781,(anonymous_329)
FN:2789,(anonymous_330)
FN:2794,(anonymous_331)
FN:2806,(anonymous_332)
FN:2813,ownKeys
FN:2823,(anonymous_334)
FN:2827,(anonymous_335)
FN:2831,(anonymous_336)
FN:2834,(anonymous_337)
FN:2837,(anonymous_338)
FN:2841,(anonymous_339)
FN:2850,(anonymous_340)
FN:2856,(anonymous_341)
FN:2864,(anonymous_342)
FN:2869,(anonymous_343)
FN:2877,(anonymous_344)
FN:2880,(anonymous_345)
FN:2881,(anonymous_346)
FN:2888,(anonymous_347)
FN:2895,(anonymous_348)
FN:2899,(anonymous_349)
FN:2920,create
FN:2936,(anonymous_351)
FN:2943,(anonymous_352)
FN:2950,(anonymous_353)
FN:2957,(anonymous_354)
FN:2966,(anonymous_355)
FN:3031,(anonymous_356)
FN:3033,(anonymous_357)
FN:3046,(anonymous_358)
FN:3050,(anonymous_359)
FN:3065,(anonymous_360)
FN:3070,(anonymous_361)
FN:3078,(anonymous_362)
FN:3086,(anonymous_363)
FN:3089,(anonymous_364)
FN:3098,(anonymous_365)
FN:3108,getOwnPropertyDescriptor
FN:3121,(anonymous_367)
FN:3131,(anonymous_368)
FN:3139,bind
FN:3142,(anonymous_370)
FN:3154,(anonymous_371)
FN:3161,(anonymous_372)
FN:3162,(anonymous_373)
FN:3184,(anonymous_374)
FN:3197,(anonymous_375)
FN:3202,(anonymous_376)
FN:3226,(anonymous_377)
FN:3232,keys
FN:3240,(anonymous_379)
FN:3242,(anonymous_380)
FN:3243,(anonymous_381)
FN:3250,(anonymous_382)
FN:3255,(anonymous_383)
FN:3277,(anonymous_384)
FN:3284,(anonymous_385)
FN:3288,(anonymous_386)
FN:3296,(anonymous_387)
FN:3309,(anonymous_388)
FN:3314,(anonymous_389)
FN:3338,(anonymous_390)
FN:3341,(anonymous_391)
FN:3350,(anonymous_392)
FN:3357,(anonymous_393)
FN:3374,(anonymous_394)
FN:3384,(anonymous_395)
FN:3386,(anonymous_396)
FN:3394,(anonymous_397)
FN:3396,(anonymous_398)
FN:3404,(anonymous_399)
FN:3408,(anonymous_400)
FN:3412,(anonymous_401)
FN:3415,(anonymous_402)
FN:3418,(anonymous_403)
FN:3422,(anonymous_404)
FN:3431,(anonymous_405)
FN:3433,(anonymous_406)
FN:3442,(anonymous_407)
FN:3449,defineProperty
FN:3465,(anonymous_409)
FN:3472,(anonymous_410)
FN:3484,(anonymous_411)
FN:3495,(anonymous_412)
FN:3498,(anonymous_413)
FN:3507,(anonymous_414)
FN:3520,(anonymous_415)
FN:3527,(anonymous_416)
FN:3544,(anonymous_417)
FN:3550,(anonymous_418)
FN:3556,(anonymous_419)
FN:3562,setPrototypeOf
FN:3576,(anonymous_421)
FN:3583,(anonymous_422)
FN:3592,(anonymous_423)
FN:3605,defaultSetTimout
FN:3608,defaultClearTimeout
FN:3611,(anonymous_426)
FN:3631,runTimeout
FN:3656,runClearTimeout
FN:3688,cleanUpNextTick
FN:3703,drainQueue
FN:3727,(anonymous_431)
FN:3741,Item
FN:3745,(anonymous_433)
FN:3755,noop
FN:3767,(anonymous_435)
FN:3769,(anonymous_436)
FN:3773,(anonymous_437)
FN:3774,(anonymous_438)
FN:3777,(anonymous_439)
FN:3783,(anonymous_440)
FN:3792,(anonymous_441)
FN:3798,(anonymous_442)
FN:3805,(anonymous_443)
FN:3835,(anonymous_444)
FN:3846,(anonymous_445)
FN:3848,(anonymous_446)
FN:3856,(anonymous_447)
FN:3864,(anonymous_448)
FN:3873,(anonymous_449)
FN:3908,(anonymous_450)
FNF:451
FNH:0
FNDA:0,webpackUniversalModuleDefinition
FNDA:0,(anonymous_1)
FNDA:0,(anonymous_2)
FNDA:0,__webpack_require__
FNDA:0,(anonymous_4)
FNDA:0,(anonymous_5)
FNDA:0,(anonymous_6)
FNDA:0,(anonymous_7)
FNDA:0,(anonymous_8)
FNDA:0,getDefault
FNDA:0,getModuleExports
FNDA:0,(anonymous_11)
FNDA:0,(anonymous_12)
FNDA:0,(anonymous_13)
FNDA:0,(anonymous_14)
FNDA:0,(anonymous_15)
FNDA:0,keys
FNDA:0,values
FNDA:0,entries
FNDA:0,values
FNDA:0,(anonymous_20)
FNDA:0,(anonymous_21)
FNDA:0,(anonymous_22)
FNDA:0,keys
FNDA:0,(anonymous_24)
FNDA:0,(anonymous_25)
FNDA:0,(anonymous_26)
FNDA:0,getOwnPropertyDescriptor
FNDA:0,(anonymous_28)
FNDA:0,defineProperties
FNDA:0,(anonymous_30)
FNDA:0,(anonymous_31)
FNDA:0,(anonymous_32)
FNDA:0,(anonymous_33)
FNDA:0,(anonymous_34)
FNDA:0,(anonymous_35)
FNDA:0,(anonymous_36)
FNDA:0,(anonymous_37)
FNDA:0,(anonymous_38)
FNDA:0,(anonymous_39)
FNDA:0,(anonymous_40)
FNDA:0,(anonymous_41)
FNDA:0,(anonymous_42)
FNDA:0,(anonymous_43)
FNDA:0,(anonymous_44)
FNDA:0,(anonymous_45)
FNDA:0,(anonymous_46)
FNDA:0,(anonymous_47)
FNDA:0,(anonymous_48)
FNDA:0,(anonymous_49)
FNDA:0,(anonymous_50)
FNDA:0,(anonymous_51)
FNDA:0,(anonymous_52)
FNDA:0,(anonymous_53)
FNDA:0,(anonymous_54)
FNDA:0,toString
FNDA:0,(anonymous_56)
FNDA:0,(anonymous_57)
FNDA:0,(anonymous_58)
FNDA:0,create
FNDA:0,(anonymous_60)
FNDA:0,(anonymous_61)
FNDA:0,(anonymous_62)
FNDA:0,(anonymous_63)
FNDA:0,(anonymous_64)
FNDA:0,(anonymous_65)
FNDA:0,(anonymous_66)
FNDA:0,(anonymous_67)
FNDA:0,(anonymous_68)
FNDA:0,(anonymous_69)
FNDA:0,(anonymous_70)
FNDA:0,keys
FNDA:0,values
FNDA:0,entries
FNDA:0,values
FNDA:0,(anonymous_75)
FNDA:0,(anonymous_76)
FNDA:0,(anonymous_77)
FNDA:0,(anonymous_78)
FNDA:0,(anonymous_79)
FNDA:0,(anonymous_80)
FNDA:0,(anonymous_81)
FNDA:0,(anonymous_82)
FNDA:0,(anonymous_83)
FNDA:0,(anonymous_84)
FNDA:0,(anonymous_85)
FNDA:0,(anonymous_86)
FNDA:0,(anonymous_87)
FNDA:0,(anonymous_88)
FNDA:0,(anonymous_89)
FNDA:0,(anonymous_90)
FNDA:0,(anonymous_91)
FNDA:0,(anonymous_92)
FNDA:0,(anonymous_93)
FNDA:0,(anonymous_94)
FNDA:0,(anonymous_95)
FNDA:0,(anonymous_96)
FNDA:0,(anonymous_97)
FNDA:0,(anonymous_98)
FNDA:0,(anonymous_99)
FNDA:0,(anonymous_100)
FNDA:0,(anonymous_101)
FNDA:0,_defineProperty
FNDA:0,_setPrototypeOf
FNDA:0,_setPrototypeOf
FNDA:0,isNativeReflectConstruct
FNDA:0,(anonymous_106)
FNDA:0,construct_construct
FNDA:0,_construct
FNDA:0,_arrayWithoutHoles
FNDA:0,_iterableToArray
FNDA:0,_nonIterableSpread
FNDA:0,_toConsumableArray
FNDA:0,(anonymous_113)
FNDA:0,(anonymous_114)
FNDA:0,(anonymous_115)
FNDA:0,ownKeys
FNDA:0,(anonymous_117)
FNDA:0,_objectSpread
FNDA:0,(anonymous_119)
FNDA:0,(anonymous_120)
FNDA:0,radius
FNDA:0,toggle
FNDA:0,notSelectable
FNDA:0,Actions_ownKeys
FNDA:0,(anonymous_125)
FNDA:0,Actions_objectSpread
FNDA:0,(anonymous_127)
FNDA:0,(anonymous_128)
FNDA:0,points
FNDA:0,none
FNDA:0,points
FNDA:0,none
FNDA:0,onRadius
FNDA:0,(anonymous_134)
FNDA:0,onRandomRadius
FNDA:0,(anonymous_136)
FNDA:0,onChain
FNDA:0,_loop
FNDA:0,(anonymous_139)
FNDA:0,addPoints
FNDA:0,data
FNDA:0,usedLevel
FNDA:0,(anonymous_143)
FNDA:0,level
FNDA:0,infection
FNDA:0,experience
FNDA:0,(anonymous_147)
FNDA:0,evolve
FNDA:0,pointerStroke
FNDA:0,pointerFill
FNDA:0,selectAction
FNDA:0,fillCity
FNDA:0,strokeWidthCity
FNDA:0,strokeCity
FNDA:0,mouseMap
FNDA:0,clickMap
FNDA:0,doAction
FNDA:0,doCityAction
FNDA:0,mounted
FNDA:0,(anonymous_160)
FNDA:0,(anonymous_161)
FNDA:0,(anonymous_162)
FNDA:0,normalizeComponent
FNDA:0,(anonymous_164)
FNDA:0,(anonymous_165)
FNDA:0,renderWithStyleInjection
FNDA:0,(anonymous_167)
FNDA:0,(anonymous_168)
FNDA:0,(anonymous_169)
FNDA:0,(anonymous_170)
FNDA:0,(anonymous_171)
FNDA:0,(anonymous_172)
FNDA:0,(anonymous_173)
FNDA:0,(anonymous_174)
FNDA:0,defineProperty
FNDA:0,(anonymous_176)
FNDA:0,(anonymous_177)
FNDA:0,keys
FNDA:0,(anonymous_179)
FNDA:0,(anonymous_180)
FNDA:0,(anonymous_181)
FNDA:0,(anonymous_182)
FNDA:0,(anonymous_183)
FNDA:0,(anonymous_184)
FNDA:0,(anonymous_185)
FNDA:0,(anonymous_186)
FNDA:0,(anonymous_187)
FNDA:0,(anonymous_188)
FNDA:0,(anonymous_189)
FNDA:0,(anonymous_190)
FNDA:0,(anonymous_191)
FNDA:0,(anonymous_192)
FNDA:0,(anonymous_193)
FNDA:0,(anonymous_194)
FNDA:0,(anonymous_195)
FNDA:0,(anonymous_196)
FNDA:0,(anonymous_197)
FNDA:0,(anonymous_198)
FNDA:0,(anonymous_199)
FNDA:0,(anonymous_200)
FNDA:0,(anonymous_201)
FNDA:0,(anonymous_202)
FNDA:0,Timeout
FNDA:0,(anonymous_204)
FNDA:0,(anonymous_205)
FNDA:0,(anonymous_206)
FNDA:0,(anonymous_207)
FNDA:0,(anonymous_208)
FNDA:0,onTimeout
FNDA:0,(anonymous_210)
FNDA:0,(anonymous_211)
FNDA:0,(anonymous_212)
FNDA:0,(anonymous_213)
FNDA:0,(anonymous_214)
FNDA:0,(anonymous_215)
FNDA:0,(anonymous_216)
FNDA:0,from
FNDA:0,(anonymous_218)
FNDA:0,(anonymous_219)
FNDA:0,(anonymous_220)
FNDA:0,(anonymous_221)
FNDA:0,(anonymous_222)
FNDA:0,(anonymous_223)
FNDA:0,(anonymous_224)
FNDA:0,(anonymous_225)
FNDA:0,(anonymous_226)
FNDA:0,(anonymous_227)
FNDA:0,(anonymous_228)
FNDA:0,(anonymous_229)
FNDA:0,(anonymous_230)
FNDA:0,(anonymous_231)
FNDA:0,(anonymous_232)
FNDA:0,(anonymous_233)
FNDA:0,(anonymous_234)
FNDA:0,setImmediate
FNDA:0,clearImmediate
FNDA:0,run
FNDA:0,runIfPresent
FNDA:0,installNextTickImplementation
FNDA:0,(anonymous_240)
FNDA:0,(anonymous_241)
FNDA:0,canUsePostMessage
FNDA:0,(anonymous_243)
FNDA:0,installPostMessageImplementation
FNDA:0,(anonymous_245)
FNDA:0,(anonymous_246)
FNDA:0,installMessageChannelImplementation
FNDA:0,(anonymous_248)
FNDA:0,(anonymous_249)
FNDA:0,installReadyStateChangeImplementation
FNDA:0,(anonymous_251)
FNDA:0,(anonymous_252)
FNDA:0,installSetTimeoutImplementation
FNDA:0,(anonymous_254)
FNDA:0,(anonymous_255)
FNDA:0,(anonymous_256)
FNDA:0,(anonymous_257)
FNDA:0,(anonymous_258)
FNDA:0,(anonymous_259)
FNDA:0,(anonymous_260)
FNDA:0,(anonymous_261)
FNDA:0,(anonymous_262)
FNDA:0,(anonymous_263)
FNDA:0,(anonymous_264)
FNDA:0,(anonymous_265)
FNDA:0,(anonymous_266)
FNDA:0,(anonymous_267)
FNDA:0,(anonymous_268)
FNDA:0,(anonymous_269)
FNDA:0,(anonymous_270)
FNDA:0,(anonymous_271)
FNDA:0,webpackContext
FNDA:0,webpackContextResolve
FNDA:0,webpackContextKeys
FNDA:0,(anonymous_275)
FNDA:0,(anonymous_276)
FNDA:0,(anonymous_277)
FNDA:0,(anonymous_278)
FNDA:0,(anonymous_279)
FNDA:0,(anonymous_280)
FNDA:0,(anonymous_281)
FNDA:0,(anonymous_282)
FNDA:0,(anonymous_283)
FNDA:0,assign
FNDA:0,(anonymous_285)
FNDA:0,(anonymous_286)
FNDA:0,F
FNDA:0,(anonymous_288)
FNDA:0,(anonymous_289)
FNDA:0,(anonymous_290)
FNDA:0,construct
FNDA:0,(anonymous_292)
FNDA:0,(anonymous_293)
FNDA:0,(anonymous_294)
FNDA:0,(anonymous_295)
FNDA:0,(anonymous_296)
FNDA:0,(anonymous_297)
FNDA:0,(anonymous_298)
FNDA:0,(anonymous_299)
FNDA:0,(anonymous_300)
FNDA:0,(anonymous_301)
FNDA:0,(anonymous_302)
FNDA:0,(anonymous_303)
FNDA:0,(anonymous_304)
FNDA:0,(anonymous_305)
FNDA:0,defineProperties
FNDA:0,(anonymous_307)
FNDA:0,(anonymous_308)
FNDA:0,(anonymous_309)
FNDA:0,(anonymous_310)
FNDA:0,(anonymous_311)
FNDA:0,(anonymous_312)
FNDA:0,(anonymous_313)
FNDA:0,(anonymous_314)
FNDA:0,defineProperty
FNDA:0,(anonymous_316)
FNDA:0,(anonymous_317)
FNDA:0,(anonymous_318)
FNDA:0,(anonymous_319)
FNDA:0,(anonymous_320)
FNDA:0,getOwnPropertyDescriptors
FNDA:0,(anonymous_322)
FNDA:0,(anonymous_323)
FNDA:0,(anonymous_324)
FNDA:0,(anonymous_325)
FNDA:0,isArray
FNDA:0,(anonymous_327)
FNDA:0,getOwnPropertyNames
FNDA:0,(anonymous_329)
FNDA:0,(anonymous_330)
FNDA:0,(anonymous_331)
FNDA:0,(anonymous_332)
FNDA:0,ownKeys
FNDA:0,(anonymous_334)
FNDA:0,(anonymous_335)
FNDA:0,(anonymous_336)
FNDA:0,(anonymous_337)
FNDA:0,(anonymous_338)
FNDA:0,(anonymous_339)
FNDA:0,(anonymous_340)
FNDA:0,(anonymous_341)
FNDA:0,(anonymous_342)
FNDA:0,(anonymous_343)
FNDA:0,(anonymous_344)
FNDA:0,(anonymous_345)
FNDA:0,(anonymous_346)
FNDA:0,(anonymous_347)
FNDA:0,(anonymous_348)
FNDA:0,(anonymous_349)
FNDA:0,create
FNDA:0,(anonymous_351)
FNDA:0,(anonymous_352)
FNDA:0,(anonymous_353)
FNDA:0,(anonymous_354)
FNDA:0,(anonymous_355)
FNDA:0,(anonymous_356)
FNDA:0,(anonymous_357)
FNDA:0,(anonymous_358)
FNDA:0,(anonymous_359)
FNDA:0,(anonymous_360)
FNDA:0,(anonymous_361)
FNDA:0,(anonymous_362)
FNDA:0,(anonymous_363)
FNDA:0,(anonymous_364)
FNDA:0,(anonymous_365)
FNDA:0,getOwnPropertyDescriptor
FNDA:0,(anonymous_367)
FNDA:0,(anonymous_368)
FNDA:0,bind
FNDA:0,(anonymous_370)
FNDA:0,(anonymous_371)
FNDA:0,(anonymous_372)
FNDA:0,(anonymous_373)
FNDA:0,(anonymous_374)
FNDA:0,(anonymous_375)
FNDA:0,(anonymous_376)
FNDA:0,(anonymous_377)
FNDA:0,keys
FNDA:0,(anonymous_379)
FNDA:0,(anonymous_380)
FNDA:0,(anonymous_381)
FNDA:0,(anonymous_382)
FNDA:0,(anonymous_383)
FNDA:0,(anonymous_384)
FNDA:0,(anonymous_385)
FNDA:0,(anonymous_386)
FNDA:0,(anonymous_387)
FNDA:0,(anonymous_388)
FNDA:0,(anonymous_389)
FNDA:0,(anonymous_390)
FNDA:0,(anonymous_391)
FNDA:0,(anonymous_392)
FNDA:0,(anonymous_393)
FNDA:0,(anonymous_394)
FNDA:0,(anonymous_395)
FNDA:0,(anonymous_396)
FNDA:0,(anonymous_397)
FNDA:0,(anonymous_398)
FNDA:0,(anonymous_399)
FNDA:0,(anonymous_400)
FNDA:0,(anonymous_401)
FNDA:0,(anonymous_402)
FNDA:0,(anonymous_403)
FNDA:0,(anonymous_404)
FNDA:0,(anonymous_405)
FNDA:0,(anonymous_406)
FNDA:0,(anonymous_407)
FNDA:0,defineProperty
FNDA:0,(anonymous_409)
FNDA:0,(anonymous_410)
FNDA:0,(anonymous_411)
FNDA:0,(anonymous_412)
FNDA:0,(anonymous_413)
FNDA:0,(anonymous_414)
FNDA:0,(anonymous_415)
FNDA:0,(anonymous_416)
FNDA:0,(anonymous_417)
FNDA:0,(anonymous_418)
FNDA:0,(anonymous_419)
FNDA:0,setPrototypeOf
FNDA:0,(anonymous_421)
FNDA:0,(anonymous_422)
FNDA:0,(anonymous_423)
FNDA:0,defaultSetTimout
FNDA:0,defaultClearTimeout
FNDA:0,(anonymous_426)
FNDA:0,runTimeout
FNDA:0,runClearTimeout
FNDA:0,cleanUpNextTick
FNDA:0,drainQueue
FNDA:0,(anonymous_431)
FNDA:0,Item
FNDA:0,(anonymous_433)
FNDA:0,noop
FNDA:0,(anonymous_435)
FNDA:0,(anonymous_436)
FNDA:0,(anonymous_437)
FNDA:0,(anonymous_438)
FNDA:0,(anonymous_439)
FNDA:0,(anonymous_440)
FNDA:0,(anonymous_441)
FNDA:0,(anonymous_442)
FNDA:0,(anonymous_443)
FNDA:0,(anonymous_444)
FNDA:0,(anonymous_445)
FNDA:0,(anonymous_446)
FNDA:0,(anonymous_447)
FNDA:0,(anonymous_448)
FNDA:0,(anonymous_449)
FNDA:0,(anonymous_450)
DA:1,0
DA:2,0
DA:3,0
DA:4,0
DA:5,0
DA:6,0
DA:7,0
DA:9,0
DA:11,0
DA:13,0
DA:19,0
DA:20,0
DA:23,0
DA:30,0
DA:33,0
DA:36,0
DA:41,0
DA:44,0
DA:47,0
DA:48,0
DA:49,0
DA:54,0
DA:55,0
DA:56,0
DA:58,0
DA:66,0
DA:67,0
DA:68,0
DA:69,0
DA:70,0
DA:71,0
DA:72,0
DA:73,0
DA:74,0
DA:78,0
DA:79,0
DA:80,0
DA:81,0
DA:82,0
DA:83,0
DA:87,0
DA:90,0
DA:94,0
DA:104,0
DA:105,0
DA:106,0
DA:107,0
DA:108,0
DA:109,0
DA:110,0
DA:111,0
DA:112,0
DA:113,0
DA:114,0
DA:115,0
DA:116,0
DA:118,0
DA:120,0
DA:121,0
DA:122,0
DA:123,0
DA:124,0
DA:125,0
DA:126,0
DA:127,0
DA:129,0
DA:130,0
DA:131,0
DA:132,0
DA:133,0
DA:134,0
DA:135,0
DA:136,0
DA:139,0
DA:140,0
DA:141,0
DA:143,0
DA:145,0
DA:149,0
DA:150,0
DA:151,0
DA:154,0
DA:155,0
DA:158,0
DA:159,0
DA:160,0
DA:161,0
DA:166,0
DA:167,0
DA:168,0
DA:170,0
DA:179,0
DA:180,0
DA:181,0
DA:191,0
DA:192,0
DA:194,0
DA:195,0
DA:204,0
DA:205,0
DA:206,0
DA:207,0
DA:208,0
DA:209,0
DA:218,0
DA:219,0
DA:220,0
DA:221,0
DA:222,0
DA:223,0
DA:224,0
DA:226,0
DA:227,0
DA:228,0
DA:229,0
DA:230,0
DA:232,0
DA:241,0
DA:242,0
DA:243,0
DA:245,0
DA:246,0
DA:247,0
DA:248,0
DA:249,0
DA:251,0
DA:252,0
DA:263,0
DA:266,0
DA:267,0
DA:268,0
DA:271,0
DA:272,0
DA:274,0
DA:275,0
DA:276,0
DA:277,0
DA:287,0
DA:298,0
DA:300,0
DA:309,0
DA:312,0
DA:313,0
DA:315,0
DA:316,0
DA:317,0
DA:318,0
DA:328,0
DA:329,0
DA:337,0
DA:338,0
DA:340,0
DA:341,0
DA:342,0
DA:353,0
DA:354,0
DA:356,0
DA:357,0
DA:358,0
DA:367,0
DA:368,0
DA:370,0
DA:371,0
DA:372,0
DA:382,0
DA:383,0
DA:384,0
DA:393,0
DA:394,0
DA:403,0
DA:404,0
DA:405,0
DA:414,0
DA:422,0
DA:423,0
DA:424,0
DA:426,0
DA:436,0
DA:437,0
DA:438,0
DA:439,0
DA:440,0
DA:441,0
DA:442,0
DA:444,0
DA:445,0
DA:448,0
DA:449,0
DA:450,0
DA:451,0
DA:452,0
DA:453,0
DA:454,0
DA:455,0
DA:456,0
DA:457,0
DA:458,0
DA:459,0
DA:461,0
DA:465,0
DA:475,0
DA:476,0
DA:477,0
DA:478,0
DA:479,0
DA:480,0
DA:483,0
DA:485,0
DA:486,0
DA:487,0
DA:488,0
DA:490,0
DA:491,0
DA:492,0
DA:495,0
DA:496,0
DA:497,0
DA:498,0
DA:499,0
DA:500,0
DA:501,0
DA:504,0
DA:506,0
DA:507,0
DA:508,0
DA:509,0
DA:511,0
DA:512,0
DA:513,0
DA:522,0
DA:523,0
DA:524,0
DA:525,0
DA:527,0
DA:528,0
DA:532,0
DA:540,0
DA:548,0
DA:550,0
DA:551,0
DA:561,0
DA:562,0
DA:563,0
DA:564,0
DA:566,0
DA:568,0
DA:570,0
DA:572,0
DA:574,0
DA:585,0
DA:586,0
DA:587,0
DA:588,0
DA:589,0
DA:590,0
DA:591,0
DA:592,0
DA:593,0
DA:594,0
DA:595,0
DA:596,0
DA:597,0
DA:599,0
DA:601,0
DA:602,0
DA:603,0
DA:604,0
DA:605,0
DA:606,0
DA:607,0
DA:608,0
DA:610,0
DA:611,0
DA:612,0
DA:613,0
DA:614,0
DA:615,0
DA:616,0
DA:617,0
DA:620,0
DA:621,0
DA:622,0
DA:624,0
DA:626,0
DA:630,0
DA:631,0
DA:632,0
DA:635,0
DA:636,0
DA:639,0
DA:640,0
DA:641,0
DA:642,0
DA:647,0
DA:648,0
DA:649,0
DA:651,0
DA:660,0
DA:661,0
DA:662,0
DA:663,0
DA:665,0
DA:666,0
DA:675,0
DA:676,0
DA:685,0
DA:687,0
DA:688,0
DA:697,0
DA:705,0
DA:706,0
DA:707,0
DA:708,0
DA:710,0
DA:711,0
DA:721,0
DA:722,0
DA:723,0
DA:724,0
DA:734,0
DA:735,0
DA:736,0
DA:738,0
DA:739,0
DA:749,0
DA:750,0
DA:751,0
DA:752,0
DA:754,0
DA:755,0
DA:756,0
DA:757,0
DA:758,0
DA:759,0
DA:769,0
DA:770,0
DA:771,0
DA:772,0
DA:782,0
DA:785,0
DA:786,0
DA:792,0
DA:795,0
DA:798,0
DA:801,0
DA:802,0
DA:805,0
DA:808,0
DA:811,0
DA:814,0
DA:815,0
DA:820,0
DA:821,0
DA:828,0
DA:831,0
DA:834,0
DA:837,0
DA:838,0
DA:841,0
DA:842,0
DA:847,0
DA:848,0
DA:849,0
DA:852,0
DA:859,0
DA:860,0
DA:861,0
DA:863,0
DA:864,0
DA:865,0
DA:867,0
DA:872,0
DA:873,0
DA:875,0
DA:876,0
DA:877,0
DA:878,0
DA:879,0
DA:880,0
DA:881,0
DA:885,0
DA:888,0
DA:889,0
DA:894,0
DA:895,0
DA:896,0
DA:899,0
DA:903,0
DA:904,0
DA:907,0
DA:908,0
DA:914,0
DA:918,0
DA:925,0
DA:934,0
DA:935,0
DA:936,0
DA:937,0
DA:938,0
DA:940,0
DA:941,0
DA:942,0
DA:945,0
DA:947,0
DA:948,0
DA:951,0
DA:952,0
DA:953,0
DA:955,0
DA:958,0
DA:967,0
DA:969,0
DA:972,0
DA:974,0
DA:975,0
DA:976,0
DA:977,0
DA:980,0
DA:981,0
DA:984,0
DA:987,0
DA:995,0
DA:997,0
DA:1000,0
DA:1002,0
DA:1004,0
DA:1007,0
DA:1010,0
DA:1012,0
DA:1017,0
DA:1019,0
DA:1021,0
DA:1022,0
DA:1023,0
DA:1024,0
DA:1025,0
DA:1026,0
DA:1028,0
DA:1029,0
DA:1034,0
DA:1035,0
DA:1036,0
DA:1037,0
DA:1040,0
DA:1041,0
DA:1042,0
DA:1044,0
DA:1045,0
DA:1051,0
DA:1053,0
DA:1054,0
DA:1055,0
DA:1056,0
DA:1057,0
DA:1058,0
DA:1059,0
DA:1060,0
DA:1061,0
DA:1062,0
DA:1064,0
DA:1065,0
DA:1067,0
DA:1068,0
DA:1070,0
DA:1071,0
DA:1072,0
DA:1074,0
DA:1079,0
DA:1080,0
DA:1081,0
DA:1084,0
DA:1085,0
DA:1086,0
DA:1087,0
DA:1089,0
DA:1090,0
DA:1091,0
DA:1092,0
DA:1093,0
DA:1094,0
DA:1095,0
DA:1096,0
DA:1100,0
DA:1101,0
DA:1103,0
DA:1107,0
DA:1110,0
DA:1202,0
DA:1206,0
DA:1229,0
DA:1230,0
DA:1234,0
DA:1237,0
DA:1240,0
DA:1241,0
DA:1247,0
DA:1250,0
DA:1253,0
DA:1256,0
DA:1257,0
DA:1261,0
DA:1262,0
DA:1263,0
DA:1264,0
DA:1265,0
DA:1266,0
DA:1267,0
DA:1270,0
DA:1271,0
DA:1274,0
DA:1277,0
DA:1278,0
DA:1281,0
DA:1282,0
DA:1283,0
DA:1284,0
DA:1287,0
DA:1288,0
DA:1291,0
DA:1292,0
DA:1293,0
DA:1296,0
DA:1297,0
DA:1300,0
DA:1301,0
DA:1302,0
DA:1305,0
DA:1306,0
DA:1307,0
DA:1308,0
DA:1309,0
DA:1310,0
DA:1311,0
DA:1312,0
DA:1317,0
DA:1319,0
DA:1322,0
DA:1323,0
DA:1326,0
DA:1327,0
DA:1328,0
DA:1332,0
DA:1334,0
DA:1335,0
DA:1336,0
DA:1337,0
DA:1339,0
DA:1340,0
DA:1344,0
DA:1345,0
DA:1347,0
DA:1348,0
DA:1354,0
DA:1373,0
DA:1378,0
DA:1379,0
DA:1380,0
DA:1381,0
DA:1385,0
DA:1386,0
DA:1390,0
DA:1391,0
DA:1395,0
DA:1396,0
DA:1398,0
DA:1403,0
DA:1404,0
DA:1407,0
DA:1408,0
DA:1411,0
DA:1412,0
DA:1417,0
DA:1418,0
DA:1419,0
DA:1420,0
DA:1424,0
DA:1425,0
DA:1428,0
DA:1430,0
DA:1431,0
DA:1432,0
DA:1433,0
DA:1437,0
DA:1438,0
DA:1444,0
DA:1458,0
DA:1469,0
DA:1477,0
DA:1478,0
DA:1480,0
DA:1483,0
DA:1484,0
DA:1485,0
DA:1489,0
DA:1491,0
DA:1508,0
DA:1509,0
DA:1510,0
DA:1511,0
DA:1514,0
DA:1516,0
DA:1517,0
DA:1518,0
DA:1527,0
DA:1528,0
DA:1529,0
DA:1530,0
DA:1540,0
DA:1541,0
DA:1543,0
DA:1544,0
DA:1545,0
DA:1556,0
DA:1557,0
DA:1558,0
DA:1559,0
DA:1568,0
[...]
FNDA:0,(anonymous_439)
FNDA:0,(anonymous_440)
FNDA:0,(anonymous_441)
FNDA:0,(anonymous_442)
FNDA:0,(anonymous_443)
FNDA:0,(anonymous_444)
FNDA:0,(anonymous_445)
FNDA:0,(anonymous_446)
FNDA:0,(anonymous_447)
FNDA:0,(anonymous_448)
FNDA:0,(anonymous_449)
FNDA:0,(anonymous_450)
DA:1,0
LF:1
LH:0
BRDA:1,0,0,0
BRDA:1,0,1,0
BRDA:1,1,0,0
BRDA:1,1,1,0
BRDA:1,2,0,0
BRDA:1,2,1,0
BRDA:1,3,0,0
BRDA:1,3,1,0
BRDA:1,4,0,0
BRDA:1,4,1,0
BRDA:1,5,0,0
BRDA:1,5,1,0
BRDA:1,6,0,0
BRDA:1,6,1,0
BRDA:1,7,0,0
BRDA:1,7,1,0
BRDA:1,8,0,0
BRDA:1,8,1,0
BRDA:1,8,2,0
BRDA:1,9,0,0
BRDA:1,9,1,0
BRDA:1,10,0,0
BRDA:1,10,1,0
BRDA:1,11,0,0
BRDA:1,11,1,0
BRDA:1,12,0,0
BRDA:1,12,1,0
BRDA:1,12,2,0
BRDA:1,12,3,0
BRDA:1,13,0,0
BRDA:1,13,1,0
BRDA:1,14,0,0
BRDA:1,14,1,0
BRDA:1,15,0,0
BRDA:1,15,1,0
BRDA:1,16,0,0
BRDA:1,16,1,0
BRDA:1,17,0,0
BRDA:1,17,1,0
BRDA:1,18,0,0
BRDA:1,18,1,0
BRDA:1,19,0,0
BRDA:1,19,1,0
BRDA:1,20,0,0
BRDA:1,20,1,0
BRDA:1,21,0,0
BRDA:1,21,1,0
BRDA:1,21,2,0
BRDA:1,21,3,0
BRDA:1,22,0,0
BRDA:1,22,1,0
BRDA:1,23,0,0
BRDA:1,23,1,0
BRDA:1,24,0,0
BRDA:1,24,1,0
BRDA:1,25,0,0
BRDA:1,25,1,0
BRDA:1,25,2,0
BRDA:1,26,0,0
BRDA:1,26,1,0
BRDA:1,27,0,0
BRDA:1,27,1,0
BRDA:1,28,0,0
BRDA:1,28,1,0
BRDA:1,28,2,0
BRDA:1,29,0,0
BRDA:1,29,1,0
BRDA:1,29,2,0
BRDA:1,30,0,0
BRDA:1,30,1,0
BRDA:1,30,2,0
BRDA:1,30,3,0
BRDA:1,31,0,0
BRDA:1,31,1,0
BRDA:1,31,2,0
BRDA:1,31,3,0
BRDA:1,31,4,0
BRDA:1,31,5,0
BRDA:1,32,0,0
BRDA:1,32,1,0
BRDA:1,33,0,0
BRDA:1,33,1,0
BRDA:1,34,0,0
BRDA:1,34,1,0
BRDA:1,35,0,0
BRDA:1,35,1,0
BRDA:1,36,0,0
BRDA:1,36,1,0
BRDA:1,37,0,0
BRDA:1,37,1,0
BRDA:1,38,0,0
BRDA:1,38,1,0
BRDA:1,39,0,0
BRDA:1,39,1,0
BRDA:1,40,0,0
BRDA:1,40,1,0
BRDA:1,41,0,0
BRDA:1,41,1,0
BRDA:1,42,0,0
BRDA:1,42,1,0
BRDA:1,43,0,0
BRDA:1,43,1,0
BRDA:1,44,0,0
BRDA:1,44,1,0
BRDA:1,45,0,0
BRDA:1,45,1,0
BRDA:1,46,0,0
BRDA:1,46,1,0
BRDA:1,46,2,0
BRDA:1,47,0,0
BRDA:1,47,1,0
BRDA:1,48,0,0
BRDA:1,48,1,0
BRDA:1,49,0,0
BRDA:1,49,1,0
BRDA:1,50,0,0
BRDA:1,50,1,0
BRDA:1,50,2,0
BRDA:1,51,0,0
BRDA:1,51,1,0
BRDA:1,52,0,0
BRDA:1,52,1,0
BRDA:1,53,0,0
BRDA:1,53,1,0
BRDA:1,54,0,0
BRDA:1,54,1,0
BRDA:1,55,0,0
BRDA:1,55,1,0
BRDA:1,56,0,0
BRDA:1,56,1,0
BRDA:1,57,0,0
BRDA:1,57,1,0
BRDA:1,57,2,0
BRDA:1,58,0,0
BRDA:1,58,1,0
BRDA:1,59,0,0
BRDA:1,59,1,0
BRDA:1,59,2,0
BRDA:1,60,0,0
BRDA:1,60,1,0
BRDA:1,61,0,0
BRDA:1,61,1,0
BRDA:1,62,0,0
BRDA:1,62,1,0
BRDA:1,63,0,0
BRDA:1,63,1,0
BRDA:1,64,0,0
BRDA:1,64,1,0
BRDA:1,64,2,0
BRDA:1,65,0,0
BRDA:1,65,1,0
BRDA:1,66,0,0
BRDA:1,66,1,0
BRDA:1,67,0,0
BRDA:1,67,1,0
BRDA:1,68,0,0
BRDA:1,68,1,0
BRDA:1,69,0,0
BRDA:1,69,1,0
BRDA:1,69,2,0
BRDA:1,70,0,0
BRDA:1,70,1,0
BRDA:1,71,0,0
BRDA:1,71,1,0
BRDA:1,71,2,0
BRDA:1,71,3,0
BRDA:1,71,4,0
BRDA:1,72,0,0
BRDA:1,72,1,0
BRDA:1,73,0,0
BRDA:1,73,1,0
BRDA:1,74,0,0
BRDA:1,74,1,0
BRDA:1,75,0,0
BRDA:1,75,1,0
BRDA:1,76,0,0
BRDA:1,76,1,0
BRDA:1,77,0,0
BRDA:1,77,1,0
BRDA:1,78,0,0
BRDA:1,78,1,0
BRDA:1,79,0,0
BRDA:1,79,1,0
BRDA:1,80,0,0
BRDA:1,80,1,0
BRDA:1,81,0,0
BRDA:1,81,1,0
BRDA:1,81,2,0
BRDA:1,81,3,0
BRDA:1,82,0,0
BRDA:1,82,1,0
BRDA:1,83,0,0
BRDA:1,83,1,0
BRDA:1,84,0,0
BRDA:1,84,1,0
BRDA:1,85,0,0
BRDA:1,85,1,0
BRDA:1,85,2,0
BRDA:1,86,0,0
BRDA:1,86,1,0
BRDA:1,87,0,0
BRDA:1,87,1,0
BRDA:1,88,0,0
BRDA:1,88,1,0
BRDA:1,88,2,0
BRDA:1,89,0,0
BRDA:1,89,1,0
BRDA:1,89,2,0
BRDA:1,90,0,0
BRDA:1,90,1,0
BRDA:1,90,2,0
BRDA:1,90,3,0
BRDA:1,91,0,0
BRDA:1,91,1,0
BRDA:1,91,2,0
BRDA:1,91,3,0
BRDA:1,91,4,0
BRDA:1,91,5,0
BRDA:1,92,0,0
BRDA:1,92,1,0
BRDA:1,93,0,0
BRDA:1,93,1,0
BRDA:1,94,0,0
BRDA:1,94,1,0
BRDA:1,95,0,0
BRDA:1,95,1,0
BRDA:1,96,0,0
BRDA:1,96,1,0
BRDA:1,97,0,0
BRDA:1,97,1,0
BRDA:1,98,0,0
BRDA:1,98,1,0
BRDA:1,99,0,0
BRDA:1,99,1,0
BRDA:1,100,0,0
BRDA:1,100,1,0
BRDA:1,101,0,0
BRDA:1,101,1,0
BRDA:1,102,0,0
BRDA:1,102,1,0
BRDA:1,102,2,0
BRDA:1,103,0,0
BRDA:1,103,1,0
BRDA:1,104,0,0
BRDA:1,104,1,0
BRDA:1,105,0,0
BRDA:1,105,1,0
BRDA:1,106,0,0
BRDA:1,106,1,0
BRDA:1,107,0,0
BRDA:1,107,1,0
BRDA:1,108,0,0
BRDA:1,108,1,0
BRDA:1,109,0,0
BRDA:1,109,1,0
BRDA:1,110,0,0
BRDA:1,110,1,0
BRDA:1,111,0,0
BRDA:1,111,1,0
BRDA:1,112,0,0
BRDA:1,112,1,0
BRDA:1,113,0,0
BRDA:1,113,1,0
BRDA:1,114,0,0
BRDA:1,114,1,0
BRDA:1,115,0,0
BRDA:1,115,1,0
BRDA:1,116,0,0
BRDA:1,116,1,0
BRDA:1,117,0,0
BRDA:1,117,1,0
BRDA:1,118,0,0
BRDA:1,118,1,0
BRDA:1,119,0,0
BRDA:1,119,1,0
BRDA:1,120,0,0
BRDA:1,120,1,0
BRDA:1,121,0,0
BRDA:1,121,1,0
BRDA:1,122,0,0
BRDA:1,122,1,0
BRDA:1,123,0,0
BRDA:1,123,1,0
BRDA:1,124,0,0
BRDA:1,124,1,0
BRDA:1,125,0,0
BRDA:1,125,1,0
BRDA:1,126,0,0
BRDA:1,126,1,0
BRDA:1,127,0,0
BRDA:1,127,1,0
BRDA:1,128,0,0
BRDA:1,128,1,0
BRDA:1,129,0,0
BRDA:1,129,1,0
BRDA:1,130,0,0
BRDA:1,130,1,0
BRDA:1,130,2,0
BRDA:1,131,0,0
BRDA:1,131,1,0
BRDA:1,131,2,0
BRDA:1,132,0,0
BRDA:1,132,1,0
BRDA:1,133,0,0
BRDA:1,133,1,0
BRDA:1,134,0,0
BRDA:1,134,1,0
BRDA:1,135,0,0
BRDA:1,135,1,0
BRDA:1,136,0,0
BRDA:1,136,1,0
BRDA:1,137,0,0
BRDA:1,137,1,0
BRDA:1,138,0,0
BRDA:1,138,1,0
BRDA:1,139,0,0
BRDA:1,139,1,0
BRDA:1,140,0,0
BRDA:1,140,1,0
BRDA:1,141,0,0
BRDA:1,141,1,0
BRDA:1,142,0,0
BRDA:1,142,1,0
BRDA:1,143,0,0
BRDA:1,143,1,0
BRDA:1,144,0,0
BRDA:1,144,1,0
BRDA:1,145,0,0
BRDA:1,145,1,0
BRDA:1,146,0,0
BRDA:1,146,1,0
BRDA:1,147,0,0
BRDA:1,147,1,0
BRDA:1,148,0,0
BRDA:1,148,1,0
BRDA:1,149,0,0
BRDA:1,149,1,0
BRDA:1,150,0,0
BRDA:1,150,1,0
BRDA:1,151,0,0
BRDA:1,151,1,0
BRDA:1,152,0,0
BRDA:1,152,1,0
BRDA:1,153,0,0
BRDA:1,153,1,0
BRDA:1,154,0,0
BRDA:1,154,1,0
BRDA:1,155,0,0
BRDA:1,155,1,0
BRDA:1,156,0,0
BRDA:1,156,1,0
BRDA:1,157,0,0
BRDA:1,157,1,0
BRDA:1,158,0,0
BRDA:1,158,1,0
BRDA:1,159,0,0
BRDA:1,159,1,0
BRDA:1,160,0,0
BRDA:1,160,1,0
BRDA:1,161,0,0
BRDA:1,161,1,0
BRDA:1,162,0,0
BRDA:1,162,1,0
BRDA:1,163,0,0
BRDA:1,163,1,0
BRDA:1,164,0,0
BRDA:1,164,1,0
BRDA:1,164,2,0
BRDA:1,165,0,0
BRDA:1,165,1,0
BRDA:1,166,0,0
BRDA:1,166,1,0
BRDA:1,167,0,0
BRDA:1,167,1,0
BRDA:1,168,0,0
BRDA:1,168,1,0
BRDA:1,169,0,0
BRDA:1,169,1,0
BRDA:1,170,0,0
BRDA:1,170,1,0
BRDA:1,171,0,0
BRDA:1,171,1,0
BRDA:1,172,0,0
BRDA:1,172,1,0
BRDA:1,173,0,0
BRDA:1,173,1,0
BRDA:1,174,0,0
BRDA:1,174,1,0
BRDA:1,175,0,0
BRDA:1,175,1,0
BRDA:1,176,0,0
BRDA:1,176,1,0
BRDA:1,177,0,0
BRDA:1,177,1,0
BRDA:1,178,0,0
BRDA:1,178,1,0
BRDA:1,179,0,0
BRDA:1,179,1,0
BRDA:1,180,0,0
BRDA:1,180,1,0
BRDA:1,181,0,0
BRDA:1,181,1,0
BRDA:1,182,0,0
BRDA:1,182,1,0
BRDA:1,183,0,0
BRDA:1,183,1,0
BRDA:1,184,0,0
BRDA:1,184,1,0
BRDA:1,185,0,0
BRDA:1,185,1,0
BRDA:1,186,0,0
BRDA:1,186,1,0
BRDA:1,186,2,0
BRDA:1,186,3,0
BRDA:1,186,4,0
BRDA:1,186,5,0
BRDA:1,187,0,0
BRDA:1,187,1,0
BRDA:1,187,2,0
BRDA:1,188,0,0
BRDA:1,188,1,0
BRDA:1,189,0,0
BRDA:1,189,1,0
BRDA:1,189,2,0
BRDA:1,190,0,0
BRDA:1,190,1,0
BRDA:1,191,0,0
BRDA:1,191,1,0
BRDA:1,192,0,0
BRDA:1,192,1,0
BRDA:1,193,0,0
BRDA:1,193,1,0
BRDA:1,194,0,0
BRDA:1,194,1,0
BRDA:1,195,0,0
BRDA:1,195,1,0
BRDA:1,196,0,0
BRDA:1,196,1,0
BRDA:1,197,0,0
BRDA:1,197,1,0
BRDA:1,198,0,0
BRDA:1,198,1,0
BRDA:1,199,0,0
BRDA:1,199,1,0
BRDA:1,200,0,0
BRDA:1,200,1,0
BRDA:1,201,0,0
BRDA:1,201,1,0
BRDA:1,202,0,0
BRDA:1,202,1,0
BRDA:1,202,2,0
BRDA:1,203,0,0
BRDA:1,203,1,0
BRDA:1,204,0,0
BRDA:1,204,1,0
BRDA:1,205,0,0
BRDA:1,205,1,0
BRDA:1,206,0,0
BRDA:1,206,1,0
BRDA:1,206,2,0
BRDA:1,206,3,0
BRDA:1,206,4,0
BRDA:1,207,0,0
BRDA:1,207,1,0
BRDA:1,208,0,0
BRDA:1,208,1,0
BRDA:1,209,0,0
BRDA:1,209,1,0
BRDA:1,210,0,0
BRDA:1,210,1,0
BRDA:1,210,2,0
BRDA:1,210,3,0
BRDA:1,210,4,0
BRDA:1,210,5,0
BRDA:1,211,0,0
BRDA:1,211,1,0
BRDA:1,211,2,0
BRDA:1,211,3,0
BRDA:1,211,4,0
BRDA:1,211,5,0
BRDA:1,212,0,0
BRDA:1,212,1,0
BRDA:1,213,0,0
BRDA:1,213,1,0
BRDA:1,213,2,0
BRDA:1,214,0,0
BRDA:1,214,1,0
BRDA:1,215,0,0
BRDA:1,215,1,0
BRDA:1,216,0,0
BRDA:1,216,1,0
BRDA:1,217,0,0
BRDA:1,217,1,0
BRDA:1,218,0,0
BRDA:1,218,1,0
BRDA:1,219,0,0
BRDA:1,219,1,0
BRDA:1,220,0,0
BRDA:1,220,1,0
BRDA:1,221,0,0
BRDA:1,221,1,0
BRDA:1,222,0,0
BRDA:1,222,1,0
BRDA:1,223,0,0
BRDA:1,223,1,0
BRDA:1,224,0,0
BRDA:1,224,1,0
BRDA:1,225,0,0
BRDA:1,225,1,0
BRDA:1,225,2,0
BRDA:1,226,0,0
BRDA:1,226,1,0
BRDA:1,227,0,0
BRDA:1,227,1,0
BRDA:1,228,0,0
BRDA:1,228,1,0
BRDA:1,229,0,0
BRDA:1,229,1,0
BRDA:1,230,0,0
BRDA:1,230,1,0
BRDA:1,231,0,0
BRDA:1,231,1,0
BRDA:1,232,0,0
BRDA:1,232,1,0
BRDA:1,233,0,0
BRDA:1,233,1,0
BRDA:1,234,0,0
BRDA:1,234,1,0
BRDA:1,235,0,0
BRDA:1,235,1,0
BRDA:1,236,0,0
BRDA:1,236,1,0
BRDA:1,237,0,0
BRDA:1,237,1,0
BRDA:1,238,0,0
BRDA:1,238,1,0
BRDA:1,238,2,0
BRDA:1,239,0,0
BRDA:1,239,1,0
BRDA:1,239,2,0
BRDA:1,240,0,0
BRDA:1,240,1,0
BRDA:1,241,0,0
BRDA:1,241,1,0
BRDA:1,242,0,0
BRDA:1,242,1,0
BRDA:1,243,0,0
BRDA:1,243,1,0
BRDA:1,244,0,0
BRDA:1,244,1,0
BRDA:1,245,0,0
BRDA:1,245,1,0
BRDA:1,246,0,0
BRDA:1,246,1,0
BRDA:1,247,0,0
BRDA:1,247,1,0
BRDA:1,248,0,0
BRDA:1,248,1,0
BRDA:1,249,0,0
BRDA:1,249,1,0
BRDA:1,249,2,0
BRDA:1,250,0,0
BRDA:1,250,1,0
BRDA:1,251,0,0
BRDA:1,251,1,0
BRDA:1,252,0,0
BRDA:1,252,1,0
BRDA:1,253,0,0
BRDA:1,253,1,0
BRDA:1,254,0,0
BRDA:1,254,1,0
BRDA:1,255,0,0
BRDA:1,255,1,0
BRDA:1,256,0,0
BRDA:1,256,1,0
BRDA:1,257,0,0
BRDA:1,257,1,0
BRDA:1,257,2,0
BRDA:1,258,0,0
BRDA:1,258,1,0
BRDA:1,259,0,0
BRDA:1,259,1,0
BRDA:1,260,0,0
BRDA:1,260,1,0
BRDA:1,261,0,0
BRDA:1,261,1,0
BRDA:1,262,0,0
BRDA:1,262,1,0
BRDA:1,263,0,0
BRDA:1,263,1,0
BRDA:1,264,0,0
BRDA:1,264,1,0
BRDA:1,265,0,0
BRDA:1,265,1,0
BRDA:1,266,0,0
BRDA:1,266,1,0
BRDA:1,267,0,0
BRDA:1,267,1,0
BRDA:1,268,0,0
BRDA:1,268,1,0
BRDA:1,269,0,0
BRDA:1,269,1,0
BRDA:1,270,0,0
BRDA:1,270,1,0
BRDA:1,270,2,0
BRDA:1,270,3,0
BRDA:1,270,4,0
BRDA:1,271,0,0
BRDA:1,271,1,0
BRDA:1,272,0,0
BRDA:1,272,1,0
BRDA:1,273,0,0
BRDA:1,273,1,0
BRDA:1,274,0,0
BRDA:1,274,1,0
BRDA:1,275,0,0
BRDA:1,275,1,0
BRDA:1,275,2,0
BRDA:1,275,3,0
BRDA:1,276,0,0
BRDA:1,276,1,0
BRDA:1,277,0,0
BRDA:1,277,1,0
BRDA:1,278,0,0
BRDA:1,278,1,0
BRDA:1,279,0,0
BRDA:1,279,1,0
BRDA:1,280,0,0
BRDA:1,280,1,0
BRDA:1,281,0,0
BRDA:1,281,1,0
BRDA:1,282,0,0
BRDA:1,282,1,0
BRDA:1,283,0,0
BRDA:1,283,1,0
BRDA:1,284,0,0
BRDA:1,284,1,0
BRDA:1,285,0,0
BRDA:1,285,1,0
BRDA:1,286,0,0
BRDA:1,286,1,0
BRDA:1,287,0,0
BRDA:1,287,1,0
BRDA:1,288,0,0
BRDA:1,288,1,0
BRDA:1,289,0,0
BRDA:1,289,1,0
BRDA:1,289,2,0
BRDA:1,290,0,0
BRDA:1,290,1,0
BRDA:1,290,2,0
BRDA:1,291,0,0
BRDA:1,291,1,0
BRDA:1,292,0,0
BRDA:1,292,1,0
BRDA:1,293,0,0
BRDA:1,293,1,0
BRDA:1,294,0,0
BRDA:1,294,1,0
BRDA:1,295,0,0
BRDA:1,295,1,0
BRDA:1,296,0,0
BRDA:1,296,1,0
BRDA:1,297,0,0
BRDA:1,297,1,0
BRDA:1,298,0,0
BRDA:1,298,1,0
BRDA:1,299,0,0
BRDA:1,299,1,0
BRDA:1,299,2,0
BRDA:1,300,0,0
BRDA:1,300,1,0
BRDA:1,301,0,0
BRDA:1,301,1,0
BRDA:1,302,0,0
BRDA:1,302,1,0
BRDA:1,303,0,0
BRDA:1,303,1,0
BRDA:1,304,0,0
BRDA:1,304,1,0
BRDA:1,304,2,0
BRDA:1,304,3,0
BRDA:1,305,0,0
BRDA:1,305,1,0
BRDA:1,306,0,0
BRDA:1,306,1,0
BRDA:1,307,0,0
BRDA:1,307,1,0
BRDA:1,307,2,0
BRDA:1,308,0,0
BRDA:1,308,1,0
BRDA:1,309,0,0
BRDA:1,309,1,0
BRDA:1,310,0,0
BRDA:1,310,1,0
BRDA:1,311,0,0
BRDA:1,311,1,0
BRDA:1,311,2,0
BRDA:1,312,0,0
BRDA:1,312,1,0
BRDA:1,313,0,0
BRDA:1,313,1,0
BRDA:1,314,0,0
BRDA:1,314,1,0
BRDA:1,314,2,0
BRDA:1,315,0,0
BRDA:1,315,1,0
BRDA:1,316,0,0
BRDA:1,316,1,0
BRDA:1,317,0,0
BRDA:1,317,1,0
BRDA:1,318,0,0
BRDA:1,318,1,0
BRDA:1,319,0,0
BRDA:1,319,1,0
BRDA:1,319,2,0
BRDA:1,319,3,0
BRDA:1,319,4,0
BRDA:1,320,0,0
BRDA:1,320,1,0
BRDA:1,321,0,0
BRDA:1,321,1,0
BRDA:1,322,0,0
BRDA:1,322,1,0
BRDA:1,323,0,0
BRDA:1,323,1,0
BRDA:1,324,0,0
BRDA:1,324,1,0
BRDA:1,325,0,0
BRDA:1,325,1,0
BRDA:1,326,0,0
BRDA:1,326,1,0
BRDA:1,326,2,0
BRDA:1,327,0,0
BRDA:1,327,1,0
BRDA:1,328,0,0
BRDA:1,328,1,0
BRDA:1,329,0,0
BRDA:1,329,1,0
BRDA:1,330,0,0
BRDA:1,330,1,0
BRDA:1,331,0,0
BRDA:1,331,1,0
BRDA:1,332,0,0
BRDA:1,332,1,0
BRDA:1,333,0,0
BRDA:1,333,1,0
BRDA:1,333,2,0
BRDA:1,333,3,0
BRDA:1,333,4,0
BRDA:1,334,0,0
BRDA:1,334,1,0
BRDA:1,335,0,0
BRDA:1,335,1,0
BRDA:1,336,0,0
BRDA:1,336,1,0
BRDA:1,337,0,0
BRDA:1,337,1,0
BRDA:1,338,0,0
BRDA:1,338,1,0
BRDA:1,339,0,0
BRDA:1,339,1,0
BRDA:1,340,0,0
BRDA:1,340,1,0
BRDA:1,341,0,0
BRDA:1,341,1,0
BRDA:1,342,0,0
BRDA:1,342,1,0
BRDA:1,343,0,0
BRDA:1,343,1,0
BRDA:1,344,0,0
BRDA:1,344,1,0
BRDA:1,345,0,0
BRDA:1,345,1,0
BRDA:1,345,2,0
BRDA:1,346,0,0
BRDA:1,346,1,0
BRDA:1,347,0,0
BRDA:1,347,1,0
BRDA:1,347,2,0
BRDA:1,348,0,0
BRDA:1,348,1,0
BRDA:1,349,0,0
BRDA:1,349,1,0
BRDA:1,350,0,0
BRDA:1,350,1,0
BRDA:1,351,0,0
BRDA:1,351,1,0
BRDA:1,352,0,0
BRDA:1,352,1,0
BRDA:1,353,0,0
BRDA:1,353,1,0
BRDA:1,354,0,0
BRDA:1,354,1,0
BRDA:1,355,0,0
BRDA:1,355,1,0
BRDA:1,356,0,0
BRDA:1,356,1,0
BRDA:1,357,0,0
BRDA:1,357,1,0
BRDA:1,358,0,0
BRDA:1,358,1,0
BRDA:1,358,2,0
BRDA:1,359,0,0
BRDA:1,359,1,0
BRDA:1,359,2,0
BRDA:1,360,0,0
BRDA:1,360,1,0
BRDA:1,361,0,0
BRDA:1,361,1,0
BRDA:1,362,0,0
BRDA:1,362,1,0
BRDA:1,362,2,0
BRDA:1,363,0,0
BRDA:1,363,1,0
BRDA:1,364,0,0
BRDA:1,364,1,0
BRDA:1,365,0,0
BRDA:1,365,1,0
BRDA:1,366,0,0
BRDA:1,366,1,0
BRDA:1,367,0,0
BRDA:1,367,1,0
BRDA:1,368,0,0
BRDA:1,368,1,0
BRDA:1,369,0,0
BRDA:1,369,1,0
BRDA:1,370,0,0
BRDA:1,370,1,0
BRDA:1,371,0,0
BRDA:1,371,1,0
BRDA:1,372,0,0
BRDA:1,372,1,0
BRDA:1,373,0,0
BRDA:1,373,1,0
BRDA:1,374,0,0
BRDA:1,374,1,0
BRDA:1,375,0,0
BRDA:1,375,1,0
BRDA:1,376,0,0
BRDA:1,376,1,0
BRDA:1,377,0,0
BRDA:1,377,1,0
BRDA:1,378,0,0
BRDA:1,378,1,0
BRDA:1,379,0,0
BRDA:1,379,1,0
BRDA:1,380,0,0
BRDA:1,380,1,0
BRDA:1,381,0,0
BRDA:1,381,1,0
BRDA:1,382,0,0
BRDA:1,382,1,0
BRDA:1,383,0,0
BRDA:1,383,1,0
BRDA:1,384,0,0
BRDA:1,384,1,0
BRDA:1,385,0,0
BRDA:1,385,1,0
BRDA:1,386,0,0
BRDA:1,386,1,0
BRDA:1,387,0,0
BRDA:1,387,1,0
BRDA:1,388,0,0
BRDA:1,388,1,0
BRDA:1,389,0,0
BRDA:1,389,1,0
BRDA:1,389,2,0
BRDA:1,390,0,0
BRDA:1,390,1,0
BRDA:1,390,2,0
BRDA:1,391,0,0
BRDA:1,391,1,0
BRDA:1,392,0,0
BRDA:1,392,1,0
BRDA:1,393,0,0
BRDA:1,393,1,0
BRDA:1,394,0,0
BRDA:1,394,1,0
BRDA:1,395,0,0
BRDA:1,395,1,0
BRDA:1,396,0,0
BRDA:1,396,1,0
BRDA:1,397,0,0
BRDA:1,397,1,0
BRDA:1,398,0,0
BRDA:1,398,1,0
BRDA:1,399,0,0
BRDA:1,399,1,0
BRDA:1,400,0,0
BRDA:1,400,1,0
BRDA:1,401,0,0
BRDA:1,401,1,0
BRDA:1,402,0,0
BRDA:1,402,1,0
BRDA:1,403,0,0
BRDA:1,403,1,0
BRDA:1,404,0,0
BRDA:1,404,1,0
BRDA:1,405,0,0
BRDA:1,405,1,0
BRDA:1,406,0,0
BRDA:1,406,1,0
BRDA:1,406,2,0
BRDA:1,407,0,0
BRDA:1,407,1,0
BRDA:1,407,2,0
BRDA:1,408,0,0
BRDA:1,408,1,0
BRDA:1,409,0,0
BRDA:1,409,1,0
BRDA:1,410,0,0
BRDA:1,410,1,0
BRDA:1,410,2,0
BRDA:1,411,0,0
BRDA:1,411,1,0
BRDA:1,412,0,0
BRDA:1,412,1,0
BRDA:1,413,0,0
BRDA:1,413,1,0
BRDA:1,414,0,0
BRDA:1,414,1,0
BRDA:1,415,0,0
BRDA:1,415,1,0
BRDA:1,416,0,0
BRDA:1,416,1,0
BRDA:1,417,0,0
BRDA:1,417,1,0
BRDA:1,418,0,0
BRDA:1,418,1,0
BRDA:1,419,0,0
BRDA:1,419,1,0
BRDA:1,420,0,0
BRDA:1,420,1,0
BRDA:1,421,0,0
BRDA:1,421,1,0
BRDA:1,422,0,0
BRDA:1,422,1,0
BRDA:1,423,0,0
BRDA:1,423,1,0
BRDA:1,424,0,0
BRDA:1,424,1,0
BRDA:1,425,0,0
BRDA:1,425,1,0
BRDA:1,426,0,0
BRDA:1,426,1,0
BRDA:1,427,0,0
BRDA:1,427,1,0
BRDA:1,427,2,0
BRDA:1,428,0,0
BRDA:1,428,1,0
BRDA:1,428,2,0
BRDA:1,429,0,0
BRDA:1,429,1,0
BRDA:1,430,0,0
BRDA:1,430,1,0
BRDA:1,431,0,0
BRDA:1,431,1,0
BRDA:1,432,0,0
BRDA:1,432,1,0
BRDA:1,433,0,0
BRDA:1,433,1,0
BRDA:1,434,0,0
BRDA:1,434,1,0
BRDA:1,435,0,0
BRDA:1,435,1,0
BRDA:1,436,0,0
BRDA:1,436,1,0
BRDA:1,437,0,0
BRDA:1,437,1,0
BRDA:1,437,2,0
BRDA:1,438,0,0
BRDA:1,438,1,0
BRDA:1,439,0,0
BRDA:1,439,1,0
BRDA:1,440,0,0
BRDA:1,440,1,0
BRDA:1,440,2,0
BRDA:1,441,0,0
BRDA:1,441,1,0
BRDA:1,442,0,0
BRDA:1,442,1,0
BRDA:1,443,0,0
BRDA:1,443,1,0
BRDA:1,443,2,0
BRDA:1,444,0,0
BRDA:1,444,1,0
BRDA:1,445,0,0
BRDA:1,445,1,0
BRDA:1,446,0,0
BRDA:1,446,1,0
BRDA:1,447,0,0
BRDA:1,447,1,0
BRDA:1,448,0,0
BRDA:1,448,1,0
BRDA:1,449,0,0
BRDA:1,449,1,0
BRDA:1,449,2,0
BRDA:1,450,0,0
BRDA:1,450,1,0
BRDA:1,451,0,0
BRDA:1,451,1,0
BRDA:1,452,0,0
BRDA:1,452,1,0
BRDA:1,453,0,0
BRDA:1,453,1,0
BRDA:1,454,0,0
BRDA:1,454,1,0
BRDA:1,455,0,0
BRDA:1,455,1,0
BRDA:1,456,0,0
BRDA:1,456,1,0
BRDA:1,457,0,0
BRDA:1,457,1,0
BRDA:1,457,2,0
BRF:1015
BRH:0
end_of_record
TN:
SF:/Users/davidcallizaya/Netbeans/jdd-pandemia/src/index.js
FN:4,(anonymous_0)
FNF:1
FNH:0
FNDA:0,(anonymous_0)
DA:3,0
DA:4,0
DA:6,0
LF:3
LH:0
BRF:0
BRH:0
end_of_record
TN:
SF:/Users/davidcallizaya/Netbeans/jdd-pandemia/src/main.js
FN:22,(anonymous_0)
FNF:1
FNH:0
FNDA:0,(anonymous_0)
DA:8,0
DA:9,0
DA:10,0
DA:12,0
DA:18,0
DA:20,0
DA:22,0
LF:7
LH:0
BRF:0
BRH:0
end_of_record
TN:
SF:/Users/davidcallizaya/Netbeans/jdd-pandemia/src/mocks.js
FN:4,(anonymous_0)
FN:9,(anonymous_1)
FN:14,(anonymous_2)
FN:17,(anonymous_3)
FN:19,(anonymous_4)
FN:24,(anonymous_5)
FN:27,(anonymous_6)
FN:32,(anonymous_7)
FN:38,(anonymous_8)
FN:47,(anonymous_9)
FN:48,(anonymous_10)
FNF:11
FNH:0
FNDA:0,(anonymous_0)
FNDA:0,(anonymous_1)
FNDA:0,(anonymous_2)
FNDA:0,(anonymous_3)
FNDA:0,(anonymous_4)
FNDA:0,(anonymous_5)
FNDA:0,(anonymous_6)
FNDA:0,(anonymous_7)
FNDA:0,(anonymous_8)
FNDA:0,(anonymous_9)
FNDA:0,(anonymous_10)
DA:1,0
DA:5,0
DA:6,0
DA:7,0
DA:10,0
DA:11,0
DA:12,0
DA:15,0
DA:18,0
DA:19,0
DA:20,0
DA:21,0
DA:22,0
DA:25,0
DA:28,0
DA:31,0
DA:33,0
DA:34,0
DA:36,0
DA:39,0
DA:40,0
DA:42,0
DA:48,0
DA:50,0
DA:51,0
DA:53,0
DA:55,0
LF:27
LH:0
BRDA:20,0,0,0
BRDA:20,0,1,0
BRDA:33,1,0,0
BRDA:33,1,1,0
BRDA:39,2,0,0
BRDA:39,2,1,0
BRDA:50,3,0,0
BRDA:50,3,1,0
BRF:8
BRH:0
end_of_record
TN:
SF:/Users/davidcallizaya/Netbeans/jdd-pandemia/src/components/mixins/ActionSelectors.js
FN:4,(anonymous_0)
FN:9,(anonymous_1)
FN:13,(anonymous_2)
FNF:3
FNH:0
FNDA:0,(anonymous_0)
FNDA:0,(anonymous_1)
FNDA:0,(anonymous_2)
DA:3,0
DA:5,0
DA:6,0
DA:7,0
DA:10,0
DA:11,0
DA:14,0
LF:7
LH:0
BRDA:4,0,0,0
BRF:1
BRH:0
end_of_record
TN:
SF:/Users/davidcallizaya/Netbeans/jdd-pandemia/src/components/mixins/Actions.js
FN:7,(anonymous_0)
FN:10,(anonymous_1)
FN:15,(anonymous_2)
FN:18,(anonymous_3)
FN:22,(anonymous_4)
FN:29,(anonymous_5)
FN:36,(anonymous_6)
FN:38,(anonymous_7)
FN:54,(anonymous_8)
FN:65,(anonymous_9)
FN:94,(anonymous_10)
FNF:11
FNH:0
FNDA:0,(anonymous_0)
FNDA:0,(anonymous_1)
FNDA:0,(anonymous_2)
FNDA:0,(anonymous_3)
FNDA:0,(anonymous_4)
FNDA:0,(anonymous_5)
FNDA:0,(anonymous_6)
FNDA:0,(anonymous_7)
FNDA:0,(anonymous_8)
FNDA:0,(anonymous_9)
FNDA:0,(anonymous_10)
DA:3,0
DA:6,0
DA:8,0
DA:11,0
DA:14,0
DA:16,0
DA:21,0
DA:28,0
DA:29,0
DA:30,0
DA:31,0
DA:32,0
DA:37,0
DA:38,0
DA:40,0
DA:41,0
DA:42,0
DA:43,0
DA:44,0
DA:55,0
DA:56,0
DA:57,0
DA:58,0
DA:59,0
DA:60,0
DA:61,0
DA:62,0
DA:63,0
DA:64,0
DA:65,0
DA:66,0
DA:67,0
DA:68,0
DA:69,0
DA:70,0
DA:74,0
DA:75,0
DA:76,0
DA:78,0
DA:79,0
DA:80,0
DA:81,0
DA:83,0
DA:84,0
DA:85,0
DA:86,0
DA:87,0
DA:88,0
DA:89,0
DA:90,0
DA:95,0
LF:51
LH:0
BRDA:24,0,0,0
BRDA:25,1,0,0
BRDA:26,2,0,0
BRDA:31,3,0,0
BRDA:31,3,1,0
BRDA:36,4,0,0
BRDA:36,5,0,0
BRDA:38,6,0,0
BRDA:38,6,1,0
BRDA:40,7,0,0
BRDA:40,7,1,0
BRDA:43,8,0,0
BRDA:43,8,1,0
BRDA:54,9,0,0
BRDA:54,10,0,0
BRDA:67,11,0,0
BRDA:67,11,1,0
BRDA:68,12,0,0
BRDA:68,12,1,0
BRDA:74,13,0,0
BRDA:74,13,1,0
BRDA:75,14,0,0
BRDA:75,14,1,0
BRF:23
BRH:0
end_of_record
TN:
SF:/Users/davidcallizaya/Netbeans/jdd-pandemia/src/components/mixins/actionFeature.js
FN:1,(anonymous_0)
FN:10,(anonymous_1)
FN:12,(anonymous_2)
FNF:3
FNH:0
FNDA:0,(anonymous_0)
FNDA:0,(anonymous_1)
FNDA:0,(anonymous_2)
DA:2,0
DA:3,0
DA:4,0
DA:5,0
DA:6,0
DA:7,0
DA:9,0
DA:10,0
DA:11,0
DA:12,0
DA:13,0
DA:19,0
LF:12
LH:0
BRDA:1,0,0,0
BRDA:16,1,0,0
BRDA:16,1,1,0
BRF:3
BRH:0
end_of_record
TN:
SF:/Users/davidcallizaya/Netbeans/jdd-pandemia/src/components/mixins/sample.js
FN:3,(anonymous_0)
FN:9,(anonymous_1)
FN:17,(anonymous_2)
FN:18,(anonymous_3)
FN:19,(anonymous_4)
FN:20,(anonymous_5)
FN:29,(anonymous_6)
FN:39,(anonymous_7)
FN:49,(anonymous_8)
FN:59,(anonymous_9)
FN:69,(anonymous_10)
FN:75,(anonymous_11)
FN:82,(anonymous_12)
FN:88,(anonymous_13)
FN:97,(anonymous_14)
FN:103,(anonymous_15)
FN:108,(anonymous_16)
FN:109,(anonymous_17)
FN:118,(anonymous_18)
FNF:19
FNH:0
FNDA:0,(anonymous_0)
FNDA:0,(anonymous_1)
FNDA:0,(anonymous_2)
FNDA:0,(anonymous_3)
FNDA:0,(anonymous_4)
FNDA:0,(anonymous_5)
FNDA:0,(anonymous_6)
FNDA:0,(anonymous_7)
FNDA:0,(anonymous_8)
FNDA:0,(anonymous_9)
FNDA:0,(anonymous_10)
FNDA:0,(anonymous_11)
FNDA:0,(anonymous_12)
FNDA:0,(anonymous_13)
FNDA:0,(anonymous_14)
FNDA:0,(anonymous_15)
FNDA:0,(anonymous_16)
FNDA:0,(anonymous_17)
FNDA:0,(anonymous_18)
DA:4,0
DA:10,0
DA:21,0
DA:30,0
DA:31,0
DA:32,0
DA:36,0
DA:40,0
DA:50,0
DA:51,0
DA:52,0
DA:56,0
DA:60,0
DA:61,0
DA:70,0
DA:71,0
DA:72,0
DA:76,0
DA:77,0
DA:83,0
DA:84,0
DA:85,0
DA:89,0
DA:98,0
DA:104,0
DA:109,0
DA:110,0
DA:111,0
DA:112,0
DA:114,0
DA:119,0
DA:122,0
DA:123,0
LF:33
LH:0
BRDA:20,0,0,0
BRDA:39,1,0,0
BRDA:59,2,0,0
BRDA:75,3,0,0
BRDA:111,4,0,0
BRDA:111,4,1,0
BRDA:119,5,0,0
BRDA:119,5,1,0
BRDA:119,5,2,0
BRDA:119,5,3,0
BRDA:122,6,0,0
BRDA:122,6,1,0
BRF:12
BRH:0
end_of_record
